Log file open, 05/04/18 15:45:43
LogWindows: Failed to load 'aqProf.dll' (GetLastError=126)
LogWindows: File 'aqProf.dll' does not exist
LogWindows: Failed to load 'VtuneApi.dll' (GetLastError=126)
LogWindows: File 'VtuneApi.dll' does not exist
LogWindows: Failed to load 'VtuneApi32e.dll' (GetLastError=126)
LogWindows: File 'VtuneApi32e.dll' does not exist
LogInit: Display: Running engine for game: UE4_Day4Project
LogPlatformFile: Not using cached read wrapper
LogInit: Display: RandInit(-375025212) SRandInit(-375025212).
LogInit: Read version file with build ID '3944462'
LogInit: Overriding engine version to CL 3989454, compatible CL 3944462
LogInit: Registered custom module enumerator with build ID '3944462'
LogTaskGraph: Started task graph with 5 named threads and 14 total threads with 3 sets of task threads.
LogStats: Stats thread started at 0.188198
LogD3D11RHI: Aftermath initialized
LogICUInternationalization: Display: ICU TimeZone Detection - Raw Offset: +9:00, Platform Override: ''
LogModuleManager: Display: Found up-to-date module file ../../../Engine/Plugins/2D/Paper2D/Binaries/Win64/UE4Editor-Paper2D.dll (API version 3944462).
LogModuleManager: Display: Found up-to-date module file ../../../Engine/Plugins/2D/Paper2D/Binaries/Win64/UE4Editor-Paper2DEditor.dll (API version 3944462).
LogModuleManager: Display: Found up-to-date module file ../../../Engine/Plugins/2D/Paper2D/Binaries/Win64/UE4Editor-PaperSpriteSheetImporter.dll (API version 3944462).
LogModuleManager: Display: Found up-to-date module file ../../../Engine/Plugins/2D/Paper2D/Binaries/Win64/UE4Editor-PaperTiledImporter.dll (API version 3944462).
LogModuleManager: Display: Found up-to-date module file ../../../Engine/Plugins/2D/Paper2D/Binaries/Win64/UE4Editor-SmartSnapping.dll (API version 3944462).
LogModuleManager: Display: Found up-to-date module file ../../../Engine/Plugins/Blendables/LightPropagationVolume/Binaries/Win64/UE4Editor-LightPropagationVolumeRuntime.dll (API version 3944462).
LogModuleManager: Display: Found up-to-date module file ../../../Engine/Plugins/Blendables/LightPropagationVolume/Binaries/Win64/UE4Editor-LightPropagationVolumeEditor.dll (API version 3944462).
LogModuleManager: Display: Found up-to-date module file ../../../Engine/Plugins/Developer/CLionSourceCodeAccess/Binaries/Win64/UE4Editor-CLionSourceCodeAccess.dll (API version 3944462).
LogModuleManager: Display: Found up-to-date module file ../../../Engine/Plugins/Developer/GitSourceControl/Binaries/Win64/UE4Editor-GitSourceControl.dll (API version 3944462).
LogModuleManager: Display: Found up-to-date module file ../../../Engine/Plugins/Developer/PerforceSourceControl/Binaries/Win64/UE4Editor-PerforceSourceControl.dll (API version 3944462).
LogModuleManager: Display: Found up-to-date module file ../../../Engine/Plugins/Developer/SubversionSourceControl/Binaries/Win64/UE4Editor-SubversionSourceControl.dll (API version 3944462).
LogModuleManager: Display: Found up-to-date module file ../../../Engine/Plugins/Developer/UObjectPlugin/Binaries/Win64/UE4Editor-UObjectPlugin.dll (API version 3944462).
LogModuleManager: Display: Found up-to-date module file ../../../Engine/Plugins/Developer/VisualStudioCodeSourceCodeAccess/Binaries/Win64/UE4Editor-VisualStudioCodeSourceCodeAccess.dll (API version 3944462).
LogModuleManager: Display: Found up-to-date module file ../../../Engine/Plugins/Developer/VisualStudioSourceCodeAccess/Binaries/Win64/UE4Editor-VisualStudioSourceCodeAccess.dll (API version 3944462).
LogModuleManager: Display: Found up-to-date module file ../../../Engine/Plugins/Editor/AssetManagerEditor/Binaries/Win64/UE4Editor-AssetManagerEditor.dll (API version 3944462).
LogModuleManager: Display: Found up-to-date module file ../../../Engine/Plugins/Editor/CryptoKeys/Binaries/Win64/UE4Editor-CryptoKeys.dll (API version 3944462).
LogModuleManager: Display: Found up-to-date module file ../../../Engine/Plugins/Editor/CryptoKeys/Binaries/Win64/UE4Editor-CryptoKeysOpenSSL.dll (API version 3944462).
LogModuleManager: Display: Found up-to-date module file ../../../Engine/Plugins/Editor/DataValidation/Binaries/Win64/UE4Editor-DataValidation.dll (API version 3944462).
LogModuleManager: Display: Found up-to-date module file ../../../Engine/Plugins/Editor/FacialAnimation/Binaries/Win64/UE4Editor-FacialAnimation.dll (API version 3944462).
LogModuleManager: Display: Found up-to-date module file ../../../Engine/Plugins/Editor/FacialAnimation/Binaries/Win64/UE4Editor-FacialAnimationEditor.dll (API version 3944462).
LogModuleManager: Display: Found up-to-date module file ../../../Engine/Plugins/Editor/GameplayTagsEditor/Binaries/Win64/UE4Editor-GameplayTagsEditor.dll (API version 3944462).
LogModuleManager: Display: Found up-to-date module file ../../../Engine/Plugins/Editor/MobileLauncherProfileWizard/Binaries/Win64/UE4Editor-MobileLauncherProfileWizard.dll (API version 3944462).
LogModuleManager: Display: Found up-to-date module file ../../../Engine/Plugins/Editor/PluginBrowser/Binaries/Win64/UE4Editor-PluginBrowser.dll (API version 3944462).
LogModuleManager: Display: Found up-to-date module file ../../../Engine/Plugins/Editor/SpeedTreeImporter/Binaries/Win64/UE4Editor-SpeedTreeImporter.dll (API version 3944462).
LogModuleManager: Display: Found up-to-date module file ../../../Engine/Plugins/Enterprise/DatasmithContent/Binaries/Win64/UE4Editor-DatasmithContent.dll (API version 3944462).
LogModuleManager: Display: Found up-to-date module file ../../../Engine/Plugins/Experimental/AlembicImporter/Binaries/Win64/UE4Editor-AlembicImporter.dll (API version 3944462).
LogModuleManager: Display: Found up-to-date module file ../../../Engine/Plugins/Experimental/AlembicImporter/Binaries/Win64/UE4Editor-AlembicLibrary.dll (API version 3944462).
LogModuleManager: Display: Found up-to-date module file ../../../Engine/Plugins/Experimental/CharacterAI/Binaries/Win64/UE4Editor-CharacterAI.dll (API version 3944462).
LogModuleManager: Display: Found up-to-date module file ../../../Engine/Plugins/Experimental/HTML5Networking/Binaries/Win64/UE4Editor-HTML5Networking.dll (API version 3944462).
LogModuleManager: Display: Found up-to-date module file ../../../Engine/Plugins/Media/AndroidMedia/Binaries/Win64/UE4Editor-AndroidMediaEditor.dll (API version 3944462).
LogModuleManager: Display: Found up-to-date module file ../../../Engine/Plugins/Media/AndroidMedia/Binaries/Win64/UE4Editor-AndroidMediaFactory.dll (API version 3944462).
LogModuleManager: Display: Found up-to-date module file ../../../Engine/Plugins/Media/AvfMedia/Binaries/Win64/UE4Editor-AvfMediaEditor.dll (API version 3944462).
LogModuleManager: Display: Found up-to-date module file ../../../Engine/Plugins/Media/AvfMedia/Binaries/Win64/UE4Editor-AvfMediaFactory.dll (API version 3944462).
LogModuleManager: Display: Found up-to-date module file ../../../Engine/Plugins/Media/AvfMedia/Binaries/Win64/UE4Editor-AvfMediaFactory.dll (API version 3944462).
LogModuleManager: Display: Found up-to-date module file ../../../Engine/Plugins/Media/ImgMedia/Binaries/Win64/UE4Editor-ImgMedia.dll (API version 3944462).
LogModuleManager: Display: Found up-to-date module file ../../../Engine/Plugins/Media/ImgMedia/Binaries/Win64/UE4Editor-ImgMediaEditor.dll (API version 3944462).
LogModuleManager: Display: Found up-to-date module file ../../../Engine/Plugins/Media/ImgMedia/Binaries/Win64/UE4Editor-ImgMediaFactory.dll (API version 3944462).
LogModuleManager: Display: Found up-to-date module file ../../../Engine/Plugins/Media/ImgMedia/Binaries/Win64/UE4Editor-ImgMediaFactory.dll (API version 3944462).
LogModuleManager: Display: Found up-to-date module file ../../../Engine/Plugins/Media/ImgMedia/Binaries/Win64/UE4Editor-OpenExrWrapper.dll (API version 3944462).
LogModuleManager: Display: Found up-to-date module file ../../../Engine/Plugins/Media/LinearTimecode/Binaries/Win64/UE4Editor-LinearTimecode.dll (API version 3944462).
LogModuleManager: Display: Found up-to-date module file ../../../Engine/Plugins/Media/MediaCompositing/Binaries/Win64/UE4Editor-MediaCompositing.dll (API version 3944462).
LogModuleManager: Display: Found up-to-date module file ../../../Engine/Plugins/Media/MediaCompositing/Binaries/Win64/UE4Editor-MediaCompositingEditor.dll (API version 3944462).
LogModuleManager: Display: Found up-to-date module file ../../../Engine/Plugins/Media/MediaPlayerEditor/Binaries/Win64/UE4Editor-MediaPlayerEditor.dll (API version 3944462).
LogModuleManager: Display: Found up-to-date module file ../../../Engine/Plugins/Media/WmfMedia/Binaries/Win64/UE4Editor-WmfMedia.dll (API version 3944462).
LogModuleManager: Display: Found up-to-date module file ../../../Engine/Plugins/Media/WmfMedia/Binaries/Win64/UE4Editor-WmfMediaEditor.dll (API version 3944462).
LogModuleManager: Display: Found up-to-date module file ../../../Engine/Plugins/Media/WmfMedia/Binaries/Win64/UE4Editor-WmfMediaFactory.dll (API version 3944462).
LogModuleManager: Display: Found up-to-date module file ../../../Engine/Plugins/Media/WmfMedia/Binaries/Win64/UE4Editor-WmfMediaFactory.dll (API version 3944462).
LogModuleManager: Display: Found up-to-date module file ../../../Engine/Plugins/Messaging/TcpMessaging/Binaries/Win64/UE4Editor-TcpMessaging.dll (API version 3944462).
LogModuleManager: Display: Found up-to-date module file ../../../Engine/Plugins/Messaging/UdpMessaging/Binaries/Win64/UE4Editor-UdpMessaging.dll (API version 3944462).
LogModuleManager: Display: Found up-to-date module file ../../../Engine/Plugins/MovieScene/ActorSequence/Binaries/Win64/UE4Editor-ActorSequence.dll (API version 3944462).
LogModuleManager: Display: Found up-to-date module file ../../../Engine/Plugins/MovieScene/LevelSequenceEditor/Binaries/Win64/UE4Editor-LevelSequenceEditor.dll (API version 3944462).
LogModuleManager: Display: Found up-to-date module file ../../../Engine/Plugins/MovieScene/MatineeToLevelSequence/Binaries/Win64/UE4Editor-MatineeToLevelSequence.dll (API version 3944462).
LogModuleManager: Display: Found up-to-date module file ../../../Engine/Plugins/NetcodeUnitTest/NetcodeUnitTest/Binaries/Win64/UE4Editor-NetcodeUnitTest.dll (API version 3944462).
LogModuleManager: Display: Found up-to-date module file ../../../Engine/Plugins/NetcodeUnitTest/NUTUnrealEngine4/Binaries/Win64/UE4Editor-NUTUnrealEngine4.dll (API version 3944462).
LogModuleManager: Display: Found up-to-date module file ../../../Engine/Plugins/Online/OnlineSubsystem/Binaries/Win64/UE4Editor-OnlineSubsystem.dll (API version 3944462).
LogModuleManager: Display: Found up-to-date module file ../../../Engine/Plugins/Runtime/AndroidPermission/Binaries/Win64/UE4Editor-AndroidPermission.dll (API version 3944462).
LogModuleManager: Display: Found up-to-date module file ../../../Engine/Plugins/Online/OnlineSubsystemNull/Binaries/Win64/UE4Editor-OnlineSubsystemNull.dll (API version 3944462).
LogModuleManager: Display: Found up-to-date module file ../../../Engine/Plugins/Online/OnlineSubsystemUtils/Binaries/Win64/UE4Editor-OnlineSubsystemUtils.dll (API version 3944462).
LogModuleManager: Display: Found up-to-date module file ../../../Engine/Plugins/Online/OnlineSubsystemUtils/Binaries/Win64/UE4Editor-OnlineBlueprintSupport.dll (API version 3944462).
LogModuleManager: Display: Found up-to-date module file ../../../Engine/Plugins/Runtime/AndroidDeviceProfileSelector/Binaries/Win64/UE4Editor-AndroidDeviceProfileSelector.dll (API version 3944462).
LogModuleManager: Display: Found up-to-date module file ../../../Engine/Plugins/Runtime/AppleARKit/Binaries/Win64/UE4Editor-AppleARKit.dll (API version 3944462).
LogModuleManager: Display: Found up-to-date module file ../../../Engine/Plugins/Runtime/ProceduralMeshComponent/Binaries/Win64/UE4Editor-ProceduralMeshComponent.dll (API version 3944462).
LogModuleManager: Display: Found up-to-date module file ../../../Engine/Plugins/Runtime/ProceduralMeshComponent/Binaries/Win64/UE4Editor-ProceduralMeshComponentEditor.dll (API version 3944462).
LogModuleManager: Display: Found up-to-date module file ../../../Engine/Plugins/Animation/LiveLink/Binaries/Win64/UE4Editor-LiveLink.dll (API version 3944462).
LogModuleManager: Display: Found up-to-date module file ../../../Engine/Plugins/Animation/LiveLink/Binaries/Win64/UE4Editor-LiveLinkEditor.dll (API version 3944462).
LogModuleManager: Display: Found up-to-date module file ../../../Engine/Plugins/Runtime/ArchVisCharacter/Binaries/Win64/UE4Editor-ArchVisCharacter.dll (API version 3944462).
LogModuleManager: Display: Found up-to-date module file ../../../Engine/Plugins/Runtime/AudioCapture/Binaries/Win64/UE4Editor-AudioCapture.dll (API version 3944462).
LogModuleManager: Display: Found up-to-date module file ../../../Engine/Plugins/Runtime/AudioCapture/Binaries/Win64/UE4Editor-AudioCaptureEditor.dll (API version 3944462).
LogModuleManager: Display: Found up-to-date module file ../../../Engine/Plugins/Runtime/CableComponent/Binaries/Win64/UE4Editor-CableComponent.dll (API version 3944462).
LogModuleManager: Display: Found up-to-date module file ../../../Engine/Plugins/Runtime/CustomMeshComponent/Binaries/Win64/UE4Editor-CustomMeshComponent.dll (API version 3944462).
LogModuleManager: Display: Found up-to-date module file ../../../Engine/Plugins/Runtime/ExampleDeviceProfileSelector/Binaries/Win64/UE4Editor-ExampleDeviceProfileSelector.dll (API version 3944462).
LogModuleManager: Display: Found up-to-date module file ../../../Engine/Plugins/Runtime/ImmediatePhysics/Binaries/Win64/UE4Editor-ImmediatePhysics.dll (API version 3944462).
LogModuleManager: Display: Found up-to-date module file ../../../Engine/Plugins/Runtime/ImmediatePhysics/Binaries/Win64/UE4Editor-ImmediatePhysicsEditor.dll (API version 3944462).
LogModuleManager: Display: Found up-to-date module file ../../../Engine/Plugins/Runtime/LocationServicesBPLibrary/Binaries/Win64/UE4Editor-LocationServicesBPLibrary.dll (API version 3944462).
LogModuleManager: Display: Found up-to-date module file ../../../Engine/Plugins/Runtime/MobilePatchingUtils/Binaries/Win64/UE4Editor-MobilePatchingUtils.dll (API version 3944462).
LogModuleManager: Display: Found up-to-date module file ../../../Engine/Plugins/Runtime/Oculus/OculusVR/Binaries/Win64/UE4Editor-OculusHMD.dll (API version 3944462).
LogModuleManager: Display: Found up-to-date module file ../../../Engine/Plugins/Runtime/Oculus/OculusVR/Binaries/Win64/UE4Editor-OculusInput.dll (API version 3944462).
LogModuleManager: Display: Found up-to-date module file ../../../Engine/Plugins/Runtime/Oculus/OculusVR/Binaries/Win64/UE4Editor-OculusEditor.dll (API version 3944462).
LogModuleManager: Display: Found up-to-date module file ../../../Engine/Plugins/Runtime/PhysXVehicles/Binaries/Win64/UE4Editor-PhysXVehicles.dll (API version 3944462).
LogModuleManager: Display: Found up-to-date module file ../../../Engine/Plugins/Runtime/PhysXVehicles/Binaries/Win64/UE4Editor-PhysXVehiclesEditor.dll (API version 3944462).
LogModuleManager: Display: Found up-to-date module file ../../../Engine/Plugins/Runtime/RuntimePhysXCooking/Binaries/Win64/UE4Editor-RuntimePhysXCooking.dll (API version 3944462).
LogModuleManager: Display: Found up-to-date module file ../../../Engine/Plugins/Runtime/Steam/SteamVR/Binaries/Win64/UE4Editor-SteamVR.dll (API version 3944462).
LogModuleManager: Display: Found up-to-date module file ../../../Engine/Plugins/Runtime/Steam/SteamVR/Binaries/Win64/UE4Editor-SteamVRController.dll (API version 3944462).
LogModuleManager: Display: Found up-to-date module file ../../../Engine/Plugins/Runtime/WindowsMoviePlayer/Binaries/Win64/UE4Editor-WindowsMoviePlayer.dll (API version 3944462).
LogPluginManager: Mounting plugin Paper2D
LogPluginManager: Mounting plugin LiveLink
LogPluginManager: Mounting plugin LightPropagationVolume
LogPluginManager: Mounting plugin CLionSourceCodeAccess
LogPluginManager: Mounting plugin CodeLiteSourceCodeAccess
LogPluginManager: Mounting plugin GitSourceControl
LogPluginManager: Mounting plugin KDevelopSourceCodeAccess
LogPluginManager: Mounting plugin NullSourceCodeAccess
LogPluginManager: Mounting plugin PerforceSourceControl
LogPluginManager: Mounting plugin SubversionSourceControl
LogPluginManager: Mounting plugin UObjectPlugin
LogPluginManager: Mounting plugin VisualStudioCodeSourceCodeAccess
LogPluginManager: Mounting plugin VisualStudioSourceCodeAccess
LogPluginManager: Mounting plugin XCodeSourceCodeAccess
LogPluginManager: Mounting plugin AssetManagerEditor
LogPluginManager: Mounting plugin CryptoKeys
LogPluginManager: Mounting plugin DataValidation
LogPluginManager: Mounting plugin FacialAnimation
LogPluginManager: Mounting plugin GameplayTagsEditor
LogPluginManager: Mounting plugin MobileLauncherProfileWizard
LogPluginManager: Mounting plugin PluginBrowser
LogPluginManager: Mounting plugin SpeedTreeImporter
LogPluginManager: Mounting plugin DatasmithContent
LogPluginManager: Mounting plugin AlembicImporter
LogPluginManager: Mounting plugin CharacterAI
LogPluginManager: Mounting plugin HTML5Networking
LogPluginManager: Mounting plugin AndroidMedia
LogPluginManager: Mounting plugin AvfMedia
LogPluginManager: Mounting plugin ImgMedia
LogPluginManager: Mounting plugin LinearTimecode
LogPluginManager: Mounting plugin MediaCompositing
LogPluginManager: Mounting plugin MediaPlayerEditor
LogPluginManager: Mounting plugin WmfMedia
LogPluginManager: Mounting plugin TcpMessaging
LogPluginManager: Mounting plugin UdpMessaging
LogPluginManager: Mounting plugin ActorSequence
LogPluginManager: Mounting plugin LevelSequenceEditor
LogPluginManager: Mounting plugin MatineeToLevelSequence
LogPluginManager: Mounting plugin NetcodeUnitTest
LogPluginManager: Mounting plugin NUTUnrealEngine4
LogPluginManager: Mounting plugin OnlineSubsystemGooglePlay
LogPluginManager: Mounting plugin OnlineSubsystemIOS
LogPluginManager: Mounting plugin OnlineSubsystem
LogPluginManager: Mounting plugin OnlineSubsystemNull
LogPluginManager: Mounting plugin OnlineSubsystemUtils
LogPluginManager: Mounting plugin AndroidDeviceProfileSelector
LogPluginManager: Mounting plugin AndroidMoviePlayer
LogPluginManager: Mounting plugin AndroidPermission
LogPluginManager: Mounting plugin AppleARKit
LogPluginManager: Mounting plugin AppleMoviePlayer
LogPluginManager: Mounting plugin ArchVisCharacter
LogPluginManager: Mounting plugin AudioCapture
LogPluginManager: Mounting plugin CableComponent
LogPluginManager: Mounting plugin CustomMeshComponent
LogPluginManager: Mounting plugin ExampleDeviceProfileSelector
LogPluginManager: Mounting plugin GoogleCloudMessaging
LogPluginManager: Mounting plugin ImmediatePhysics
LogPluginManager: Mounting plugin IOSDeviceProfileSelector
LogPluginManager: Mounting plugin LinuxDeviceProfileSelector
LogPluginManager: Mounting plugin LocationServicesBPLibrary
LogPluginManager: Mounting plugin MobilePatchingUtils
LogPluginManager: Mounting plugin OculusVR
LogPluginManager: Plugin shader directory ../../../Engine/Plugins/Runtime/Oculus/OculusVR/Shaders found
LogPluginManager: Mapping shader source directory ../../../Engine/Plugins/Runtime/Oculus/OculusVR/Shaders to virtual directory /Plugin/OculusVR
LogPluginManager: Mounting plugin PhysXVehicles
LogPluginManager: Mounting plugin ProceduralMeshComponent
LogPluginManager: Mounting plugin RuntimePhysXCooking
LogPluginManager: Mounting plugin SteamVR
LogPluginManager: Mounting plugin WindowsMoviePlayer
LogStreaming: Display: Took  0.909s to configure plugins.
LogInit: Using libcurl 7.47.1
LogInit:  - built for x86_64-pc-win32
LogInit:  - supports SSL with OpenSSL/1.0.2g
LogInit:  - supports HTTP deflate (compression) using libz 1.2.8
LogInit:  - other features:
LogInit:      CURL_VERSION_SSL
LogInit:      CURL_VERSION_LIBZ
LogInit:      CURL_VERSION_IPV6
LogInit:      CURL_VERSION_ASYNCHDNS
LogInit:      CURL_VERSION_LARGEFILE
LogInit:      CURL_VERSION_IDN
LogInit:  CurlRequestOptions (configurable via config and command line):
LogInit:  - bVerifyPeer = false  - Libcurl will NOT verify peer certificate
LogInit:  - bUseHttpProxy = false  - Libcurl will NOT use HTTP proxy
LogInit:  - bDontReuseConnections = false  - Libcurl will reuse connections
LogInit:  - CertBundlePath = nullptr  - Libcurl will use whatever was configured at build time.
LogInit:  - MaxHostConnections = 16  - Libcurl will limit the number of connections to a host
LogInit:  - LocalHostAddr = Default
LogInit: WinSock: version 1.1 (2.2), MaxSocks=32767, MaxUdp=65467
LogInit: WinSock: I am DESKTOP-V7RR6M0 (192.168.0.140:0)
LogInit: Build: ++UE4+Release-4.19-CL-3989454
LogInit: Engine Version: 4.19.1-3989454+++UE4+Release-4.19
LogInit: Compatible Engine Version: 4.19.0-3944462+++UE4+Release-4.19
LogInit: Net CL: 3944462
LogDevObjectVersion: Number of dev versions registered: 18
LogDevObjectVersion:   Dev-Blueprints (B0D832E4-1F89-4F0D-ACCF-7EB736FD4AA2): 10
LogDevObjectVersion:   Dev-Build (E1C64328-A22C-4D53-A36C-8E866417BD8C): 0
LogDevObjectVersion:   Dev-Core (375EC13C-06E4-48FB-B500-84F0262A717E): 2
LogDevObjectVersion:   Dev-Editor (E4B068ED-F494-42E9-A231-DA0B2E46BB41): 23
LogDevObjectVersion:   Dev-Framework (CFFC743F-43B0-4480-9391-14DF171D2073): 33
LogDevObjectVersion:   Dev-Mobile (B02B49B5-BB20-44E9-A304-32B752E40360): 2
LogDevObjectVersion:   Dev-Networking (A4E4105C-59A1-49B5-A7C5-40C4547EDFEE): 0
LogDevObjectVersion:   Dev-Online (39C831C9-5AE6-47DC-9A44-9C173E1C8E7C): 0
LogDevObjectVersion:   Dev-Physics (78F01B33-EBEA-4F98-B9B4-84EACCB95AA2): 0
LogDevObjectVersion:   Dev-Platform (6631380F-2D4D-43E0-8009-CF276956A95A): 0
LogDevObjectVersion:   Dev-Rendering (12F88B9F-8875-4AFC-A67C-D90C383ABD29): 25
LogDevObjectVersion:   Dev-Sequencer (7B5AE74C-D270-4C10-A958-57980B212A5A): 6
LogDevObjectVersion:   Dev-VR (D7296918-1DD6-4BDD-9DE2-64A83CC13884): 1
LogDevObjectVersion:   Dev-LoadTimes (C2A15278-BFE7-4AFE-6C17-90FF531DF755): 1
LogDevObjectVersion:   Private-Geometry (6EACA3D4-40EC-4CC1-B786-8BED09428FC5): 2
LogDevObjectVersion:   Dev-AnimPhys (29E575DD-E0A3-4627-9D10-D276232CDCEA): 16
LogDevObjectVersion:   Dev-ReflectionCapture (6B266CEC-1EC7-4B8F-A30B-E4D90942FC07): 1
LogDevObjectVersion:   Dev-Automation (0DF73D61-A23F-47EA-B727-89E90C41499A): 1
LogInit: Compiled (64-bit): Apr  6 2018 12:26:04
LogInit: Compiled with Visual C++: 19.00.24215.01
LogInit: Build Configuration: Development
LogInit: Branch Name: ++UE4+Release-4.19
LogInit: Command Line:  
LogInit: Base Directory: C:/Program Files/Epic Games/UE_4.19/Engine/Binaries/Win64/
LogInit: Installed Engine Build: 1
LogStreaming: Display: Took  0.000s to delete old logs.
LogInit: Presizing for max 8388607 objects, including 0 objects not considered by GC, pre-allocating 0 bytes for permanent pool.
LogInit: Object subsystem initialized
[2018.05.04-06.45.44:987][  0]LogInit: Selected Device Profile: [Windows]
[2018.05.04-06.45.44:987][  0]LogInit: Applying CVar settings loaded from the selected device profile: [Windows]
[2018.05.04-06.45.45:024][  0]LogInit: Computer: DESKTOP-V7RR6M0
[2018.05.04-06.45.45:024][  0]LogInit: User: skilltreelab
[2018.05.04-06.45.45:024][  0]LogInit: CPU Page size=4096, Cores=4
[2018.05.04-06.45.45:024][  0]LogInit: High frequency timer resolution =3.117796 MHz
[2018.05.04-06.45.45:025][  0]LogMemory: Memory total: Physical=8.0GB (8GB approx)
[2018.05.04-06.45.45:025][  0]LogMemory: Platform Memory Stats for Windows
[2018.05.04-06.45.45:025][  0]LogMemory: Process Physical Memory: 273.75 MB used, 273.75 MB peak
[2018.05.04-06.45.45:025][  0]LogMemory: Process Virtual Memory: 269.97 MB used, 269.97 MB peak
[2018.05.04-06.45.45:025][  0]LogMemory: Physical Memory: 4846.13 MB used,  3299.99 MB free, 8146.12 MB total
[2018.05.04-06.45.45:025][  0]LogMemory: Virtual Memory: 692.32 MB used,  3299.99 MB free, 134217728.00 MB total
[2018.05.04-06.45.45:064][  0]LogInit: Using OS detected language (ko-KR).
[2018.05.04-06.45.45:064][  0]LogInit: Using OS detected locale (ko-KR).
[2018.05.04-06.45.45:110][  0]LogTextLocalizationManager: No specific localization for 'ko-KR' exists, so the 'ko' localization will be used.
[2018.05.04-06.45.45:554][  0]LogStreaming: Display: Took  0.490s to EndInitTextLocalization.
[2018.05.04-06.45.45:555][  0]LogInit: Setting process to per monitor DPI aware
[2018.05.04-06.45.45:613][  0]LogSlate: New Slate User Created.  User Index 0, Is Virtual User: 0
[2018.05.04-06.45.45:613][  0]LogSlate: Slate User Registered.  User Index 0, Is Virtual User: 0
[2018.05.04-06.45.47:558][  0]LogD3D11RHI: D3D11 adapters:
[2018.05.04-06.45.47:602][  0]LogD3D11RHI:    0. 'NVIDIA GeForce GTX 750' (Feature Level 11_0)
[2018.05.04-06.45.47:602][  0]LogD3D11RHI:       994/0/4073 MB DedicatedVideo/DedicatedSystem/SharedSystem, Outputs:1, VendorId:0x10de
[2018.05.04-06.45.47:604][  0]LogD3D11RHI:    1. 'Microsoft Basic Render Driver' (Feature Level 11_0)
[2018.05.04-06.45.47:604][  0]LogD3D11RHI:       0/0/4073 MB DedicatedVideo/DedicatedSystem/SharedSystem, Outputs:0, VendorId:0x1414
[2018.05.04-06.45.47:604][  0]LogD3D11RHI: Chosen D3D11 Adapter: 0
[2018.05.04-06.45.47:610][  0]LogD3D11RHI: Creating new Direct3DDevice
[2018.05.04-06.45.47:610][  0]LogD3D11RHI:     GPU DeviceId: 0x1381 (for the marketing name, search the web for "GPU Device Id")
[2018.05.04-06.45.47:610][  0]LogWindows: EnumDisplayDevices:
[2018.05.04-06.45.47:610][  0]LogWindows:    0. 'NVIDIA GeForce GTX 750' (P:1 D:1)
[2018.05.04-06.45.47:611][  0]LogWindows:    1. 'NVIDIA GeForce GTX 750' (P:0 D:0)
[2018.05.04-06.45.47:611][  0]LogWindows:    2. 'NVIDIA GeForce GTX 750' (P:0 D:0)
[2018.05.04-06.45.47:611][  0]LogWindows: DebugString: GetVideoDriverDetailsInvalid PrimaryIsNotTheChoosenAdapter GetVideoDriverDetailsInvalid PrimaryIsNotTheChoosenAdapter GetVideoDriverDetailsInvalid PrimaryIsNotTheChoosenAdapter FoundDriverCount:0 
[2018.05.04-06.45.47:611][  0]LogD3D11RHI:     Adapter Name: NVIDIA GeForce GTX 750
[2018.05.04-06.45.47:611][  0]LogD3D11RHI:   Driver Version: Unknown (internal:Unknown, unified:Unknown)
[2018.05.04-06.45.47:611][  0]LogD3D11RHI:      Driver Date: Unknown
[2018.05.04-06.45.47:611][  0]LogRHI: Texture pool is 696 MB (70% of 994 MB)
[2018.05.04-06.45.47:641][  0]LogD3D11RHI: [Aftermath] Aftermath enabled but failed to initialize
[2018.05.04-06.45.47:641][  0]LogD3D11RHI: [Aftermath] Aftermath enabled and primed
[2018.05.04-06.45.47:641][  0]LogD3D11RHI: Async texture creation enabled
[2018.05.04-06.45.47:655][  0]LogD3D11RHI: GPU Timing Frequency: 1000.000000 (Debug: 2 1)
[2018.05.04-06.45.47:656][  0]LogShaderCompilers: Guid format shader working directory is -15 characters bigger than the processId version (../../../../../../KN/InSkillTreeLap/DirectX/UE4_Day10_Project_Start/Intermediate/Shaders/WorkingDirectory/11212/).
[2018.05.04-06.45.47:656][  0]LogShaderCompilers: Cleaned the shader compiler working directory 'C:/Users/skilltreelab/AppData/Local/Temp/UnrealShaderWorkingDir/38F2109240D60A0F39D533B83B6260A9/'.
[2018.05.04-06.45.48:033][  0]LogTemp: Display: Loaded TP AllDesktopTargetPlatform
[2018.05.04-06.45.48:046][  0]LogTemp: Display: Loaded TP MacClientTargetPlatform
[2018.05.04-06.45.48:059][  0]LogTemp: Display: Loaded TP MacNoEditorTargetPlatform
[2018.05.04-06.45.48:073][  0]LogTemp: Display: Loaded TP MacServerTargetPlatform
[2018.05.04-06.45.48:091][  0]LogTemp: Display: Loaded TP MacTargetPlatform
[2018.05.04-06.45.48:105][  0]LogTemp: Display: Loaded TP WindowsClientTargetPlatform
[2018.05.04-06.45.48:118][  0]LogTemp: Display: Loaded TP WindowsNoEditorTargetPlatform
[2018.05.04-06.45.48:132][  0]LogTemp: Display: Loaded TP WindowsServerTargetPlatform
[2018.05.04-06.45.48:138][  0]LogTemp: Display: Loaded TP WindowsTargetPlatform
[2018.05.04-06.45.48:150][  0]LogTemp: Display: Loaded TP Android_ASTCTargetPlatform
[2018.05.04-06.45.48:162][  0]LogTemp: Display: Loaded TP Android_ATCTargetPlatform
[2018.05.04-06.45.48:174][  0]LogTemp: Display: Loaded TP Android_DXTTargetPlatform
[2018.05.04-06.45.48:186][  0]LogTemp: Display: Loaded TP Android_ETC1aTargetPlatform
[2018.05.04-06.45.48:198][  0]LogTemp: Display: Loaded TP Android_ETC1TargetPlatform
[2018.05.04-06.45.48:210][  0]LogTemp: Display: Loaded TP Android_ETC2TargetPlatform
[2018.05.04-06.45.48:234][  0]LogTemp: Display: Loaded TP Android_MultiTargetPlatform
[2018.05.04-06.45.48:234][  0]LogTemp: Display: Loaded TP Android_PVRTCTargetPlatform
[2018.05.04-06.45.48:251][  0]LogTemp: Display: Loaded TP AndroidTargetPlatform
[2018.05.04-06.45.48:253][  0]LogTemp: Display: Loaded TP HTML5TargetPlatform
[2018.05.04-06.45.48:294][  0]LogTemp: Display: Loaded TP IOSTargetPlatform
[2018.05.04-06.45.48:305][  0]LogTemp: Display: Loaded TP TVOSTargetPlatform
[2018.05.04-06.45.48:317][  0]LogTemp: Display: Loaded TP LinuxClientTargetPlatform
[2018.05.04-06.45.48:329][  0]LogTemp: Display: Loaded TP LinuxNoEditorTargetPlatform
[2018.05.04-06.45.48:341][  0]LogTemp: Display: Loaded TP LinuxServerTargetPlatform
[2018.05.04-06.45.48:357][  0]LogTemp: Display: Loaded TP LinuxTargetPlatform
[2018.05.04-06.45.48:357][  0]LogTargetPlatformManager: Display: Building Assets For Windows
[2018.05.04-06.45.48:468][  0]LogXGEController: Cannot use XGE Controller as Incredibuild is not installed on this machine.
[2018.05.04-06.45.48:468][  0]LogShaderCompilers: Cannot use XGE Shader Compiler as Incredibuild is not installed on this machine.
[2018.05.04-06.45.48:468][  0]LogShaderCompilers: Display: Using Local Shader Compiler.
[2018.05.04-06.45.50:002][  0]LogDerivedDataCache: Display: Max Cache Size: 512 MB
[2018.05.04-06.45.50:073][  0]LogDerivedDataCache: Loaded boot cache 0.07s 79MB C:/Users/skilltreelab/AppData/Local/UnrealEngine/4.19/DerivedDataCache/Boot.ddc.
[2018.05.04-06.45.50:074][  0]LogDerivedDataCache: Display: Loaded Boot cache: C:/Users/skilltreelab/AppData/Local/UnrealEngine/4.19/DerivedDataCache/Boot.ddc
[2018.05.04-06.45.50:074][  0]LogDerivedDataCache: FDerivedDataBackendGraph:  Pak pak cache file ../../../../../../KN/InSkillTreeLap/DirectX/UE4_Day10_Project_Start/DerivedDataCache/DDC.ddp not found, will not use a pak cache.
[2018.05.04-06.45.50:074][  0]LogDerivedDataCache: Unable to find inner node Pak for hierarchical cache Hierarchy.
[2018.05.04-06.45.50:074][  0]LogDerivedDataCache: FDerivedDataBackendGraph:  CompressedPak pak cache file ../../../../../../KN/InSkillTreeLap/DirectX/UE4_Day10_Project_Start/DerivedDataCache/Compressed.ddp not found, will not use a pak cache.
[2018.05.04-06.45.50:074][  0]LogDerivedDataCache: Unable to find inner node CompressedPak for hierarchical cache Hierarchy.
[2018.05.04-06.45.50:090][  0]LogDerivedDataCache: Display: Pak cache opened for reading ../../../Engine/DerivedDataCache/Compressed.ddp.
[2018.05.04-06.45.50:102][  0]LogDerivedDataCache: Using Local data cache path C:/Users/skilltreelab/AppData/Local/UnrealEngine/Common/DerivedDataCache: Writable
[2018.05.04-06.45.50:113][  0]LogMaterial: Verifying Global Shaders for PCD3D_SM5
[2018.05.04-06.45.50:113][  0]LogSlate: Using Freetype 2.6.0
[2018.05.04-06.45.50:121][  0]LogSlate: SlateFontCache - WITH_FREETYPE: 1, WITH_HARFBUZZ: 1
[2018.05.04-06.45.50:121][  0]LogSlate: SlateFontCache - WITH_FREETYPE: 1, WITH_HARFBUZZ: 1
[2018.05.04-06.45.51:165][  0]LogAssetRegistry: FAssetRegistry took 0.0254 seconds to start up
[2018.05.04-06.45.51:481][  0]LogInit: Selected Device Profile: [Windows]
[2018.05.04-06.45.51:623][  0]LogSimplygon: Simplygon DLL not present - disabling.
[2018.05.04-06.45.51:626][  0]LogMeshReduction: Using SimplygonSwarm for distributed automatic mesh merging
[2018.05.04-06.45.51:626][  0]LogMeshReduction: Using QuadricMeshReduction for automatic static mesh reduction
[2018.05.04-06.45.51:626][  0]LogMeshReduction: No automatic skeletal mesh reduction module available
[2018.05.04-06.45.51:626][  0]LogMeshReduction: No automatic mesh merging module available
[2018.05.04-06.45.51:626][  0]LogMeshMerging: No automatic mesh merging module available
[2018.05.04-06.45.51:652][  0]LogNetVersion: UE4_Day4Project , NetCL: 3944462, EngineNetVer: 2, GameNetVer: 0 (Checksum: 2694518544)
[2018.05.04-06.45.52:078][  0]LogPackageLocalizationCache: Processed 9 localized package path(s) for 2 prioritized culture(s) in 0.078027 seconds
[2018.05.04-06.45.52:084][  0]LogUObjectArray: 36728 objects as part of root set at end of initial load.
[2018.05.04-06.45.52:084][  0]LogUObjectAllocator: 7314304 out of 0 bytes used by permanent object pool.
[2018.05.04-06.45.52:084][  0]LogUObjectArray: CloseDisregardForGC: 0/0 objects in disregard for GC pool
[2018.05.04-06.45.55:455][  0]LogTcpMessaging: Initializing TcpMessaging bridge
[2018.05.04-06.45.55:482][  0]LogUdpMessaging: Initializing bridge on interface 0.0.0.0:0 to multicast group 230.0.0.1:6666.
[2018.05.04-06.45.55:830][  0]SourceControl: 소스 콘트롤이 꺼졌습니다.
[2018.05.04-06.45.55:830][  0]SourceControl: 소스 콘트롤이 꺼졌습니다.
[2018.05.04-06.45.55:845][  0]SourceControl: 소스 콘트롤이 꺼졌습니다.
[2018.05.04-06.45.55:859][  0]SourceControl: 소스 콘트롤이 꺼졌습니다.
[2018.05.04-06.45.56:335][  0]LogAndroidPermission: UAndroidPermissionCallbackProxy::GetInstance
[2018.05.04-06.45.56:450][  0]LogOcInput: OculusInput pre-init called
[2018.05.04-06.45.56:550][  0]LogEngine: Initializing Engine...
[2018.05.04-06.45.56:551][  0]LogHMD: Failed to initialize OpenVR with code 110
[2018.05.04-06.45.56:552][  0]LogStats: UGameplayTagsManager::ConstructGameplayTagTree: Construct from data asset -  0.000 s
[2018.05.04-06.45.56:552][  0]LogStats: UGameplayTagsManager::ConstructGameplayTagTree: GameplayTagTreeChangedEvent.Broadcast -  0.000 s
[2018.05.04-06.45.56:761][  0]LogAIModule: Creating AISystem for world Untitled
[2018.05.04-06.45.56:774][  0]LogInit: XAudio2 using '디지털 오디오(S/PDIF)(High Definition Audio 장치)' : 2 channels at 48 kHz using 16 bits per sample (channel mask 0x3)
[2018.05.04-06.45.56:784][  0]LogInit: FAudioDevice initialized.
[2018.05.04-06.45.56:861][  0]LogDerivedDataCache: Saved boot cache 0.08s 79MB C:/Users/skilltreelab/AppData/Local/UnrealEngine/4.19/DerivedDataCache/Boot.ddc.
[2018.05.04-06.45.56:872][  0]LogInit: Texture streaming: Enabled
[2018.05.04-06.45.56:887][  0]LogEngineSessionManager: EngineSessionManager initialized
[2018.05.04-06.45.56:905][  0]LogInit: Transaction tracking system initialized
[2018.05.04-06.45.56:926][  0]BlueprintLog: New page: 에디터 로드
[2018.05.04-06.45.56:995][  0]LocalizationService: 현지화 서비스가 비활성화되었습니다.
[2018.05.04-06.45.57:351][  0]LogConsoleResponse: Display: 
[2018.05.04-06.45.57:485][  0]LogCook: Display: Max memory allowance for cook 16384mb min free memory 0mb
[2018.05.04-06.45.57:485][  0]LogCook: Display: Mobile HDR setting 1
[2018.05.04-06.45.57:485][  0]LogGameplayTags: Display: UGameplayTagsManager::DoneAddingNativeTags. DelegateIsBound: 0
[2018.05.04-06.45.57:485][  0]LogStats: UGameplayTagsManager::ConstructGameplayTagTree: Construct from data asset -  0.000 s
[2018.05.04-06.45.57:486][  0]LogStats: UGameplayTagsManager::ConstructGameplayTagTree: GameplayTagTreeChangedEvent.Broadcast -  0.000 s
[2018.05.04-06.45.57:558][  0]LogFileCache: Scanning file cache for directory 'C:/KN/InSkillTreeLap/DirectX/UE4_Day10_Project_Start/Content/' took 0.01s
[2018.05.04-06.45.57:797][  0]SourceControl: 소스 콘트롤이 꺼졌습니다.
[2018.05.04-06.45.57:797][  0]Cmd: MAP LOAD FILE="../../../../../../KN/InSkillTreeLap/DirectX/UE4_Day10_Project_Start/Content/Maps/Step02_ActorMerge.umap" TEMPLATE=0 SHOWPROGRESS=1 FEATURELEVEL=3
[2018.05.04-06.45.57:797][  0]LightingResults: New page: 라이팅 빌드
[2018.05.04-06.45.57:799][  0]MapCheck: New page: 맵 체크
[2018.05.04-06.45.57:799][  0]LightingResults: New page: 라이팅 빌드
[2018.05.04-06.45.58:020][  0]LogAIModule: Creating AISystem for world Step02_ActorMerge
[2018.05.04-06.45.58:028][  0]LogEditorServer: Finished looking for orphan Actors (0.000 secs)
[2018.05.04-06.45.58:040][  0]Cmd: MAP CHECKDEP NOCLEARLOG
[2018.05.04-06.45.58:096][  0]MapCheck: 맵 체크 완료: 오류 0 회, 경고 0 회, 소요 시간 55.38ms.
[2018.05.04-06.45.58:096][  0]LogFileHelpers: Loading map 'Step02_ActorMerge' took 0.299
[2018.05.04-06.45.58:254][  0]LogCollectionManager: Loaded 0 collections in 0.001595 seconds
[2018.05.04-06.45.58:294][  0]LogFileCache: Scanning file cache for directory 'C:/KN/InSkillTreeLap/DirectX/UE4_Day10_Project_Start/Saved/Collections/' took 0.01s
[2018.05.04-06.45.58:294][  0]LogFileCache: Scanning file cache for directory 'C:/KN/InSkillTreeLap/DirectX/UE4_Day10_Project_Start/Content/Developers/skilltreelab/Collections/' took 0.01s
[2018.05.04-06.45.58:294][  0]LogFileCache: Scanning file cache for directory 'C:/KN/InSkillTreeLap/DirectX/UE4_Day10_Project_Start/Content/Collections/' took 0.01s
[2018.05.04-06.45.58:294][  0]LogCollectionManager: Rebuilt the GUID cache for 0 collections in 0.000000 seconds
[2018.05.04-06.45.58:303][  0]LogContentBrowser: Native class hierarchy populated in 0.0092 seconds. Added 2452 classes and 558 folders.
[2018.05.04-06.45.58:310][  0]LogContentBrowser: Native class hierarchy updated for 'WidgetCarousel' in 0.0002 seconds. Added 0 classes and 0 folders.
[2018.05.04-06.45.58:349][  0]LogContentBrowser: Native class hierarchy updated for 'AddContentDialog' in 0.0002 seconds. Added 0 classes and 0 folders.
[2018.05.04-06.45.58:355][  0]LogContentBrowser: Native class hierarchy updated for 'SceneOutliner' in 0.0002 seconds. Added 1 classes and 2 folders.
[2018.05.04-06.45.58:364][  0]LogContentBrowser: Native class hierarchy updated for 'WorldBrowser' in 0.0003 seconds. Added 2 classes and 3 folders.
[2018.05.04-06.45.58:697][  0]LogSlate: Only BGRA pngs, bmps or icos are supported in by External Image Picker
[2018.05.04-06.45.59:487][  0]LogSlate: Took 0.000186 seconds to synchronously load lazily loaded font '../../../Engine/Content/Slate/Fonts/Roboto-Regular.ttf' (155K)
[2018.05.04-06.45.59:492][  0]LogSlate: Took 0.003633 seconds to synchronously load lazily loaded font '../../../Engine/Content/Editor/Slate/Fonts/NanumGothic.ttf' (4243K)
[2018.05.04-06.45.59:506][  0]LogSlate: Took 0.013356 seconds to synchronously load lazily loaded font '../../../Engine/Content/Editor/Slate/Fonts/NanumGothicBold.ttf' (4188K)
[2018.05.04-06.45.59:506][  0]LogSlate: Took 0.000185 seconds to synchronously load lazily loaded font '../../../Engine/Content/Slate/Fonts/Roboto-Bold.ttf' (160K)
[2018.05.04-06.45.59:511][  0]LogSlate: Took 0.000163 seconds to synchronously load lazily loaded font '../../../Engine/Content/Editor/Slate/Fonts/FontAwesome.ttf' (139K)
[2018.05.04-06.45.59:513][  0]LogSlate: Took 0.000132 seconds to synchronously load lazily loaded font '../../../Engine/Content/Slate/Fonts/DroidSansMono.ttf' (77K)
[2018.05.04-06.45.59:559][  0]LogTemp: Executing iPhonePackager certificates Engine -bundlename com.YourCompany.UE4Day4Project
[2018.05.04-06.45.59:559][  0]LogTemp: CWD: C:\Program Files\Epic Games\UE_4.19\Engine\Binaries\DotNET\IOS
[2018.05.04-06.45.59:559][  0]LogTemp: Initial Dir: C:\Program Files\Epic Games\UE_4.19
[2018.05.04-06.45.59:559][  0]LogTemp: Env CWD: C:\Program Files\Epic Games\UE_4.19\Engine\Binaries\DotNET\IOS
[2018.05.04-06.45.59:559][  0]LogTemp: BranchPath = DESKTOP-V7RR6M0/C/Program Files/Epic Games/UE_4.19/Engine/Binaries --- GameBranchPath = DESKTOP-V7RR6M0/C/Program Files/Epic Games/UE_4.19/Engine/Binaries
[2018.05.04-06.45.59:559][  0]LogSlate: Took 0.002528 seconds to synchronously load lazily loaded font '../../../Engine/Content/Editor/Slate/Fonts/NanumGothicExtraBold.ttf' (4074K)
[2018.05.04-06.45.59:670][  0]LogTemp: IPP ERROR: Could not find provision directory 'C:\Users\skilltreelab\AppData\Local/Apple Computer/MobileDevice/Provisioning Profiles/'.
[2018.05.04-06.45.59:670][  0]LogRenderer: Reallocating scene render targets to support 1232x620 Format 9 NumSamples 1 (Frame:1).
[2018.05.04-06.45.59:852][  0]LogContentBrowser: Native class hierarchy updated for 'HierarchicalLODOutliner' in 0.0002 seconds. Added 0 classes and 0 folders.
[2018.05.04-06.45.59:853][  0]LogLoad: (Engine Initialization) Total time: 17.91 seconds
[2018.05.04-06.45.59:853][  0]LogLoad: (Engine Initialization) Total Blueprint compile time: 0.00 seconds
[2018.05.04-06.46.00:240][  0]LogContentStreaming: Texture pool size now 600 MB
[2018.05.04-06.46.00:284][  0]LogSlate: Took 0.000251 seconds to synchronously load lazily loaded font '../../../Engine/Content/Slate/Fonts/Roboto-Light.ttf' (167K)
[2018.05.04-06.46.00:533][  1]LogFileCache: Retrieving MD5 hashes for directory 'C:/KN/InSkillTreeLap/DirectX/UE4_Day10_Project_Start/Content/' took 0.32s
[2018.05.04-06.46.00:900][  2]LogAssetRegistry: Asset discovery search completed in 9.7563 seconds
[2018.05.04-06.46.00:905][  2]LogCollectionManager: Rebuilt the object cache for 0 collections in 0.000001 seconds (found 0 objects)
[2018.05.04-06.46.00:906][  2]LogCollectionManager: Fixed up redirectors for 0 collections in 0.000552 seconds (updated 0 objects)
[2018.05.04-06.46.03:540][ 10]LogSlate: Took 0.000400 seconds to synchronously load lazily loaded font '../../../Engine/Content/Slate/Fonts/Roboto-Light.ttf' (167K)
[2018.05.04-07.41.56:714][ 63]LogSlate: FSceneViewport::OnFocusLost() reason 0
[2018.05.04-07.43.18:164][598]LogTexture: Display: 텍스처 빌드: Tx_Ground_break_Line_v02 (BGRA8, 225X225)
[2018.05.04-07.43.18:164][598]LogTexture: Display: 텍스처 빌드: T_Fat_Web (AutoDXT, 512X512)
[2018.05.04-07.43.18:165][598]LogTexture: Display: 텍스처 빌드: ThumbnailTexture (DXT1, 512X512)
[2018.05.04-07.43.18:165][598]LogTexture: Display: 텍스처 빌드: T_FX01_Flare03 (AutoDXT, 256X256)
[2018.05.04-07.43.18:165][598]LogTexture: Display: 텍스처 빌드: T_FX01_Circle11 (AutoDXT, 2048X2048)
[2018.05.04-07.43.18:165][598]LogTexture: Display: 텍스처 빌드: T_FX01_Smoke01 (AutoDXT, 512X512)
[2018.05.04-07.43.18:166][598]LogTexture: Display: 텍스처 빌드: Tex_Ground_Crack_01 (AutoDXT, 512X512)
[2018.05.04-07.43.18:252][598]LogTexture: Display: 텍스처 빌드: T_LensFlare_Magic_01 (BGRA8, 512X512)
[2018.05.04-07.43.18:252][598]LogMaterial: Missing cached shader map for material Mat_Ground_Crack_01, compiling. 
[2018.05.04-07.43.22:199][598]LogTexture: Display: 텍스처 빌드: T_FX01_Smoke02 (AutoDXT, 512X512)
[2018.05.04-07.43.22:199][598]LogShaderCompilers: Display: Shaders left to compile 43
[2018.05.04-07.43.22:199][598]LogShaderCompilers: Display: Shaders left to compile 33
[2018.05.04-07.43.22:199][598]LogShaderCompilers: Display: Shaders left to compile 23
[2018.05.04-07.43.22:199][598]LogTexture: Display: 텍스처 빌드: T_FX01_Spark01 (AutoDXT, 256X256)
[2018.05.04-07.43.22:199][598]LogShaderCompilers: Display: Shaders left to compile 13
[2018.05.04-07.43.22:200][598]LogShaderCompilers: Display: Shaders left to compile 3
[2018.05.04-07.43.22:200][598]LogMaterial: Missing cached shader map for material M_FX01_Circle02, compiling. 
[2018.05.04-07.43.22:222][598]LogMaterial: Missing cached shader map for material M_FX01_Circle02, compiling. 
[2018.05.04-07.43.22:238][598]LogMaterial: Missing cached shader map for material M_FX01_Circle02, compiling. 
[2018.05.04-07.43.22:257][598]LogMaterial: Missing cached shader map for material M_FX01_Smoke01, compiling. 
[2018.05.04-07.43.22:316][598]LogMaterial: Missing cached shader map for material Mat_Shockwave_01, compiling. 
[2018.05.04-07.43.22:341][598]LogMaterial: Missing cached shader map for material Mat_Aura_Noise, compiling. 
[2018.05.04-07.43.22:357][598]LogMaterial: Missing cached shader map for material M_LensFlare_Magic_01, compiling. 
[2018.05.04-07.43.22:370][598]LogAnimationCompression: Building Anim DDC data for AnimSequence /Game/InfinityBladeWarriors/Animations/WarriorSkill1.WarriorSkill1
[2018.05.04-07.43.22:372][598]LogAnimationCompression: Recompressing (AnimSequence /Game/InfinityBladeWarriors/Animations/WarriorSkill1.WarriorSkill1) using current/default (AnimCompress_BitwiseCompressOnly_0) bFirstRecompressUsingCurrentOrDefault(1) bTryAlternateCompressor(0) IsCompressedDataValid(0)
[2018.05.04-07.43.23:423][598]LogShaderCompilers: Display: Shaders left to compile 319
[2018.05.04-07.43.23:423][598]LogTexture: Display: 텍스처 빌드: T_CharM_Barbarous_MetalMask (DXT1, 2048X2048)
[2018.05.04-07.43.23:423][598]LogTexture: Display: 텍스처 빌드: T_CharM_Barbarous_N (BC5, 2048X2048)
[2018.05.04-07.43.23:423][598]LogTexture: Display: 텍스처 빌드: T_CharM_Barbarous_D (DXT1, 2048X2048)
[2018.05.04-07.43.27:391][598]LogShaderCompilers: Display: Shaders left to compile 309
[2018.05.04-07.43.27:391][598]LogShaderCompilers: Display: Shaders left to compile 299
[2018.05.04-07.43.27:391][598]LogShaderCompilers: Display: Shaders left to compile 289
[2018.05.04-07.43.27:391][598]LogShaderCompilers: Display: Shaders left to compile 279
[2018.05.04-07.43.27:391][598]LogShaderCompilers: Display: Shaders left to compile 269
[2018.05.04-07.43.27:402][598]LogMaterial: Missing cached shader map for material M_Char_Barbrous, compiling. 
[2018.05.04-07.43.27:437][598]LogSkeletalMesh: Building Skeletal Mesh SK_CharM_Barbarous...
[2018.05.04-07.43.27:442][598]LogSkeletalMesh: Built Skeletal Mesh [0.01s] /Game/InfinityBladeWarriors/Character/CompleteCharacters/SK_CharM_Barbarous.SK_CharM_Barbarous
[2018.05.04-07.43.27:494][598]LogContentBrowser: Native class hierarchy updated for 'SkeletonEditor' in 0.0007 seconds. Added 1 classes and 2 folders.
[2018.05.04-07.43.27:864][598]LogSkeletalMesh: Skeletal Mesh found in DDC [5.093341ms] /Game/InfinityBladeWeapons/Weapons/Blade/Swords/Blade_BlackKnight/SK_Blade_BlackKnight.SK_Blade_BlackKnight
[2018.05.04-07.43.27:870][598]LogActorComponent: RegisterComponentWithWorld: (/Engine/Transient.World_2:PersistentLevel.Actor_0.DebugSkelMeshComponent_0) Already registered. Aborting.
[2018.05.04-07.43.27:923][598]LogSkeletalMesh: Skeletal Mesh found in DDC [5.086606ms] /Game/InfinityBladeWarriors/Character/CompleteCharacters/SK_CharM_Cardboard.SK_CharM_Cardboard
[2018.05.04-07.43.27:933][598]LogContentBrowser: Native class hierarchy updated for 'PinnedCommandList' in 0.0005 seconds. Added 1 classes and 0 folders.
[2018.05.04-07.43.28:216][598]LogShaderCompilers: Display: Shaders left to compile 319
[2018.05.04-07.43.29:313][598]LogShaderCompilers: Display: Shaders left to compile 309
[2018.05.04-07.43.29:346][598]LogContentBrowser: Native class hierarchy updated for 'ClothingSystemEditorInterface' in 0.0003 seconds. Added 1 classes and 0 folders.
[2018.05.04-07.43.29:363][598]LogContentBrowser: Verbose: The majority of assets in the view are of type: AnimSequence
[2018.05.04-07.43.29:840][602]LogShaderCompilers: Display: Shaders left to compile 299
[2018.05.04-07.43.30:235][604]LogShaderCompilers: Display: Shaders left to compile 289
[2018.05.04-07.43.30:950][606]LogShaderCompilers: Display: Shaders left to compile 279
[2018.05.04-07.43.31:567][607]LogShaderCompilers: Display: Shaders left to compile 269
[2018.05.04-07.43.32:808][609]LogShaderCompilers: Display: Shaders left to compile 259
[2018.05.04-07.43.32:808][609]LogShaderCompilers: Display: Shaders left to compile 249
[2018.05.04-07.43.33:798][611]LogShaderCompilers: Display: Shaders left to compile 239
[2018.05.04-07.43.33:799][611]LogShaderCompilers: Display: Shaders left to compile 229
[2018.05.04-07.43.35:431][613]LogShaderCompilers: Display: Shaders left to compile 219
[2018.05.04-07.43.36:191][614]LogShaderCompilers: Display: Shaders left to compile 209
[2018.05.04-07.43.36:416][615]LogShaderCompilers: Display: Shaders left to compile 199
[2018.05.04-07.43.38:405][616]LogShaderCompilers: Display: Shaders left to compile 189
[2018.05.04-07.43.38:405][616]LogShaderCompilers: Display: Shaders left to compile 179
[2018.05.04-07.43.39:492][618]LogShaderCompilers: Display: Shaders left to compile 169
[2018.05.04-07.43.40:767][619]LogShaderCompilers: Display: Shaders left to compile 159
[2018.05.04-07.43.41:284][620]LogShaderCompilers: Display: Shaders left to compile 149
[2018.05.04-07.43.42:729][622]LogShaderCompilers: Display: Shaders left to compile 139
[2018.05.04-07.43.42:729][622]LogShaderCompilers: Display: Shaders left to compile 129
[2018.05.04-07.43.42:946][623]LogShaderCompilers: Display: Shaders left to compile 119
[2018.05.04-07.43.43:196][624]LogShaderCompilers: Display: Shaders left to compile 109
[2018.05.04-07.43.44:815][625]LogShaderCompilers: Display: Shaders left to compile 99
[2018.05.04-07.43.44:815][625]LogShaderCompilers: Display: Shaders left to compile 89
[2018.05.04-07.43.44:974][626]LogShaderCompilers: Display: Shaders left to compile 79
[2018.05.04-07.43.46:180][627]LogShaderCompilers: Display: Shaders left to compile 69
[2018.05.04-07.43.46:616][627]LogShaderCompilers: Display: Shaders left to compile 59
[2018.05.04-07.43.46:740][627]LogShaderCompilers: Display: Shaders left to compile 49
[2018.05.04-07.43.47:794][628]LogShaderCompilers: Display: Shaders left to compile 39
[2018.05.04-07.43.48:157][629]LogShaderCompilers: Display: Shaders left to compile 29
[2018.05.04-07.43.48:884][631]LogShaderCompilers: Display: Shaders left to compile 19
[2018.05.04-07.43.49:477][631]LogShaderCompilers: Display: Shaders left to compile 9
[2018.05.04-07.43.53:505][821]LogFileHelpers: Editor autosave (incl. sublevels) for '/Game/Maps/Step02_ActorMerge' took 0.011
[2018.05.04-07.43.53:508][821]OBJ SavePackage: Generating thumbnails for [0] asset(s) in package [/Game/InfinityBladeWarriors/Character/CompleteCharacters/SK_Mannequin_Skeleton] ([1] browsable assets)...
[2018.05.04-07.43.53:509][821]OBJ SavePackage: Finished generating thumbnails for package [/Game/InfinityBladeWarriors/Character/CompleteCharacters/SK_Mannequin_Skeleton]
[2018.05.04-07.43.53:526][821]LogSavePackage: Save=10.01ms
[2018.05.04-07.43.53:527][821]LogSavePackage: Moving '../../../../../../KN/InSkillTreeLap/DirectX/UE4_Day10_Project_Start/Saved/SK_Mannequin_Skeleton_Auto10D3DE2E242A522A7E5467C95AC9CA86E.tmp' to '../../../../../../KN/InSkillTreeLap/DirectX/UE4_Day10_Project_Start/Saved/Autosaves/Game/InfinityBladeWarriors/Character/CompleteCharacters/SK_Mannequin_Skeleton_Auto1.uasset'
[2018.05.04-07.43.53:528][821]LogSavePackage: Display: Finished SavePackage ../../../../../../KN/InSkillTreeLap/DirectX/UE4_Day10_Project_Start/Saved/Autosaves/Game/InfinityBladeWarriors/Character/CompleteCharacters/SK_Mannequin_Skeleton_Auto1.uasset
[2018.05.04-07.43.53:528][821]LogFileHelpers: Auto-saving content packages took 0.022
[2018.05.04-07.49.29:183][846]AssetReimport: New page: 처리중인 소스 콘텐츠 변경사항 오전 1:49:29
[2018.05.04-07.49.29:202][846]LogFactory: FactoryCreateFile: Texture with ReimportTextureFactory (0 0 C:/KN/InSkillTreeLap/DirectX/UE4_Day10_Project_Start/Content/Earth.TGA)
[2018.05.04-07.49.30:442][847]LogFactory: FactoryCreateFile: Texture with ReimportTextureFactory (0 0 C:/KN/InSkillTreeLap/DirectX/UE4_Day10_Project_Start/Content/EarthClouds.TGA)
[2018.05.04-07.49.32:748][848]LogFactory: FactoryCreateFile: Texture with ReimportTextureFactory (0 0 C:/KN/InSkillTreeLap/DirectX/UE4_Day10_Project_Start/Content/EarthNight.TGA)
[2018.05.04-07.49.33:468][849]Cmd: OBJ SAVEPACKAGE PACKAGE="/Game/Earth" FILE="../../../../../../KN/InSkillTreeLap/DirectX/UE4_Day10_Project_Start/Content/Earth.uasset" SILENT=true
[2018.05.04-07.49.33:682][849]LogSavePackage: Save=211.43ms
[2018.05.04-07.49.33:682][849]LogSavePackage: Moving '../../../../../../KN/InSkillTreeLap/DirectX/UE4_Day10_Project_Start/Saved/EarthC41A360E4797EE1E33D6D09811131CD5.tmp' to '../../../../../../KN/InSkillTreeLap/DirectX/UE4_Day10_Project_Start/Content/Earth.uasset'
[2018.05.04-07.49.33:685][849]LogSavePackage: Display: Finished SavePackage ../../../../../../KN/InSkillTreeLap/DirectX/UE4_Day10_Project_Start/Content/Earth.uasset
[2018.05.04-07.49.33:698][849]Cmd: OBJ SAVEPACKAGE PACKAGE="/Game/EarthClouds" FILE="../../../../../../KN/InSkillTreeLap/DirectX/UE4_Day10_Project_Start/Content/EarthClouds.uasset" SILENT=true
[2018.05.04-07.49.34:008][849]LogSavePackage: Save=306.25ms
[2018.05.04-07.49.34:009][849]LogSavePackage: Moving '../../../../../../KN/InSkillTreeLap/DirectX/UE4_Day10_Project_Start/Saved/EarthClouds0E0D7C4946BDC6380D9515A548D576DE.tmp' to '../../../../../../KN/InSkillTreeLap/DirectX/UE4_Day10_Project_Start/Content/EarthClouds.uasset'
[2018.05.04-07.49.34:011][849]LogSavePackage: Display: Finished SavePackage ../../../../../../KN/InSkillTreeLap/DirectX/UE4_Day10_Project_Start/Content/EarthClouds.uasset
[2018.05.04-07.49.34:022][849]Cmd: OBJ SAVEPACKAGE PACKAGE="/Game/EarthNight" FILE="../../../../../../KN/InSkillTreeLap/DirectX/UE4_Day10_Project_Start/Content/EarthNight.uasset" SILENT=true
[2018.05.04-07.49.34:170][849]LogSavePackage: Save=145.85ms
[2018.05.04-07.49.34:170][849]LogSavePackage: Moving '../../../../../../KN/InSkillTreeLap/DirectX/UE4_Day10_Project_Start/Saved/EarthNightF455898C49463BFBE6B9FDBAD99AD28B.tmp' to '../../../../../../KN/InSkillTreeLap/DirectX/UE4_Day10_Project_Start/Content/EarthNight.uasset'
[2018.05.04-07.49.34:173][849]LogSavePackage: Display: Finished SavePackage ../../../../../../KN/InSkillTreeLap/DirectX/UE4_Day10_Project_Start/Content/EarthNight.uasset
[2018.05.04-07.49.37:190][ 54]AssetReimport: /Game/Earth 새 애셋 임포트중.
[2018.05.04-07.49.37:190][ 54]AssetReimport: /Game/EarthClouds 새 애셋 임포트중.
[2018.05.04-07.49.37:190][ 54]AssetReimport: /Game/EarthNight 새 애셋 임포트중.
[2018.05.04-07.53.54:332][ 73]LogFileHelpers: Editor autosave (incl. sublevels) for '/Game/Maps/Step02_ActorMerge' took 0.014
[2018.05.04-07.53.54:334][ 73]OBJ SavePackage: Generating thumbnails for [1] asset(s) in package [/Game/Blueprint/Warrior_Montage] ([1] browsable assets)...
[2018.05.04-07.53.54:346][ 73]OBJ SavePackage:     Rendered thumbnail for [AnimMontage /Game/Blueprint/Warrior_Montage.Warrior_Montage]
[2018.05.04-07.53.54:346][ 73]OBJ SavePackage: Finished generating thumbnails for package [/Game/Blueprint/Warrior_Montage]
[2018.05.04-07.53.54:368][ 73]LogSavePackage: Save=14.23ms
[2018.05.04-07.53.54:369][ 73]LogSavePackage: Moving '../../../../../../KN/InSkillTreeLap/DirectX/UE4_Day10_Project_Start/Saved/Warrior_Montage_Auto2EFB98CCC4297337D8FE0258A358F8B3A.tmp' to '../../../../../../KN/InSkillTreeLap/DirectX/UE4_Day10_Project_Start/Saved/Autosaves/Game/Blueprint/Warrior_Montage_Auto2.uasset'
[2018.05.04-07.53.54:371][ 73]LogSavePackage: Display: Finished SavePackage ../../../../../../KN/InSkillTreeLap/DirectX/UE4_Day10_Project_Start/Saved/Autosaves/Game/Blueprint/Warrior_Montage_Auto2.uasset
[2018.05.04-07.53.54:371][ 73]LogFileHelpers: Auto-saving content packages took 0.038
[2018.05.04-08.00.05:623][439]LogActorComponent: RegisterComponentWithWorld: (/Engine/Transient.World_7:PersistentLevel.Actor_1.DebugSkelMeshComponent_2) Already registered. Aborting.
[2018.05.04-08.00.05:953][439]LogContentBrowser: Native class hierarchy updated for 'BlueprintGraph' in 0.0014 seconds. Added 116 classes and 0 folders.
[2018.05.04-08.00.07:030][439]LogSlate: Took 0.000238 seconds to synchronously load lazily loaded font '../../../Engine/Content/Slate/Fonts/Roboto-BoldCondensed.ttf' (158K)
[2018.05.04-08.00.07:248][439]LogContentBrowser: Verbose: The majority of assets in the view are of type: AnimSequence
[2018.05.04-08.00.07:270][440]LogSlate: Took 0.000307 seconds to synchronously load lazily loaded font '../../../Engine/Content/Slate/Fonts/Roboto-Italic.ttf' (157K)
[2018.05.04-08.50.31:659][ 53]LogSlate: FSceneViewport::OnFocusLost() reason 0
[2018.05.04-08.50.50:067][344]LogRenderer: Reallocating scene render targets to support 1232x632 Format 9 NumSamples 1 (Frame:1).
[2018.05.04-12.58.40:226][811]LogInit: XAudio2 using '디지털 오디오(S/PDIF)(High Definition Audio 장치)' : 2 channels at 48 kHz using 16 bits per sample (channel mask 0x3)
[2018.05.04-16.37.57:294][278]LogInit: XAudio2 using '디지털 오디오(S/PDIF)(High Definition Audio 장치)' : 2 channels at 48 kHz using 16 bits per sample (channel mask 0x3)
[2018.05.04-16.46.35:677][833]LogInit: XAudio2 using '디지털 오디오(S/PDIF)(High Definition Audio 장치)' : 2 channels at 48 kHz using 16 bits per sample (channel mask 0x3)
[2018.05.04-17.34.49:950][515]LogInit: XAudio2 using '디지털 오디오(S/PDIF)(High Definition Audio 장치)' : 2 channels at 48 kHz using 16 bits per sample (channel mask 0x3)
[2018.05.04-19.18.23:709][153]LogInit: XAudio2 using '디지털 오디오(S/PDIF)(High Definition Audio 장치)' : 2 channels at 48 kHz using 16 bits per sample (channel mask 0x3)
[2018.05.04-19.18.23:994][154]LogInit: XAudio2 using '디지털 오디오(S/PDIF)(High Definition Audio 장치)' : 2 channels at 48 kHz using 16 bits per sample (channel mask 0x3)
[2018.05.04-19.25.31:207][434]LogInit: XAudio2 using '디지털 오디오(S/PDIF)(High Definition Audio 장치)' : 2 channels at 48 kHz using 16 bits per sample (channel mask 0x3)
[2018.05.04-21.01.04:683][632]LogInit: XAudio2 using '디지털 오디오(S/PDIF)(High Definition Audio 장치)' : 2 channels at 48 kHz using 16 bits per sample (channel mask 0x3)
[2018.05.04-23.15.50:096][885]LogInit: XAudio2 using '디지털 오디오(S/PDIF)(High Definition Audio 장치)' : 2 channels at 48 kHz using 16 bits per sample (channel mask 0x3)
[2018.05.05-05.11.30:238][897]LogInit: XAudio2 using '디지털 오디오(S/PDIF)(High Definition Audio 장치)' : 2 channels at 48 kHz using 16 bits per sample (channel mask 0x3)
[2018.05.05-05.38.48:827][812]LogInit: XAudio2 using '디지털 오디오(S/PDIF)(High Definition Audio 장치)' : 2 channels at 48 kHz using 16 bits per sample (channel mask 0x3)
[2018.05.05-06.35.08:133][949]LogInit: XAudio2 using '디지털 오디오(S/PDIF)(High Definition Audio 장치)' : 2 channels at 48 kHz using 16 bits per sample (channel mask 0x3)
[2018.05.05-11.10.53:284][577]LogInit: XAudio2 using '디지털 오디오(S/PDIF)(High Definition Audio 장치)' : 2 channels at 48 kHz using 16 bits per sample (channel mask 0x3)
[2018.05.05-12.36.34:829][  1]LogInit: XAudio2 using '디지털 오디오(S/PDIF)(High Definition Audio 장치)' : 2 channels at 48 kHz using 16 bits per sample (channel mask 0x3)
[2018.05.05-12.58.51:375][ 10]LogInit: XAudio2 using '디지털 오디오(S/PDIF)(High Definition Audio 장치)' : 2 channels at 48 kHz using 16 bits per sample (channel mask 0x3)
[2018.05.05-13.44.52:560][293]LogInit: XAudio2 using '디지털 오디오(S/PDIF)(High Definition Audio 장치)' : 2 channels at 48 kHz using 16 bits per sample (channel mask 0x3)
[2018.05.05-22.02.01:210][769]LogInit: XAudio2 using '디지털 오디오(S/PDIF)(High Definition Audio 장치)' : 2 channels at 48 kHz using 16 bits per sample (channel mask 0x3)
[2018.05.05-23.26.11:642][918]LogInit: XAudio2 using '디지털 오디오(S/PDIF)(High Definition Audio 장치)' : 2 channels at 48 kHz using 16 bits per sample (channel mask 0x3)
[2018.05.06-00.18.44:283][375]LogInit: XAudio2 using '디지털 오디오(S/PDIF)(High Definition Audio 장치)' : 2 channels at 48 kHz using 16 bits per sample (channel mask 0x3)
[2018.05.06-00.49.34:411][924]LogInit: XAudio2 using '디지털 오디오(S/PDIF)(High Definition Audio 장치)' : 2 channels at 48 kHz using 16 bits per sample (channel mask 0x3)
[2018.05.06-00.49.34:637][925]LogInit: XAudio2 using '디지털 오디오(S/PDIF)(High Definition Audio 장치)' : 2 channels at 48 kHz using 16 bits per sample (channel mask 0x3)
[2018.05.06-02.22.23:765][630]LogInit: XAudio2 using '디지털 오디오(S/PDIF)(High Definition Audio 장치)' : 2 channels at 48 kHz using 16 bits per sample (channel mask 0x3)
[2018.05.06-05.46.37:098][386]LogInit: XAudio2 using '디지털 오디오(S/PDIF)(High Definition Audio 장치)' : 2 channels at 48 kHz using 16 bits per sample (channel mask 0x3)
[2018.05.06-06.54.53:646][674]LogInit: XAudio2 using '디지털 오디오(S/PDIF)(High Definition Audio 장치)' : 2 channels at 48 kHz using 16 bits per sample (channel mask 0x3)
[2018.05.06-07.41.49:283][120]LogInit: XAudio2 using '디지털 오디오(S/PDIF)(High Definition Audio 장치)' : 2 channels at 48 kHz using 16 bits per sample (channel mask 0x3)
[2018.05.06-08.41.59:979][951]LogInit: XAudio2 using '디지털 오디오(S/PDIF)(High Definition Audio 장치)' : 2 channels at 48 kHz using 16 bits per sample (channel mask 0x3)
[2018.05.06-09.30.00:268][578]LogInit: XAudio2 using '디지털 오디오(S/PDIF)(High Definition Audio 장치)' : 2 channels at 48 kHz using 16 bits per sample (channel mask 0x3)
[2018.05.06-11.48.09:523][443]LogInit: XAudio2 using '디지털 오디오(S/PDIF)(High Definition Audio 장치)' : 2 channels at 48 kHz using 16 bits per sample (channel mask 0x3)
[2018.05.06-12.04.49:865][443]LogInit: XAudio2 using '디지털 오디오(S/PDIF)(High Definition Audio 장치)' : 2 channels at 48 kHz using 16 bits per sample (channel mask 0x3)
[2018.05.06-12.04.50:099][444]LogInit: XAudio2 using '디지털 오디오(S/PDIF)(High Definition Audio 장치)' : 2 channels at 48 kHz using 16 bits per sample (channel mask 0x3)
[2018.05.06-12.46.22:696][920]LogInit: XAudio2 using '디지털 오디오(S/PDIF)(High Definition Audio 장치)' : 2 channels at 48 kHz using 16 bits per sample (channel mask 0x3)
[2018.05.06-12.46.22:921][921]LogInit: XAudio2 using '디지털 오디오(S/PDIF)(High Definition Audio 장치)' : 2 channels at 48 kHz using 16 bits per sample (channel mask 0x3)
[2018.05.06-15.19.27:704][472]LogInit: XAudio2 using '디지털 오디오(S/PDIF)(High Definition Audio 장치)' : 2 channels at 48 kHz using 16 bits per sample (channel mask 0x3)
[2018.05.06-16.55.54:512][831]LogInit: XAudio2 using '디지털 오디오(S/PDIF)(High Definition Audio 장치)' : 2 channels at 48 kHz using 16 bits per sample (channel mask 0x3)
[2018.05.06-21.26.40:139][562]LogInit: XAudio2 using '디지털 오디오(S/PDIF)(High Definition Audio 장치)' : 2 channels at 48 kHz using 16 bits per sample (channel mask 0x3)
[2018.05.06-21.26.40:264][563]LogInit: XAudio2 using '디지털 오디오(S/PDIF)(High Definition Audio 장치)' : 2 channels at 48 kHz using 16 bits per sample (channel mask 0x3)
[2018.05.06-21.28.18:799][858]LogInit: XAudio2 using '디지털 오디오(S/PDIF)(High Definition Audio 장치)' : 2 channels at 48 kHz using 16 bits per sample (channel mask 0x3)
[2018.05.07-02.19.27:224][258]LogInit: XAudio2 using '디지털 오디오(S/PDIF)(High Definition Audio 장치)' : 2 channels at 48 kHz using 16 bits per sample (channel mask 0x3)
[2018.05.07-05.35.11:400][487]LogInit: XAudio2 using '디지털 오디오(S/PDIF)(High Definition Audio 장치)' : 2 channels at 48 kHz using 16 bits per sample (channel mask 0x3)
[2018.05.07-07.21.24:702][605]LogInit: XAudio2 using '디지털 오디오(S/PDIF)(High Definition Audio 장치)' : 2 channels at 48 kHz using 16 bits per sample (channel mask 0x3)
[2018.05.07-10.22.15:725][148]LogInit: XAudio2 using '디지털 오디오(S/PDIF)(High Definition Audio 장치)' : 2 channels at 48 kHz using 16 bits per sample (channel mask 0x3)
[2018.05.07-13.47.33:506][ 98]LogInit: XAudio2 using '디지털 오디오(S/PDIF)(High Definition Audio 장치)' : 2 channels at 48 kHz using 16 bits per sample (channel mask 0x3)
[2018.05.07-14.35.42:801][765]LogInit: XAudio2 using '디지털 오디오(S/PDIF)(High Definition Audio 장치)' : 2 channels at 48 kHz using 16 bits per sample (channel mask 0x3)
[2018.05.07-14.35.43:204][766]LogInit: XAudio2 using '디지털 오디오(S/PDIF)(High Definition Audio 장치)' : 2 channels at 48 kHz using 16 bits per sample (channel mask 0x3)
[2018.05.08-00.18.34:469][668]LogInit: XAudio2 using '디지털 오디오(S/PDIF)(High Definition Audio 장치)' : 2 channels at 48 kHz using 16 bits per sample (channel mask 0x3)
