Log file open, 05/01/18 16:45:29
LogWindows: Failed to load 'aqProf.dll' (GetLastError=126)
LogWindows: File 'aqProf.dll' does not exist
LogWindows: Failed to load 'VtuneApi.dll' (GetLastError=126)
LogWindows: File 'VtuneApi.dll' does not exist
LogWindows: Failed to load 'VtuneApi32e.dll' (GetLastError=126)
LogWindows: File 'VtuneApi32e.dll' does not exist
LogInit: Display: Running engine for game: UE4_Day4Project
LogPlatformFile: Not using cached read wrapper
LogInit: Display: RandInit(1529049618) SRandInit(1529049618).
LogInit: Read version file with build ID '3944462'
LogInit: Overriding engine version to CL 3989454, compatible CL 3944462
LogInit: Registered custom module enumerator with build ID '3944462'
LogTaskGraph: Started task graph with 5 named threads and 14 total threads with 3 sets of task threads.
LogStats: Stats thread started at 0.169079
LogD3D11RHI: Aftermath initialized
LogICUInternationalization: Display: ICU TimeZone Detection - Raw Offset: +9:00, Platform Override: ''
LogModuleManager: Display: Found up-to-date module file ../../../Engine/Plugins/2D/Paper2D/Binaries/Win64/UE4Editor-Paper2D.dll (API version 3944462).
LogModuleManager: Display: Found up-to-date module file ../../../Engine/Plugins/2D/Paper2D/Binaries/Win64/UE4Editor-Paper2DEditor.dll (API version 3944462).
LogModuleManager: Display: Found up-to-date module file ../../../Engine/Plugins/2D/Paper2D/Binaries/Win64/UE4Editor-PaperSpriteSheetImporter.dll (API version 3944462).
LogModuleManager: Display: Found up-to-date module file ../../../Engine/Plugins/2D/Paper2D/Binaries/Win64/UE4Editor-PaperTiledImporter.dll (API version 3944462).
LogModuleManager: Display: Found up-to-date module file ../../../Engine/Plugins/2D/Paper2D/Binaries/Win64/UE4Editor-SmartSnapping.dll (API version 3944462).
LogModuleManager: Display: Found up-to-date module file ../../../Engine/Plugins/Blendables/LightPropagationVolume/Binaries/Win64/UE4Editor-LightPropagationVolumeRuntime.dll (API version 3944462).
LogModuleManager: Display: Found up-to-date module file ../../../Engine/Plugins/Blendables/LightPropagationVolume/Binaries/Win64/UE4Editor-LightPropagationVolumeEditor.dll (API version 3944462).
LogModuleManager: Display: Found up-to-date module file ../../../Engine/Plugins/Developer/CLionSourceCodeAccess/Binaries/Win64/UE4Editor-CLionSourceCodeAccess.dll (API version 3944462).
LogModuleManager: Display: Found up-to-date module file ../../../Engine/Plugins/Developer/GitSourceControl/Binaries/Win64/UE4Editor-GitSourceControl.dll (API version 3944462).
LogModuleManager: Display: Found up-to-date module file ../../../Engine/Plugins/Developer/PerforceSourceControl/Binaries/Win64/UE4Editor-PerforceSourceControl.dll (API version 3944462).
LogModuleManager: Display: Found up-to-date module file ../../../Engine/Plugins/Developer/SubversionSourceControl/Binaries/Win64/UE4Editor-SubversionSourceControl.dll (API version 3944462).
LogModuleManager: Display: Found up-to-date module file ../../../Engine/Plugins/Developer/UObjectPlugin/Binaries/Win64/UE4Editor-UObjectPlugin.dll (API version 3944462).
LogModuleManager: Display: Found up-to-date module file ../../../Engine/Plugins/Developer/VisualStudioCodeSourceCodeAccess/Binaries/Win64/UE4Editor-VisualStudioCodeSourceCodeAccess.dll (API version 3944462).
LogModuleManager: Display: Found up-to-date module file ../../../Engine/Plugins/Developer/VisualStudioSourceCodeAccess/Binaries/Win64/UE4Editor-VisualStudioSourceCodeAccess.dll (API version 3944462).
LogModuleManager: Display: Found up-to-date module file ../../../Engine/Plugins/Editor/AssetManagerEditor/Binaries/Win64/UE4Editor-AssetManagerEditor.dll (API version 3944462).
LogModuleManager: Display: Found up-to-date module file ../../../Engine/Plugins/Editor/CryptoKeys/Binaries/Win64/UE4Editor-CryptoKeys.dll (API version 3944462).
LogModuleManager: Display: Found up-to-date module file ../../../Engine/Plugins/Editor/CryptoKeys/Binaries/Win64/UE4Editor-CryptoKeysOpenSSL.dll (API version 3944462).
LogModuleManager: Display: Found up-to-date module file ../../../Engine/Plugins/Editor/DataValidation/Binaries/Win64/UE4Editor-DataValidation.dll (API version 3944462).
LogModuleManager: Display: Found up-to-date module file ../../../Engine/Plugins/Editor/FacialAnimation/Binaries/Win64/UE4Editor-FacialAnimation.dll (API version 3944462).
LogModuleManager: Display: Found up-to-date module file ../../../Engine/Plugins/Editor/FacialAnimation/Binaries/Win64/UE4Editor-FacialAnimationEditor.dll (API version 3944462).
LogModuleManager: Display: Found up-to-date module file ../../../Engine/Plugins/Editor/GameplayTagsEditor/Binaries/Win64/UE4Editor-GameplayTagsEditor.dll (API version 3944462).
LogModuleManager: Display: Found up-to-date module file ../../../Engine/Plugins/Editor/MobileLauncherProfileWizard/Binaries/Win64/UE4Editor-MobileLauncherProfileWizard.dll (API version 3944462).
LogModuleManager: Display: Found up-to-date module file ../../../Engine/Plugins/Editor/PluginBrowser/Binaries/Win64/UE4Editor-PluginBrowser.dll (API version 3944462).
LogModuleManager: Display: Found up-to-date module file ../../../Engine/Plugins/Editor/SpeedTreeImporter/Binaries/Win64/UE4Editor-SpeedTreeImporter.dll (API version 3944462).
LogModuleManager: Display: Found up-to-date module file ../../../Engine/Plugins/Enterprise/DatasmithContent/Binaries/Win64/UE4Editor-DatasmithContent.dll (API version 3944462).
LogModuleManager: Display: Found up-to-date module file ../../../Engine/Plugins/Experimental/AlembicImporter/Binaries/Win64/UE4Editor-AlembicImporter.dll (API version 3944462).
LogModuleManager: Display: Found up-to-date module file ../../../Engine/Plugins/Experimental/AlembicImporter/Binaries/Win64/UE4Editor-AlembicLibrary.dll (API version 3944462).
LogModuleManager: Display: Found up-to-date module file ../../../Engine/Plugins/Experimental/CharacterAI/Binaries/Win64/UE4Editor-CharacterAI.dll (API version 3944462).
LogModuleManager: Display: Found up-to-date module file ../../../Engine/Plugins/Experimental/HTML5Networking/Binaries/Win64/UE4Editor-HTML5Networking.dll (API version 3944462).
LogModuleManager: Display: Found up-to-date module file ../../../Engine/Plugins/Media/AndroidMedia/Binaries/Win64/UE4Editor-AndroidMediaEditor.dll (API version 3944462).
LogModuleManager: Display: Found up-to-date module file ../../../Engine/Plugins/Media/AndroidMedia/Binaries/Win64/UE4Editor-AndroidMediaFactory.dll (API version 3944462).
LogModuleManager: Display: Found up-to-date module file ../../../Engine/Plugins/Media/AvfMedia/Binaries/Win64/UE4Editor-AvfMediaEditor.dll (API version 3944462).
LogModuleManager: Display: Found up-to-date module file ../../../Engine/Plugins/Media/AvfMedia/Binaries/Win64/UE4Editor-AvfMediaFactory.dll (API version 3944462).
LogModuleManager: Display: Found up-to-date module file ../../../Engine/Plugins/Media/AvfMedia/Binaries/Win64/UE4Editor-AvfMediaFactory.dll (API version 3944462).
LogModuleManager: Display: Found up-to-date module file ../../../Engine/Plugins/Media/ImgMedia/Binaries/Win64/UE4Editor-ImgMedia.dll (API version 3944462).
LogModuleManager: Display: Found up-to-date module file ../../../Engine/Plugins/Media/ImgMedia/Binaries/Win64/UE4Editor-ImgMediaEditor.dll (API version 3944462).
LogModuleManager: Display: Found up-to-date module file ../../../Engine/Plugins/Media/ImgMedia/Binaries/Win64/UE4Editor-ImgMediaFactory.dll (API version 3944462).
LogModuleManager: Display: Found up-to-date module file ../../../Engine/Plugins/Media/ImgMedia/Binaries/Win64/UE4Editor-ImgMediaFactory.dll (API version 3944462).
LogModuleManager: Display: Found up-to-date module file ../../../Engine/Plugins/Media/ImgMedia/Binaries/Win64/UE4Editor-OpenExrWrapper.dll (API version 3944462).
LogModuleManager: Display: Found up-to-date module file ../../../Engine/Plugins/Media/LinearTimecode/Binaries/Win64/UE4Editor-LinearTimecode.dll (API version 3944462).
LogModuleManager: Display: Found up-to-date module file ../../../Engine/Plugins/Media/MediaCompositing/Binaries/Win64/UE4Editor-MediaCompositing.dll (API version 3944462).
LogModuleManager: Display: Found up-to-date module file ../../../Engine/Plugins/Media/MediaCompositing/Binaries/Win64/UE4Editor-MediaCompositingEditor.dll (API version 3944462).
LogModuleManager: Display: Found up-to-date module file ../../../Engine/Plugins/Media/MediaPlayerEditor/Binaries/Win64/UE4Editor-MediaPlayerEditor.dll (API version 3944462).
LogModuleManager: Display: Found up-to-date module file ../../../Engine/Plugins/Media/WmfMedia/Binaries/Win64/UE4Editor-WmfMedia.dll (API version 3944462).
LogModuleManager: Display: Found up-to-date module file ../../../Engine/Plugins/Media/WmfMedia/Binaries/Win64/UE4Editor-WmfMediaEditor.dll (API version 3944462).
LogModuleManager: Display: Found up-to-date module file ../../../Engine/Plugins/Media/WmfMedia/Binaries/Win64/UE4Editor-WmfMediaFactory.dll (API version 3944462).
LogModuleManager: Display: Found up-to-date module file ../../../Engine/Plugins/Media/WmfMedia/Binaries/Win64/UE4Editor-WmfMediaFactory.dll (API version 3944462).
LogModuleManager: Display: Found up-to-date module file ../../../Engine/Plugins/Messaging/TcpMessaging/Binaries/Win64/UE4Editor-TcpMessaging.dll (API version 3944462).
LogModuleManager: Display: Found up-to-date module file ../../../Engine/Plugins/Messaging/UdpMessaging/Binaries/Win64/UE4Editor-UdpMessaging.dll (API version 3944462).
LogModuleManager: Display: Found up-to-date module file ../../../Engine/Plugins/MovieScene/ActorSequence/Binaries/Win64/UE4Editor-ActorSequence.dll (API version 3944462).
LogModuleManager: Display: Found up-to-date module file ../../../Engine/Plugins/MovieScene/LevelSequenceEditor/Binaries/Win64/UE4Editor-LevelSequenceEditor.dll (API version 3944462).
LogModuleManager: Display: Found up-to-date module file ../../../Engine/Plugins/MovieScene/MatineeToLevelSequence/Binaries/Win64/UE4Editor-MatineeToLevelSequence.dll (API version 3944462).
LogModuleManager: Display: Found up-to-date module file ../../../Engine/Plugins/NetcodeUnitTest/NetcodeUnitTest/Binaries/Win64/UE4Editor-NetcodeUnitTest.dll (API version 3944462).
LogModuleManager: Display: Found up-to-date module file ../../../Engine/Plugins/NetcodeUnitTest/NUTUnrealEngine4/Binaries/Win64/UE4Editor-NUTUnrealEngine4.dll (API version 3944462).
LogModuleManager: Display: Found up-to-date module file ../../../Engine/Plugins/Online/OnlineSubsystem/Binaries/Win64/UE4Editor-OnlineSubsystem.dll (API version 3944462).
LogModuleManager: Display: Found up-to-date module file ../../../Engine/Plugins/Runtime/AndroidPermission/Binaries/Win64/UE4Editor-AndroidPermission.dll (API version 3944462).
LogModuleManager: Display: Found up-to-date module file ../../../Engine/Plugins/Online/OnlineSubsystemNull/Binaries/Win64/UE4Editor-OnlineSubsystemNull.dll (API version 3944462).
LogModuleManager: Display: Found up-to-date module file ../../../Engine/Plugins/Online/OnlineSubsystemUtils/Binaries/Win64/UE4Editor-OnlineSubsystemUtils.dll (API version 3944462).
LogModuleManager: Display: Found up-to-date module file ../../../Engine/Plugins/Online/OnlineSubsystemUtils/Binaries/Win64/UE4Editor-OnlineBlueprintSupport.dll (API version 3944462).
LogModuleManager: Display: Found up-to-date module file ../../../Engine/Plugins/Runtime/AndroidDeviceProfileSelector/Binaries/Win64/UE4Editor-AndroidDeviceProfileSelector.dll (API version 3944462).
LogModuleManager: Display: Found up-to-date module file ../../../Engine/Plugins/Runtime/AppleARKit/Binaries/Win64/UE4Editor-AppleARKit.dll (API version 3944462).
LogModuleManager: Display: Found up-to-date module file ../../../Engine/Plugins/Runtime/ProceduralMeshComponent/Binaries/Win64/UE4Editor-ProceduralMeshComponent.dll (API version 3944462).
LogModuleManager: Display: Found up-to-date module file ../../../Engine/Plugins/Runtime/ProceduralMeshComponent/Binaries/Win64/UE4Editor-ProceduralMeshComponentEditor.dll (API version 3944462).
LogModuleManager: Display: Found up-to-date module file ../../../Engine/Plugins/Animation/LiveLink/Binaries/Win64/UE4Editor-LiveLink.dll (API version 3944462).
LogModuleManager: Display: Found up-to-date module file ../../../Engine/Plugins/Animation/LiveLink/Binaries/Win64/UE4Editor-LiveLinkEditor.dll (API version 3944462).
LogModuleManager: Display: Found up-to-date module file ../../../Engine/Plugins/Runtime/ArchVisCharacter/Binaries/Win64/UE4Editor-ArchVisCharacter.dll (API version 3944462).
LogModuleManager: Display: Found up-to-date module file ../../../Engine/Plugins/Runtime/AudioCapture/Binaries/Win64/UE4Editor-AudioCapture.dll (API version 3944462).
LogModuleManager: Display: Found up-to-date module file ../../../Engine/Plugins/Runtime/AudioCapture/Binaries/Win64/UE4Editor-AudioCaptureEditor.dll (API version 3944462).
LogModuleManager: Display: Found up-to-date module file ../../../Engine/Plugins/Runtime/CableComponent/Binaries/Win64/UE4Editor-CableComponent.dll (API version 3944462).
LogModuleManager: Display: Found up-to-date module file ../../../Engine/Plugins/Runtime/CustomMeshComponent/Binaries/Win64/UE4Editor-CustomMeshComponent.dll (API version 3944462).
LogModuleManager: Display: Found up-to-date module file ../../../Engine/Plugins/Runtime/ExampleDeviceProfileSelector/Binaries/Win64/UE4Editor-ExampleDeviceProfileSelector.dll (API version 3944462).
LogModuleManager: Display: Found up-to-date module file ../../../Engine/Plugins/Runtime/ImmediatePhysics/Binaries/Win64/UE4Editor-ImmediatePhysics.dll (API version 3944462).
LogModuleManager: Display: Found up-to-date module file ../../../Engine/Plugins/Runtime/ImmediatePhysics/Binaries/Win64/UE4Editor-ImmediatePhysicsEditor.dll (API version 3944462).
LogModuleManager: Display: Found up-to-date module file ../../../Engine/Plugins/Runtime/LocationServicesBPLibrary/Binaries/Win64/UE4Editor-LocationServicesBPLibrary.dll (API version 3944462).
LogModuleManager: Display: Found up-to-date module file ../../../Engine/Plugins/Runtime/MobilePatchingUtils/Binaries/Win64/UE4Editor-MobilePatchingUtils.dll (API version 3944462).
LogModuleManager: Display: Found up-to-date module file ../../../Engine/Plugins/Runtime/Oculus/OculusVR/Binaries/Win64/UE4Editor-OculusHMD.dll (API version 3944462).
LogModuleManager: Display: Found up-to-date module file ../../../Engine/Plugins/Runtime/Oculus/OculusVR/Binaries/Win64/UE4Editor-OculusInput.dll (API version 3944462).
LogModuleManager: Display: Found up-to-date module file ../../../Engine/Plugins/Runtime/Oculus/OculusVR/Binaries/Win64/UE4Editor-OculusEditor.dll (API version 3944462).
LogModuleManager: Display: Found up-to-date module file ../../../Engine/Plugins/Runtime/PhysXVehicles/Binaries/Win64/UE4Editor-PhysXVehicles.dll (API version 3944462).
LogModuleManager: Display: Found up-to-date module file ../../../Engine/Plugins/Runtime/PhysXVehicles/Binaries/Win64/UE4Editor-PhysXVehiclesEditor.dll (API version 3944462).
LogModuleManager: Display: Found up-to-date module file ../../../Engine/Plugins/Runtime/RuntimePhysXCooking/Binaries/Win64/UE4Editor-RuntimePhysXCooking.dll (API version 3944462).
LogModuleManager: Display: Found up-to-date module file ../../../Engine/Plugins/Runtime/Steam/SteamVR/Binaries/Win64/UE4Editor-SteamVR.dll (API version 3944462).
LogModuleManager: Display: Found up-to-date module file ../../../Engine/Plugins/Runtime/Steam/SteamVR/Binaries/Win64/UE4Editor-SteamVRController.dll (API version 3944462).
LogModuleManager: Display: Found up-to-date module file ../../../Engine/Plugins/Runtime/WindowsMoviePlayer/Binaries/Win64/UE4Editor-WindowsMoviePlayer.dll (API version 3944462).
LogPluginManager: Mounting plugin Paper2D
LogPluginManager: Mounting plugin LiveLink
LogPluginManager: Mounting plugin LightPropagationVolume
LogPluginManager: Mounting plugin CLionSourceCodeAccess
LogPluginManager: Mounting plugin CodeLiteSourceCodeAccess
LogPluginManager: Mounting plugin GitSourceControl
LogPluginManager: Mounting plugin KDevelopSourceCodeAccess
LogPluginManager: Mounting plugin NullSourceCodeAccess
LogPluginManager: Mounting plugin PerforceSourceControl
LogPluginManager: Mounting plugin SubversionSourceControl
LogPluginManager: Mounting plugin UObjectPlugin
LogPluginManager: Mounting plugin VisualStudioCodeSourceCodeAccess
LogPluginManager: Mounting plugin VisualStudioSourceCodeAccess
LogPluginManager: Mounting plugin XCodeSourceCodeAccess
LogPluginManager: Mounting plugin AssetManagerEditor
LogPluginManager: Mounting plugin CryptoKeys
LogPluginManager: Mounting plugin DataValidation
LogPluginManager: Mounting plugin FacialAnimation
LogPluginManager: Mounting plugin GameplayTagsEditor
LogPluginManager: Mounting plugin MobileLauncherProfileWizard
LogPluginManager: Mounting plugin PluginBrowser
LogPluginManager: Mounting plugin SpeedTreeImporter
LogPluginManager: Mounting plugin DatasmithContent
LogPluginManager: Mounting plugin AlembicImporter
LogPluginManager: Mounting plugin CharacterAI
LogPluginManager: Mounting plugin HTML5Networking
LogPluginManager: Mounting plugin AndroidMedia
LogPluginManager: Mounting plugin AvfMedia
LogPluginManager: Mounting plugin ImgMedia
LogPluginManager: Mounting plugin LinearTimecode
LogPluginManager: Mounting plugin MediaCompositing
LogPluginManager: Mounting plugin MediaPlayerEditor
LogPluginManager: Mounting plugin WmfMedia
LogPluginManager: Mounting plugin TcpMessaging
LogPluginManager: Mounting plugin UdpMessaging
LogPluginManager: Mounting plugin ActorSequence
LogPluginManager: Mounting plugin LevelSequenceEditor
LogPluginManager: Mounting plugin MatineeToLevelSequence
LogPluginManager: Mounting plugin NetcodeUnitTest
LogPluginManager: Mounting plugin NUTUnrealEngine4
LogPluginManager: Mounting plugin OnlineSubsystemGooglePlay
LogPluginManager: Mounting plugin OnlineSubsystemIOS
LogPluginManager: Mounting plugin OnlineSubsystem
LogPluginManager: Mounting plugin OnlineSubsystemNull
LogPluginManager: Mounting plugin OnlineSubsystemUtils
LogPluginManager: Mounting plugin AndroidDeviceProfileSelector
LogPluginManager: Mounting plugin AndroidMoviePlayer
LogPluginManager: Mounting plugin AndroidPermission
LogPluginManager: Mounting plugin AppleARKit
LogPluginManager: Mounting plugin AppleMoviePlayer
LogPluginManager: Mounting plugin ArchVisCharacter
LogPluginManager: Mounting plugin AudioCapture
LogPluginManager: Mounting plugin CableComponent
LogPluginManager: Mounting plugin CustomMeshComponent
LogPluginManager: Mounting plugin ExampleDeviceProfileSelector
LogPluginManager: Mounting plugin GoogleCloudMessaging
LogPluginManager: Mounting plugin ImmediatePhysics
LogPluginManager: Mounting plugin IOSDeviceProfileSelector
LogPluginManager: Mounting plugin LinuxDeviceProfileSelector
LogPluginManager: Mounting plugin LocationServicesBPLibrary
LogPluginManager: Mounting plugin MobilePatchingUtils
LogPluginManager: Mounting plugin OculusVR
LogPluginManager: Plugin shader directory ../../../Engine/Plugins/Runtime/Oculus/OculusVR/Shaders found
LogPluginManager: Mapping shader source directory ../../../Engine/Plugins/Runtime/Oculus/OculusVR/Shaders to virtual directory /Plugin/OculusVR
LogPluginManager: Mounting plugin PhysXVehicles
LogPluginManager: Mounting plugin ProceduralMeshComponent
LogPluginManager: Mounting plugin RuntimePhysXCooking
LogPluginManager: Mounting plugin SteamVR
LogPluginManager: Mounting plugin WindowsMoviePlayer
LogStreaming: Display: Took  0.796s to configure plugins.
LogInit: Using libcurl 7.47.1
LogInit:  - built for x86_64-pc-win32
LogInit:  - supports SSL with OpenSSL/1.0.2g
LogInit:  - supports HTTP deflate (compression) using libz 1.2.8
LogInit:  - other features:
LogInit:      CURL_VERSION_SSL
LogInit:      CURL_VERSION_LIBZ
LogInit:      CURL_VERSION_IPV6
LogInit:      CURL_VERSION_ASYNCHDNS
LogInit:      CURL_VERSION_LARGEFILE
LogInit:      CURL_VERSION_IDN
LogInit:  CurlRequestOptions (configurable via config and command line):
LogInit:  - bVerifyPeer = false  - Libcurl will NOT verify peer certificate
LogInit:  - bUseHttpProxy = false  - Libcurl will NOT use HTTP proxy
LogInit:  - bDontReuseConnections = false  - Libcurl will reuse connections
LogInit:  - CertBundlePath = nullptr  - Libcurl will use whatever was configured at build time.
LogInit:  - MaxHostConnections = 16  - Libcurl will limit the number of connections to a host
LogInit:  - LocalHostAddr = Default
LogInit: WinSock: version 1.1 (2.2), MaxSocks=32767, MaxUdp=65467
LogInit: WinSock: I am DESKTOP-V7RR6M0 (192.168.0.140:0)
LogInit: Build: ++UE4+Release-4.19-CL-3989454
LogInit: Engine Version: 4.19.1-3989454+++UE4+Release-4.19
LogInit: Compatible Engine Version: 4.19.0-3944462+++UE4+Release-4.19
LogInit: Net CL: 3944462
LogDevObjectVersion: Number of dev versions registered: 18
LogDevObjectVersion:   Dev-Blueprints (B0D832E4-1F89-4F0D-ACCF-7EB736FD4AA2): 10
LogDevObjectVersion:   Dev-Build (E1C64328-A22C-4D53-A36C-8E866417BD8C): 0
LogDevObjectVersion:   Dev-Core (375EC13C-06E4-48FB-B500-84F0262A717E): 2
LogDevObjectVersion:   Dev-Editor (E4B068ED-F494-42E9-A231-DA0B2E46BB41): 23
LogDevObjectVersion:   Dev-Framework (CFFC743F-43B0-4480-9391-14DF171D2073): 33
LogDevObjectVersion:   Dev-Mobile (B02B49B5-BB20-44E9-A304-32B752E40360): 2
LogDevObjectVersion:   Dev-Networking (A4E4105C-59A1-49B5-A7C5-40C4547EDFEE): 0
LogDevObjectVersion:   Dev-Online (39C831C9-5AE6-47DC-9A44-9C173E1C8E7C): 0
LogDevObjectVersion:   Dev-Physics (78F01B33-EBEA-4F98-B9B4-84EACCB95AA2): 0
LogDevObjectVersion:   Dev-Platform (6631380F-2D4D-43E0-8009-CF276956A95A): 0
LogDevObjectVersion:   Dev-Rendering (12F88B9F-8875-4AFC-A67C-D90C383ABD29): 25
LogDevObjectVersion:   Dev-Sequencer (7B5AE74C-D270-4C10-A958-57980B212A5A): 6
LogDevObjectVersion:   Dev-VR (D7296918-1DD6-4BDD-9DE2-64A83CC13884): 1
LogDevObjectVersion:   Dev-LoadTimes (C2A15278-BFE7-4AFE-6C17-90FF531DF755): 1
LogDevObjectVersion:   Private-Geometry (6EACA3D4-40EC-4CC1-B786-8BED09428FC5): 2
LogDevObjectVersion:   Dev-AnimPhys (29E575DD-E0A3-4627-9D10-D276232CDCEA): 16
LogDevObjectVersion:   Dev-ReflectionCapture (6B266CEC-1EC7-4B8F-A30B-E4D90942FC07): 1
LogDevObjectVersion:   Dev-Automation (0DF73D61-A23F-47EA-B727-89E90C41499A): 1
LogInit: Compiled (64-bit): Apr  6 2018 12:26:04
LogInit: Compiled with Visual C++: 19.00.24215.01
LogInit: Build Configuration: Development
LogInit: Branch Name: ++UE4+Release-4.19
LogInit: Command Line:  
LogInit: Base Directory: C:/Program Files/Epic Games/UE_4.19/Engine/Binaries/Win64/
LogInit: Installed Engine Build: 1
LogStreaming: Display: Took  0.000s to delete old logs.
LogInit: Presizing for max 8388607 objects, including 0 objects not considered by GC, pre-allocating 0 bytes for permanent pool.
LogInit: Object subsystem initialized
[2018.05.01-07.45.30:170][  0]LogInit: Selected Device Profile: [Windows]
[2018.05.01-07.45.30:170][  0]LogInit: Applying CVar settings loaded from the selected device profile: [Windows]
[2018.05.01-07.45.30:182][  0]LogInit: Computer: DESKTOP-V7RR6M0
[2018.05.01-07.45.30:182][  0]LogInit: User: skilltreelab
[2018.05.01-07.45.30:182][  0]LogInit: CPU Page size=4096, Cores=4
[2018.05.01-07.45.30:182][  0]LogInit: High frequency timer resolution =3.117796 MHz
[2018.05.01-07.45.30:182][  0]LogMemory: Memory total: Physical=8.0GB (8GB approx)
[2018.05.01-07.45.30:182][  0]LogMemory: Platform Memory Stats for Windows
[2018.05.01-07.45.30:182][  0]LogMemory: Process Physical Memory: 274.33 MB used, 274.33 MB peak
[2018.05.01-07.45.30:182][  0]LogMemory: Process Virtual Memory: 269.86 MB used, 269.86 MB peak
[2018.05.01-07.45.30:182][  0]LogMemory: Physical Memory: 2991.17 MB used,  5154.95 MB free, 8146.12 MB total
[2018.05.01-07.45.30:182][  0]LogMemory: Virtual Memory: 692.32 MB used,  5154.95 MB free, 134217728.00 MB total
[2018.05.01-07.45.30:198][  0]LogInit: Using OS detected language (ko-KR).
[2018.05.01-07.45.30:198][  0]LogInit: Using OS detected locale (ko-KR).
[2018.05.01-07.45.30:201][  0]LogTextLocalizationManager: No specific localization for 'ko-KR' exists, so the 'ko' localization will be used.
[2018.05.01-07.45.30:588][  0]LogStreaming: Display: Took  0.389s to EndInitTextLocalization.
[2018.05.01-07.45.30:588][  0]LogInit: Setting process to per monitor DPI aware
[2018.05.01-07.45.30:619][  0]LogSlate: New Slate User Created.  User Index 0, Is Virtual User: 0
[2018.05.01-07.45.30:619][  0]LogSlate: Slate User Registered.  User Index 0, Is Virtual User: 0
[2018.05.01-07.45.30:794][  0]LogD3D11RHI: D3D11 adapters:
[2018.05.01-07.45.30:837][  0]LogD3D11RHI:    0. 'NVIDIA GeForce GTX 750' (Feature Level 11_0)
[2018.05.01-07.45.30:837][  0]LogD3D11RHI:       994/0/4073 MB DedicatedVideo/DedicatedSystem/SharedSystem, Outputs:1, VendorId:0x10de
[2018.05.01-07.45.30:838][  0]LogD3D11RHI:    1. 'Microsoft Basic Render Driver' (Feature Level 11_0)
[2018.05.01-07.45.30:839][  0]LogD3D11RHI:       0/0/4073 MB DedicatedVideo/DedicatedSystem/SharedSystem, Outputs:0, VendorId:0x1414
[2018.05.01-07.45.30:839][  0]LogD3D11RHI: Chosen D3D11 Adapter: 0
[2018.05.01-07.45.30:844][  0]LogD3D11RHI: Creating new Direct3DDevice
[2018.05.01-07.45.30:844][  0]LogD3D11RHI:     GPU DeviceId: 0x1381 (for the marketing name, search the web for "GPU Device Id")
[2018.05.01-07.45.30:844][  0]LogWindows: EnumDisplayDevices:
[2018.05.01-07.45.30:844][  0]LogWindows:    0. 'NVIDIA GeForce GTX 750' (P:1 D:1)
[2018.05.01-07.45.30:844][  0]LogWindows:    1. 'NVIDIA GeForce GTX 750' (P:0 D:0)
[2018.05.01-07.45.30:844][  0]LogWindows:    2. 'NVIDIA GeForce GTX 750' (P:0 D:0)
[2018.05.01-07.45.30:844][  0]LogWindows: DebugString: GetVideoDriverDetailsInvalid PrimaryIsNotTheChoosenAdapter GetVideoDriverDetailsInvalid PrimaryIsNotTheChoosenAdapter GetVideoDriverDetailsInvalid PrimaryIsNotTheChoosenAdapter FoundDriverCount:0 
[2018.05.01-07.45.30:844][  0]LogD3D11RHI:     Adapter Name: NVIDIA GeForce GTX 750
[2018.05.01-07.45.30:844][  0]LogD3D11RHI:   Driver Version: Unknown (internal:Unknown, unified:Unknown)
[2018.05.01-07.45.30:844][  0]LogD3D11RHI:      Driver Date: Unknown
[2018.05.01-07.45.30:844][  0]LogRHI: Texture pool is 696 MB (70% of 994 MB)
[2018.05.01-07.45.30:873][  0]LogD3D11RHI: [Aftermath] Aftermath enabled but failed to initialize
[2018.05.01-07.45.30:873][  0]LogD3D11RHI: [Aftermath] Aftermath enabled and primed
[2018.05.01-07.45.30:873][  0]LogD3D11RHI: Async texture creation enabled
[2018.05.01-07.45.30:887][  0]LogD3D11RHI: GPU Timing Frequency: 1000.000000 (Debug: 2 1)
[2018.05.01-07.45.30:888][  0]LogShaderCompilers: Guid format shader working directory is -8 characters bigger than the processId version (../../../../../../KN/InSkillTreeLap/DirectX/UE4_Day6_Project/Intermediate/Shaders/WorkingDirectory/11412/).
[2018.05.01-07.45.30:888][  0]LogShaderCompilers: Cleaned the shader compiler working directory 'C:/Users/skilltreelab/AppData/Local/Temp/UnrealShaderWorkingDir/1B85F45C410D0229F58705B0CA96763B/'.
[2018.05.01-07.45.31:085][  0]LogTemp: Display: Loaded TP AllDesktopTargetPlatform
[2018.05.01-07.45.31:099][  0]LogTemp: Display: Loaded TP MacClientTargetPlatform
[2018.05.01-07.45.31:112][  0]LogTemp: Display: Loaded TP MacNoEditorTargetPlatform
[2018.05.01-07.45.31:126][  0]LogTemp: Display: Loaded TP MacServerTargetPlatform
[2018.05.01-07.45.31:139][  0]LogTemp: Display: Loaded TP MacTargetPlatform
[2018.05.01-07.45.31:153][  0]LogTemp: Display: Loaded TP WindowsClientTargetPlatform
[2018.05.01-07.45.31:166][  0]LogTemp: Display: Loaded TP WindowsNoEditorTargetPlatform
[2018.05.01-07.45.31:179][  0]LogTemp: Display: Loaded TP WindowsServerTargetPlatform
[2018.05.01-07.45.31:192][  0]LogTemp: Display: Loaded TP WindowsTargetPlatform
[2018.05.01-07.45.31:204][  0]LogTemp: Display: Loaded TP Android_ASTCTargetPlatform
[2018.05.01-07.45.31:216][  0]LogTemp: Display: Loaded TP Android_ATCTargetPlatform
[2018.05.01-07.45.31:228][  0]LogTemp: Display: Loaded TP Android_DXTTargetPlatform
[2018.05.01-07.45.31:240][  0]LogTemp: Display: Loaded TP Android_ETC1aTargetPlatform
[2018.05.01-07.45.31:251][  0]LogTemp: Display: Loaded TP Android_ETC1TargetPlatform
[2018.05.01-07.45.31:263][  0]LogTemp: Display: Loaded TP Android_ETC2TargetPlatform
[2018.05.01-07.45.31:288][  0]LogTemp: Display: Loaded TP Android_MultiTargetPlatform
[2018.05.01-07.45.31:288][  0]LogTemp: Display: Loaded TP Android_PVRTCTargetPlatform
[2018.05.01-07.45.31:301][  0]LogTemp: Display: Loaded TP AndroidTargetPlatform
[2018.05.01-07.45.31:302][  0]LogTemp: Display: Loaded TP HTML5TargetPlatform
[2018.05.01-07.45.31:340][  0]LogTemp: Display: Loaded TP IOSTargetPlatform
[2018.05.01-07.45.31:352][  0]LogTemp: Display: Loaded TP TVOSTargetPlatform
[2018.05.01-07.45.31:364][  0]LogTemp: Display: Loaded TP LinuxClientTargetPlatform
[2018.05.01-07.45.31:376][  0]LogTemp: Display: Loaded TP LinuxNoEditorTargetPlatform
[2018.05.01-07.45.31:389][  0]LogTemp: Display: Loaded TP LinuxServerTargetPlatform
[2018.05.01-07.45.31:401][  0]LogTemp: Display: Loaded TP LinuxTargetPlatform
[2018.05.01-07.45.31:401][  0]LogTargetPlatformManager: Display: Building Assets For Windows
[2018.05.01-07.45.31:497][  0]LogXGEController: Cleaning working directory: C:/Users/skilltreelab/AppData/Local/Temp/UnrealXGEWorkingDir/
[2018.05.01-07.45.31:497][  0]LogXGEController: Cannot use XGE Controller as Incredibuild is not installed on this machine.
[2018.05.01-07.45.31:497][  0]LogShaderCompilers: Cannot use XGE Shader Compiler as Incredibuild is not installed on this machine.
[2018.05.01-07.45.31:497][  0]LogShaderCompilers: Display: Using Local Shader Compiler.
[2018.05.01-07.45.32:207][  0]LogDerivedDataCache: Display: Max Cache Size: 512 MB
[2018.05.01-07.45.32:275][  0]LogDerivedDataCache: Loaded boot cache 0.07s 79MB C:/Users/skilltreelab/AppData/Local/UnrealEngine/4.19/DerivedDataCache/Boot.ddc.
[2018.05.01-07.45.32:276][  0]LogDerivedDataCache: Display: Loaded Boot cache: C:/Users/skilltreelab/AppData/Local/UnrealEngine/4.19/DerivedDataCache/Boot.ddc
[2018.05.01-07.45.32:276][  0]LogDerivedDataCache: FDerivedDataBackendGraph:  Pak pak cache file ../../../../../../KN/InSkillTreeLap/DirectX/UE4_Day6_Project/DerivedDataCache/DDC.ddp not found, will not use a pak cache.
[2018.05.01-07.45.32:276][  0]LogDerivedDataCache: Unable to find inner node Pak for hierarchical cache Hierarchy.
[2018.05.01-07.45.32:276][  0]LogDerivedDataCache: FDerivedDataBackendGraph:  CompressedPak pak cache file ../../../../../../KN/InSkillTreeLap/DirectX/UE4_Day6_Project/DerivedDataCache/Compressed.ddp not found, will not use a pak cache.
[2018.05.01-07.45.32:276][  0]LogDerivedDataCache: Unable to find inner node CompressedPak for hierarchical cache Hierarchy.
[2018.05.01-07.45.32:293][  0]LogDerivedDataCache: Display: Pak cache opened for reading ../../../Engine/DerivedDataCache/Compressed.ddp.
[2018.05.01-07.45.32:304][  0]LogDerivedDataCache: Using Local data cache path C:/Users/skilltreelab/AppData/Local/UnrealEngine/Common/DerivedDataCache: Writable
[2018.05.01-07.45.32:315][  0]LogMaterial: Verifying Global Shaders for PCD3D_SM5
[2018.05.01-07.45.32:315][  0]LogSlate: Using Freetype 2.6.0
[2018.05.01-07.45.32:316][  0]LogSlate: SlateFontCache - WITH_FREETYPE: 1, WITH_HARFBUZZ: 1
[2018.05.01-07.45.32:316][  0]LogSlate: SlateFontCache - WITH_FREETYPE: 1, WITH_HARFBUZZ: 1
[2018.05.01-07.45.32:436][  0]LogAssetRegistry: FAssetRegistry took 0.0265 seconds to start up
[2018.05.01-07.45.32:743][  0]LogInit: Selected Device Profile: [Windows]
[2018.05.01-07.45.32:885][  0]LogSimplygon: Simplygon DLL not present - disabling.
[2018.05.01-07.45.32:887][  0]LogMeshReduction: Using SimplygonSwarm for distributed automatic mesh merging
[2018.05.01-07.45.32:887][  0]LogMeshReduction: Using QuadricMeshReduction for automatic static mesh reduction
[2018.05.01-07.45.32:887][  0]LogMeshReduction: No automatic skeletal mesh reduction module available
[2018.05.01-07.45.32:887][  0]LogMeshReduction: No automatic mesh merging module available
[2018.05.01-07.45.32:887][  0]LogMeshMerging: No automatic mesh merging module available
[2018.05.01-07.45.32:914][  0]LogNetVersion: UE4_Day4Project , NetCL: 3944462, EngineNetVer: 2, GameNetVer: 0 (Checksum: 2694518544)
[2018.05.01-07.45.33:344][  0]LogPackageLocalizationCache: Processed 9 localized package path(s) for 2 prioritized culture(s) in 0.073373 seconds
[2018.05.01-07.45.33:350][  0]LogUObjectArray: 36728 objects as part of root set at end of initial load.
[2018.05.01-07.45.33:350][  0]LogUObjectAllocator: 7314312 out of 0 bytes used by permanent object pool.
[2018.05.01-07.45.33:350][  0]LogUObjectArray: CloseDisregardForGC: 0/0 objects in disregard for GC pool
[2018.05.01-07.45.34:889][  0]LogTcpMessaging: Initializing TcpMessaging bridge
[2018.05.01-07.45.34:934][  0]LogUdpMessaging: Initializing bridge on interface 0.0.0.0:0 to multicast group 230.0.0.1:6666.
[2018.05.01-07.45.35:238][  0]SourceControl: 소스 콘트롤이 꺼졌습니다.
[2018.05.01-07.45.35:239][  0]SourceControl: 소스 콘트롤이 꺼졌습니다.
[2018.05.01-07.45.35:254][  0]SourceControl: 소스 콘트롤이 꺼졌습니다.
[2018.05.01-07.45.35:269][  0]SourceControl: 소스 콘트롤이 꺼졌습니다.
[2018.05.01-07.45.35:696][  0]LogAndroidPermission: UAndroidPermissionCallbackProxy::GetInstance
[2018.05.01-07.45.35:808][  0]LogOcInput: OculusInput pre-init called
[2018.05.01-07.45.35:908][  0]LogEngine: Initializing Engine...
[2018.05.01-07.45.35:909][  0]LogHMD: Failed to initialize OpenVR with code 110
[2018.05.01-07.45.35:910][  0]LogStats: UGameplayTagsManager::ConstructGameplayTagTree: Construct from data asset -  0.000 s
[2018.05.01-07.45.35:910][  0]LogStats: UGameplayTagsManager::ConstructGameplayTagTree: GameplayTagTreeChangedEvent.Broadcast -  0.000 s
[2018.05.01-07.45.36:118][  0]LogAIModule: Creating AISystem for world Untitled
[2018.05.01-07.45.36:134][  0]LogInit: XAudio2 using '디지털 오디오(S/PDIF)(High Definition Audio 장치)' : 2 channels at 48 kHz using 16 bits per sample (channel mask 0x3)
[2018.05.01-07.45.36:144][  0]LogInit: FAudioDevice initialized.
[2018.05.01-07.45.36:223][  0]LogDerivedDataCache: Saved boot cache 0.08s 79MB C:/Users/skilltreelab/AppData/Local/UnrealEngine/4.19/DerivedDataCache/Boot.ddc.
[2018.05.01-07.45.36:235][  0]LogInit: Texture streaming: Enabled
[2018.05.01-07.45.36:249][  0]LogEngineSessionManager: EngineSessionManager initialized
[2018.05.01-07.45.36:266][  0]LogInit: Transaction tracking system initialized
[2018.05.01-07.45.36:288][  0]BlueprintLog: New page: 에디터 로드
[2018.05.01-07.45.36:359][  0]LocalizationService: 현지화 서비스가 비활성화되었습니다.
[2018.05.01-07.45.36:721][  0]LogConsoleResponse: Display: 
[2018.05.01-07.45.36:870][  0]LogCook: Display: Max memory allowance for cook 16384mb min free memory 0mb
[2018.05.01-07.45.36:870][  0]LogCook: Display: Mobile HDR setting 1
[2018.05.01-07.45.36:870][  0]LogGameplayTags: Display: UGameplayTagsManager::DoneAddingNativeTags. DelegateIsBound: 0
[2018.05.01-07.45.36:870][  0]LogStats: UGameplayTagsManager::ConstructGameplayTagTree: Construct from data asset -  0.000 s
[2018.05.01-07.45.36:871][  0]LogStats: UGameplayTagsManager::ConstructGameplayTagTree: GameplayTagTreeChangedEvent.Broadcast -  0.000 s
[2018.05.01-07.45.37:195][  0]LogFileCache: Scanning file cache for directory 'C:/KN/InSkillTreeLap/DirectX/UE4_Day6_Project/Content/' took 0.01s
[2018.05.01-07.45.37:195][  0]SourceControl: 소스 콘트롤이 꺼졌습니다.
[2018.05.01-07.45.37:195][  0]Cmd: MAP LOAD FILE="../../../../../../KN/InSkillTreeLap/DirectX/UE4_Day6_Project/Content/Maps/Step02_ActorMerge.umap" TEMPLATE=0 SHOWPROGRESS=1 FEATURELEVEL=3
[2018.05.01-07.45.37:200][  0]LightingResults: New page: 라이팅 빌드
[2018.05.01-07.45.37:203][  0]MapCheck: New page: 맵 체크
[2018.05.01-07.45.37:203][  0]LightingResults: New page: 라이팅 빌드
[2018.05.01-07.45.37:489][  0]LogStaticMesh: SM_Plains_Castle_Fountain_01 스태틱 메시 빌드중...
[2018.05.01-07.45.37:512][  0]LogTexture: Display: 텍스처 빌드: T_Plains_Terrain_Floors01_N (BC5, 1024X1024)
[2018.05.01-07.45.37:512][  0]LogStaticMesh: Built static mesh [0.02s] /Game/Lesson2/Fountain/SM_Plains_Castle_Fountain_01.SM_Plains_Castle_Fountain_01
[2018.05.01-07.45.37:514][  0]LogStaticMesh: SM_Plains_Fountain_02 스태틱 메시 빌드중...
[2018.05.01-07.45.37:527][  0]LogStaticMesh: Built static mesh [0.01s] /Game/Lesson2/Fountain/SM_Plains_Fountain_02.SM_Plains_Fountain_02
[2018.05.01-07.45.37:528][  0]LogStaticMesh: SM_MERGED_4_Pivot 스태틱 메시 빌드중...
[2018.05.01-07.45.37:621][  0]LogTexture: Display: 텍스처 빌드: T_Plains_Terrain_Floors01_D (AutoDXT, 1024X1024)
[2018.05.01-07.45.37:621][  0]LogStaticMesh: Built static mesh [0.09s] /Game/Lesson2/Floors/SM_MERGED_4_Pivot.SM_MERGED_4_Pivot
[2018.05.01-07.45.39:352][  0]LogTexture: Display: 텍스처 빌드: HQ_Lightmap0_2 (AutoDXT, 512X512)
[2018.05.01-07.45.39:352][  0]LogTexture: Display: 텍스처 빌드: HQ_Lightmap0_5 (AutoDXT, 64X64)
[2018.05.01-07.45.39:352][  0]LogTexture: Display: 텍스처 빌드: LQ_Lightmap_0_2 (DXT1, 512X512)
[2018.05.01-07.45.39:352][  0]LogTexture: Display: 텍스처 빌드: LQ_Lightmap_0_5 (DXT1, 64X64)
[2018.05.01-07.45.39:352][  0]LogTexture: Display: 텍스처 빌드: SkyOcclusion0_2 (AutoDXT, 512X256)
[2018.05.01-07.45.39:352][  0]LogTexture: Display: 텍스처 빌드: SkyOcclusion0_5 (AutoDXT, 64X32)
[2018.05.01-07.45.39:352][  0]LogTexture: Display: 텍스처 빌드: ShadowMapTexture2D_0 (BGRA8, 512X256)
[2018.05.01-07.45.39:352][  0]LogTexture: Display: 텍스처 빌드: ShadowMapTexture2D_1 (BGRA8, 32X32)
[2018.05.01-07.45.39:352][  0]LogTexture: Display: 텍스처 빌드: T_Plains_Fountain_Water_01 (AutoDXT, 256X1024)
[2018.05.01-07.45.39:352][  0]LogTexture: Display: 텍스처 빌드: T_Plains_Ruins_Pillars_02_N (BC5, 2048X2048)
[2018.05.01-07.45.39:354][  0]LogMaterial: Missing cached shader map for material M_Plains_Floors_Block, compiling. 
[2018.05.01-07.45.47:696][  0]LogShaderCompilers: Display: Shaders left to compile 31
[2018.05.01-07.45.47:696][  0]LogShaderCompilers: Display: Shaders left to compile 21
[2018.05.01-07.45.47:696][  0]LogShaderCompilers: Display: Shaders left to compile 11
[2018.05.01-07.45.47:696][  0]LogTexture: Display: 텍스처 빌드: T_Plains_Ruins_Pillars_02_D (AutoDXT, 2048X2048)
[2018.05.01-07.45.47:696][  0]LogShaderCompilers: Display: Shaders left to compile 1
[2018.05.01-07.45.47:699][  0]LogMaterial: Missing cached shader map for material M_Plains_Pillars02, compiling. 
[2018.05.01-07.45.47:715][  0]LogShaderCompilers: Display: Shaders left to compile 31
[2018.05.01-07.45.47:715][  0]LogShaderCompilers: Display: Shaders left to compile 21
[2018.05.01-07.45.47:715][  0]LogShaderCompilers: Display: Shaders left to compile 11
[2018.05.01-07.45.47:715][  0]LogMaterial: Missing cached shader map for material M_Water_fountain_01, compiling. 
[2018.05.01-07.45.47:821][  0]LogAIModule: Creating AISystem for world Step02_ActorMerge
[2018.05.01-07.45.47:842][  0]LogEditorServer: Finished looking for orphan Actors (0.000 secs)
[2018.05.01-07.45.49:037][  0]LogShaderCompilers: Display: Shaders left to compile 46
[2018.05.01-07.45.49:038][  0]Cmd: MAP CHECKDEP NOCLEARLOG
[2018.05.01-07.45.49:093][  0]MapCheck: 맵 체크 완료: 오류 0 회, 경고 0 회, 소요 시간 54.63ms.
[2018.05.01-07.45.49:093][  0]LogFileHelpers: Loading map 'Step02_ActorMerge' took 11.898
[2018.05.01-07.45.49:154][  0]LogWindowsTextInputMethodSystem: Display: IME system now activated using TSF (Microsoft 입력기).
[2018.05.01-07.45.49:226][  0]LogCollectionManager: Loaded 0 collections in 0.001642 seconds
[2018.05.01-07.45.49:266][  0]LogFileCache: Scanning file cache for directory 'C:/KN/InSkillTreeLap/DirectX/UE4_Day6_Project/Saved/Collections/' took 0.01s
[2018.05.01-07.45.49:266][  0]LogFileCache: Scanning file cache for directory 'C:/KN/InSkillTreeLap/DirectX/UE4_Day6_Project/Content/Developers/skilltreelab/Collections/' took 0.01s
[2018.05.01-07.45.49:267][  0]LogFileCache: Scanning file cache for directory 'C:/KN/InSkillTreeLap/DirectX/UE4_Day6_Project/Content/Collections/' took 0.01s
[2018.05.01-07.45.49:267][  0]LogCollectionManager: Rebuilt the GUID cache for 0 collections in 0.000000 seconds
[2018.05.01-07.45.49:276][  0]LogContentBrowser: Native class hierarchy populated in 0.0094 seconds. Added 2452 classes and 558 folders.
[2018.05.01-07.45.49:282][  0]LogContentBrowser: Native class hierarchy updated for 'WidgetCarousel' in 0.0002 seconds. Added 0 classes and 0 folders.
[2018.05.01-07.45.49:322][  0]LogContentBrowser: Native class hierarchy updated for 'AddContentDialog' in 0.0002 seconds. Added 0 classes and 0 folders.
[2018.05.01-07.45.49:328][  0]LogContentBrowser: Native class hierarchy updated for 'SceneOutliner' in 0.0003 seconds. Added 1 classes and 2 folders.
[2018.05.01-07.45.49:338][  0]LogContentBrowser: Native class hierarchy updated for 'WorldBrowser' in 0.0002 seconds. Added 2 classes and 3 folders.
[2018.05.01-07.45.49:692][  0]LogSlate: Only BGRA pngs, bmps or icos are supported in by External Image Picker
[2018.05.01-07.45.50:499][  0]LogShaderCompilers: Display: Shaders left to compile 36
[2018.05.01-07.45.50:499][  0]LogShaderCompilers: Display: Shaders left to compile 26
[2018.05.01-07.45.50:499][  0]LogSlate: Took 0.000187 seconds to synchronously load lazily loaded font '../../../Engine/Content/Slate/Fonts/Roboto-Regular.ttf' (155K)
[2018.05.01-07.45.50:504][  0]LogSlate: Took 0.003062 seconds to synchronously load lazily loaded font '../../../Engine/Content/Editor/Slate/Fonts/NanumGothic.ttf' (4243K)
[2018.05.01-07.45.50:511][  0]LogSlate: Took 0.006010 seconds to synchronously load lazily loaded font '../../../Engine/Content/Editor/Slate/Fonts/NanumGothicBold.ttf' (4188K)
[2018.05.01-07.45.50:511][  0]LogSlate: Took 0.000188 seconds to synchronously load lazily loaded font '../../../Engine/Content/Slate/Fonts/Roboto-Bold.ttf' (160K)
[2018.05.01-07.45.50:518][  0]LogSlate: Took 0.000205 seconds to synchronously load lazily loaded font '../../../Engine/Content/Editor/Slate/Fonts/FontAwesome.ttf' (139K)
[2018.05.01-07.45.50:519][  0]LogSlate: Took 0.000127 seconds to synchronously load lazily loaded font '../../../Engine/Content/Slate/Fonts/DroidSansMono.ttf' (77K)
[2018.05.01-07.45.50:566][  0]LogSlate: Took 0.002887 seconds to synchronously load lazily loaded font '../../../Engine/Content/Editor/Slate/Fonts/NanumGothicExtraBold.ttf' (4074K)
[2018.05.01-07.45.50:687][  0]LogTemp: Executing iPhonePackager certificates Engine -bundlename com.YourCompany.UE4Day4Project
[2018.05.01-07.45.50:688][  0]LogTemp: CWD: C:\Program Files\Epic Games\UE_4.19\Engine\Binaries\DotNET\IOS
[2018.05.01-07.45.50:688][  0]LogTemp: Initial Dir: C:\Program Files\Epic Games\UE_4.19
[2018.05.01-07.45.50:688][  0]LogTemp: Env CWD: C:\Program Files\Epic Games\UE_4.19\Engine\Binaries\DotNET\IOS
[2018.05.01-07.45.50:688][  0]LogTemp: BranchPath = DESKTOP-V7RR6M0/C/Program Files/Epic Games/UE_4.19/Engine/Binaries --- GameBranchPath = DESKTOP-V7RR6M0/C/Program Files/Epic Games/UE_4.19/Engine/Binaries
[2018.05.01-07.45.50:688][  0]LogTemp: IPP ERROR: Could not find provision directory 'C:\Users\skilltreelab\AppData\Local/Apple Computer/MobileDevice/Provisioning Profiles/'.
[2018.05.01-07.45.50:689][  0]LogRenderer: Reallocating scene render targets to support 1232x620 Format 9 NumSamples 1 (Frame:1).
[2018.05.01-07.46.00:923][  0]LogShaderCompilers: Display: Shaders left to compile 16
[2018.05.01-07.46.00:939][  0]LogContentBrowser: Native class hierarchy updated for 'HierarchicalLODOutliner' in 0.0002 seconds. Added 0 classes and 0 folders.
[2018.05.01-07.46.00:940][  0]LogLoad: (Engine Initialization) Total time: 32.66 seconds
[2018.05.01-07.46.00:940][  0]LogLoad: (Engine Initialization) Total Blueprint compile time: 0.00 seconds
[2018.05.01-07.46.00:955][  0]LogEditorViewport: Clicking on Actor (LMB): BP_Sky_Sphere_C (Sky Sphere)
[2018.05.01-07.46.03:609][  0]LogShaderCompilers: Display: Shaders left to compile 6
[2018.05.01-07.46.04:469][  0]LogEditorViewport: Clicking on Actor (LMB): BP_Sky_Sphere_C (Sky Sphere)
[2018.05.01-07.46.04:550][  0]LogContentStreaming: Texture pool size now 600 MB
[2018.05.01-07.46.04:575][  0]LogSlate: Took 0.000191 seconds to synchronously load lazily loaded font '../../../Engine/Content/Slate/Fonts/Roboto-Light.ttf' (167K)
[2018.05.01-07.46.04:615][  1]LogAssetRegistry: Asset discovery search completed in 32.2013 seconds
[2018.05.01-07.46.04:618][  1]LogCollectionManager: Rebuilt the object cache for 0 collections in 0.000000 seconds (found 0 objects)
[2018.05.01-07.46.04:618][  1]LogCollectionManager: Fixed up redirectors for 0 collections in 0.000251 seconds (updated 0 objects)
[2018.05.01-07.46.14:782][ 83]LogSlate: FSceneViewport::OnFocusLost() reason 0
[2018.05.01-07.46.18:973][542]LogSlate: Took 0.000205 seconds to synchronously load lazily loaded font '../../../Engine/Content/Slate/Fonts/Roboto-Light.ttf' (167K)
[2018.05.01-07.46.19:216][542]LogTexture: Display: 텍스처 빌드: HQ_Lightmap1_2 (AutoDXT, 64X64)
[2018.05.01-07.46.19:216][542]LogTexture: Display: 텍스처 빌드: HQ_Lightmap1_1 (AutoDXT, 512X512)
[2018.05.01-07.46.19:216][542]LogTexture: Display: 텍스처 빌드: LQ_Lightmap_1_1 (DXT1, 512X512)
[2018.05.01-07.46.19:217][542]LogStaticMesh: SM_MERGED_4 스태틱 메시 빌드중...
[2018.05.01-07.46.19:311][542]LogTexture: Display: 텍스처 빌드: LQ_Lightmap_1_2 (DXT1, 64X64)
[2018.05.01-07.46.19:311][542]LogTexture: Display: 텍스처 빌드: ShadowMapTexture2D_2 (G8, 256X256)
[2018.05.01-07.46.19:311][542]LogTexture: Display: 텍스처 빌드: ShadowMapTexture2D_3 (G8, 32X32)
[2018.05.01-07.46.19:312][542]LogStaticMesh: Built static mesh [0.09s] /Game/Lesson2/Floors/SM_MERGED_4.SM_MERGED_4
[2018.05.01-07.46.19:336][542]LogAnimationCompression: Building Anim DDC data for AnimSequence /Game/InfinityBladeWarriors/Animations/WarriorAttack1.WarriorAttack1
[2018.05.01-07.46.19:337][542]LogAnimationCompression: Recompressing (AnimSequence /Game/InfinityBladeWarriors/Animations/WarriorAttack1.WarriorAttack1) using current/default (AnimCompress_BitwiseCompressOnly_1) bFirstRecompressUsingCurrentOrDefault(1) bTryAlternateCompressor(0) IsCompressedDataValid(0)
[2018.05.01-07.46.20:159][542]LogTexture: Display: 텍스처 빌드: Char_M_Cardboard_N (BC5, 2048X2048)
[2018.05.01-07.46.20:160][542]LogTexture: Display: 텍스처 빌드: Char_M_Cardboard_Skin_Mask (AutoDXT, 2048X2048)
[2018.05.01-07.46.20:160][542]LogTexture: Display: 텍스처 빌드: Char_M_Cardboard_D (DXT1, 2048X2048)
[2018.05.01-07.46.24:663][542]LogTexture: Display: 텍스처 빌드: T_Blade_BlackKnight_Sword2_D (AutoDXT, 256X256)
[2018.05.01-07.46.24:663][542]LogTexture: Display: 텍스처 빌드: T_Blade_BlackKnight_Sword2_N (BC5, 256X256)
[2018.05.01-07.46.24:663][542]LogTexture: Display: 텍스처 빌드: T_Blade_BlackKnight_Sword1_N (BC5, 256X256)
[2018.05.01-07.46.24:663][542]LogTexture: Display: 텍스처 빌드: T_Blade_BlackKnight_Sword2_M (AutoDXT, 256X256)
[2018.05.01-07.46.24:664][542]LogTexture: Display: 텍스처 빌드: T_Blade_BlackKnight_Sword1_D (AutoDXT, 256X256)
[2018.05.01-07.46.24:664][542]LogTexture: Display: 텍스처 빌드: T_Blade_BlackKnight_Sword1_M (AutoDXT, 256X256)
[2018.05.01-07.46.24:664][542]LogTexture: Display: 텍스처 빌드: Attack_Not_Click (BGRA8, 150X150)
[2018.05.01-07.46.24:664][542]LogTexture: Display: 텍스처 빌드: Trail_Gra_01 (AutoDXT, 512X512)
[2018.05.01-07.46.24:664][542]LogTexture: Display: 텍스처 빌드: Gra_06 (AutoDXT, 1024X1024)
[2018.05.01-07.46.24:664][542]LogTexture: Display: 텍스처 빌드: T_Caustics_2 (AutoDXT, 512X512)
[2018.05.01-07.46.24:664][542]LogTexture: Display: 텍스처 빌드: Trail_B (AutoDXT, 1024X1024)
[2018.05.01-07.46.24:665][542]LogTexture: Display: 텍스처 빌드: Attack_Click (BGRA8, 150X150)
[2018.05.01-07.46.24:665][542]LogTexture: Display: 텍스처 빌드: Tex_Aura_Out_Vortex_01 (AutoDXT, 1024X1024)
[2018.05.01-07.46.24:665][542]LogTexture: Display: 텍스처 빌드: A_DependerModulate001_emis (AutoDXT, 256X256)
[2018.05.01-07.46.24:672][542]LogSkeletalMesh: Building Skeletal Mesh SK_CharM_Cardboard...
[2018.05.01-07.46.24:681][542]LogSkeletalMesh: Built Skeletal Mesh [0.01s] /Game/InfinityBladeWarriors/Character/CompleteCharacters/SK_CharM_Cardboard.SK_CharM_Cardboard
[2018.05.01-07.46.24:685][542]LogMaterial: Missing cached shader map for material M_Char_Cardboard, compiling. 
[2018.05.01-07.46.24:703][542]LogAnimationCompression: Building Anim DDC data for AnimSequence /Game/InfinityBladeWarriors/Animations/ThirdPersonRun.ThirdPersonRun
[2018.05.01-07.46.24:703][542]LogAnimationCompression: Recompressing (AnimSequence /Game/InfinityBladeWarriors/Animations/ThirdPersonRun.ThirdPersonRun) using current/default (AnimCompress_RemoveLinearKeys_15) bFirstRecompressUsingCurrentOrDefault(1) bTryAlternateCompressor(0) IsCompressedDataValid(0)
[2018.05.01-07.46.24:735][542]LogShaderCompilers: Display: Shaders left to compile 60
[2018.05.01-07.46.24:736][542]LogShaderCompilers: Display: Shaders left to compile 50
[2018.05.01-07.46.24:736][542]LogShaderCompilers: Display: Shaders left to compile 40
[2018.05.01-07.46.24:736][542]LogSkeletalMesh: Building Skeletal Mesh SK_Blade_BlackKnight...
[2018.05.01-07.46.24:737][542]LogSkeletalMesh: Built Skeletal Mesh [0.00s] /Game/InfinityBladeWeapons/Weapons/Blade/Swords/Blade_BlackKnight/SK_Blade_BlackKnight.SK_Blade_BlackKnight
[2018.05.01-07.46.24:739][542]LogMaterial: Missing cached shader map for material M_Blade_BlackKnight, compiling. 
[2018.05.01-07.46.24:757][542]LogAnimationCompression: Building Anim DDC data for AnimSequence /Game/InfinityBladeWarriors/Animations/WarriorRun.WarriorRun
[2018.05.01-07.46.24:757][542]LogAnimationCompression: Recompressing (AnimSequence /Game/InfinityBladeWarriors/Animations/WarriorRun.WarriorRun) using current/default (AnimCompress_BitwiseCompressOnly_0) bFirstRecompressUsingCurrentOrDefault(1) bTryAlternateCompressor(0) IsCompressedDataValid(0)
[2018.05.01-07.46.24:758][542]LogAnimationCompression: Building Anim DDC data for AnimSequence /Game/InfinityBladeWarriors/Animations/WarriorDead.WarriorDead
[2018.05.01-07.46.24:759][542]LogAnimationCompression: Recompressing (AnimSequence /Game/InfinityBladeWarriors/Animations/WarriorDead.WarriorDead) using current/default (AnimCompress_BitwiseCompressOnly_0) bFirstRecompressUsingCurrentOrDefault(1) bTryAlternateCompressor(0) IsCompressedDataValid(0)
[2018.05.01-07.46.24:760][542]LogAnimationCompression: Building Anim DDC data for AnimSequence /Game/InfinityBladeWarriors/Animations/WarriorIdle.WarriorIdle
[2018.05.01-07.46.24:760][542]LogAnimationCompression: Recompressing (AnimSequence /Game/InfinityBladeWarriors/Animations/WarriorIdle.WarriorIdle) using current/default (AnimCompress_BitwiseCompressOnly_0) bFirstRecompressUsingCurrentOrDefault(1) bTryAlternateCompressor(0) IsCompressedDataValid(0)
[2018.05.01-07.46.24:778][542]LogMaterial: Missing cached shader map for material Mt_Weapon_Trail, compiling. 
[2018.05.01-07.46.24:805][542]LogMaterial: Missing cached shader map for material Mat_Shockwave_02, compiling. 
[2018.05.01-07.46.24:819][542]LogAIModule: Creating AISystem for world Step04_Blueprint
[2018.05.01-07.46.24:901][542]Cmd: MAP LOAD FILE="../../../../../../KN/InSkillTreeLap/DirectX/UE4_Day6_Project/Content/Maps/Step04_Blueprint.umap" TEMPLATE=0 SHOWPROGRESS=1 FEATURELEVEL=3
[2018.05.01-07.46.24:901][542]LightingResults: New page: 라이팅 빌드
[2018.05.01-07.46.24:902][542]LoadErrors: New page: 맵 로드중: Step04_Blueprint.umap
[2018.05.01-07.46.24:904][542]MapCheck: New page: 맵 체크
[2018.05.01-07.46.24:904][542]LightingResults: New page: 라이팅 빌드
[2018.05.01-07.46.24:996][542]LogEditorServer: Finished looking for orphan Actors (0.000 secs)
[2018.05.01-07.46.25:029][542]Cmd: MAP CHECKDEP NOCLEARLOG
[2018.05.01-07.46.25:092][542]MapCheck: 맵 체크 완료: 오류 0 회, 경고 0 회, 소요 시간 63.028ms.
[2018.05.01-07.46.25:094][542]LogFileHelpers: Loading map 'Step04_Blueprint' took 0.195
[2018.05.01-07.46.26:229][545]LogShaderCompilers: Display: Shaders left to compile 166
[2018.05.01-07.46.26:938][547]LogShaderCompilers: Display: Shaders left to compile 156
[2018.05.01-07.46.27:294][549]LogShaderCompilers: Display: Shaders left to compile 146
[2018.05.01-07.46.28:303][550]LogShaderCompilers: Display: Shaders left to compile 136
[2018.05.01-07.46.28:477][551]LogShaderCompilers: Display: Shaders left to compile 126
[2018.05.01-07.46.29:003][552]LogShaderCompilers: Display: Shaders left to compile 116
[2018.05.01-07.46.29:726][554]LogShaderCompilers: Display: Shaders left to compile 106
[2018.05.01-07.46.30:704][556]LogShaderCompilers: Display: Shaders left to compile 96
[2018.05.01-07.46.30:768][557]LogShaderCompilers: Display: Shaders left to compile 86
[2018.05.01-07.46.31:953][559]LogShaderCompilers: Display: Shaders left to compile 76
[2018.05.01-07.46.32:848][561]LogShaderCompilers: Display: Shaders left to compile 66
[2018.05.01-07.46.32:849][561]LogShaderCompilers: Display: Shaders left to compile 56
[2018.05.01-07.46.33:773][562]LogShaderCompilers: Display: Shaders left to compile 46
[2018.05.01-07.46.34:244][563]LogShaderCompilers: Display: Shaders left to compile 36
[2018.05.01-07.46.34:450][564]LogShaderCompilers: Display: Shaders left to compile 26
[2018.05.01-07.46.34:996][565]LogShaderCompilers: Display: Shaders left to compile 16
[2018.05.01-07.46.35:880][566]LogShaderCompilers: Display: Shaders left to compile 6
[2018.05.01-07.47.24:398][319]LogContentBrowser: Native class hierarchy updated for 'BlueprintGraph' in 0.0006 seconds. Added 116 classes and 0 folders.
[2018.05.01-07.47.25:111][319]LogSlate: Took 0.000214 seconds to synchronously load lazily loaded font '../../../Engine/Content/Slate/Fonts/Roboto-BoldCondensed.ttf' (158K)
[2018.05.01-07.47.31:225][699]LogSlate: Window 'UMG_Main' being destroyed
[2018.05.01-07.47.31:229][699]LogSlate: Window 'UMG_Main' being destroyed
[2018.05.01-07.47.32:658][855]LogSlate: Window 'UE4_Day4Project - 언리얼 에디터' being destroyed
[2018.05.01-07.47.32:660][855]LogWindowsTextInputMethodSystem: Display: IME system now activated using TSF (Microsoft 입력기).
[2018.05.01-07.47.32:858][856]Cmd: QUIT_EDITOR
[2018.05.01-07.47.32:894][856]LogSlate: Slate User Destroyed.  User Index 0, Is Virtual User: 0
[2018.05.01-07.47.32:894][856]LogExit: Preparing to exit.
[2018.05.01-07.47.34:030][856]LogDirectoryWatcher: A directory notification for 'C:/KN/InSkillTreeLap/DirectX/UE4_Day6_Project/Content/' was aborted.
[2018.05.01-07.47.34:070][856]LogExit: Editor shut down
[2018.05.01-07.47.34:074][856]LogExit: Transaction tracking system shut down
[2018.05.01-07.47.34:286][856]LogDirectoryWatcher: A directory notification for '../../../Engine/Content/' was aborted.
[2018.05.01-07.47.34:286][856]LogDirectoryWatcher: A directory notification for '../../../../../../KN/InSkillTreeLap/DirectX/UE4_Day6_Project/Content/' was aborted.
[2018.05.01-07.47.34:286][856]LogDirectoryWatcher: A directory notification for '../../Plugins/2D/Paper2D/Content/' was aborted.
[2018.05.01-07.47.34:286][856]LogDirectoryWatcher: A directory notification for '../../Plugins/Enterprise/DatasmithContent/Content/' was aborted.
[2018.05.01-07.47.34:286][856]LogDirectoryWatcher: A directory notification for '../../Plugins/Media/MediaCompositing/Content/' was aborted.
[2018.05.01-07.47.34:286][856]LogDirectoryWatcher: A directory notification for '../../Plugins/Runtime/AppleARKit/Content/' was aborted.
[2018.05.01-07.47.34:286][856]LogDirectoryWatcher: A directory notification for '../../Plugins/Runtime/Oculus/OculusVR/Content/' was aborted.
[2018.05.01-07.47.34:287][856]LogDirectoryWatcher: A directory notification for '../../Plugins/Runtime/Steam/SteamVR/Content/' was aborted.
[2018.05.01-07.47.34:392][856]LogExit: Object subsystem successfully closed.
[2018.05.01-07.47.34:412][856]LogShaderCompilers: Display: Shaders left to compile 0
[2018.05.01-07.47.34:415][856]LogD3D11RHI: Shutdown
[2018.05.01-07.47.34:415][856]LogD3D11RHI: CleanupD3DDevice
[2018.05.01-07.47.34:417][856]LogD3D11RHI: ~FD3D11DynamicRHI
[2018.05.01-07.47.34:436][856]LogModuleManager: Shutting down and abandoning module SequencerWidgets (582)
[2018.05.01-07.47.34:436][856]LogModuleManager: Shutting down and abandoning module BlueprintGraph (580)
[2018.05.01-07.47.34:436][856]LogModuleManager: Shutting down and abandoning module HierarchicalLODOutliner (578)
[2018.05.01-07.47.34:436][856]LogModuleManager: Shutting down and abandoning module ExternalImagePicker (576)
[2018.05.01-07.47.34:436][856]LogModuleManager: Shutting down and abandoning module WorldBrowser (574)
[2018.05.01-07.47.34:436][856]LogModuleManager: Shutting down and abandoning module SceneOutliner (572)
[2018.05.01-07.47.34:436][856]LogModuleManager: Shutting down and abandoning module AddContentDialog (570)
[2018.05.01-07.47.34:436][856]LogDirectoryWatcher: A directory notification for 'C:/Program Files/Epic Games/UE_4.19/FeaturePacks/' was aborted.
[2018.05.01-07.47.34:437][856]LogModuleManager: Shutting down and abandoning module WidgetCarousel (569)
[2018.05.01-07.47.34:437][856]LogModuleManager: Shutting down and abandoning module EditorWidgets (566)
[2018.05.01-07.47.34:437][856]LogModuleManager: Shutting down and abandoning module CollectionManager (564)
[2018.05.01-07.47.34:437][856]LogDirectoryWatcher: A directory notification for 'C:/KN/InSkillTreeLap/DirectX/UE4_Day6_Project/Content/Collections/' was aborted.
[2018.05.01-07.47.34:437][856]LogDirectoryWatcher: A directory notification for 'C:/KN/InSkillTreeLap/DirectX/UE4_Day6_Project/Content/Developers/skilltreelab/Collections/' was aborted.
[2018.05.01-07.47.34:437][856]LogDirectoryWatcher: A directory notification for 'C:/KN/InSkillTreeLap/DirectX/UE4_Day6_Project/Saved/Collections/' was aborted.
[2018.05.01-07.47.34:438][856]LogModuleManager: Shutting down and abandoning module StatsViewer (562)
[2018.05.01-07.47.34:438][856]LogModuleManager: Shutting down and abandoning module FoliageEdit (560)
[2018.05.01-07.47.34:438][856]LogModuleManager: Shutting down and abandoning module LandscapeEditor (558)
[2018.05.01-07.47.34:438][856]LogModuleManager: Shutting down and abandoning module MeshPaintMode (556)
[2018.05.01-07.47.34:438][856]LogModuleManager: Shutting down and abandoning module SceneDepthPickerMode (554)
[2018.05.01-07.47.34:438][856]LogModuleManager: Shutting down and abandoning module ActorPickerMode (552)
[2018.05.01-07.47.34:438][856]LogModuleManager: Shutting down and abandoning module GeometryMode (550)
[2018.05.01-07.47.34:438][856]LogModuleManager: Shutting down and abandoning module TextureAlignMode (548)
[2018.05.01-07.47.34:438][856]LogModuleManager: Shutting down and abandoning module BspMode (546)
[2018.05.01-07.47.34:438][856]LogModuleManager: Shutting down and abandoning module PIEPreviewDeviceProfileSelector (544)
[2018.05.01-07.47.34:438][856]LogModuleManager: Shutting down and abandoning module HardwareSurvey (542)
[2018.05.01-07.47.34:438][856]LogModuleManager: Shutting down and abandoning module SequenceRecorderSections (540)
[2018.05.01-07.47.34:438][856]LogModuleManager: Shutting down and abandoning module AutomationWorker (538)
[2018.05.01-07.47.34:438][856]LogModuleManager: Shutting down and abandoning module AudioCaptureEditor (536)
[2018.05.01-07.47.34:438][856]LogModuleManager: Shutting down and abandoning module SequenceRecorder (535)
[2018.05.01-07.47.34:438][856]LogModuleManager: Shutting down and abandoning module MatineeToLevelSequence (532)
[2018.05.01-07.47.34:438][856]LogModuleManager: Shutting down and abandoning module LevelSequenceEditor (530)
[2018.05.01-07.47.34:438][856]LogModuleManager: Shutting down and abandoning module PlacementMode (529)
[2018.05.01-07.47.34:438][856]LogModuleManager: Shutting down and abandoning module MaterialEditor (528)
[2018.05.01-07.47.34:438][856]LogModuleManager: Shutting down and abandoning module WmfMediaFactory (524)
[2018.05.01-07.47.34:438][856]LogModuleManager: Shutting down and abandoning module WmfMediaEditor (522)
[2018.05.01-07.47.34:438][856]LogModuleManager: Shutting down and abandoning module MediaPlayerEditor (520)
[2018.05.01-07.47.34:438][856]LogModuleManager: Shutting down and abandoning module OpenExrWrapper (518)
[2018.05.01-07.47.34:438][856]LogModuleManager: Shutting down and abandoning module ImgMediaFactory (516)
[2018.05.01-07.47.34:438][856]LogModuleManager: Shutting down and abandoning module ImgMediaEditor (514)
[2018.05.01-07.47.34:438][856]LogModuleManager: Shutting down and abandoning module AvfMediaFactory (512)
[2018.05.01-07.47.34:438][856]LogModuleManager: Shutting down and abandoning module AvfMediaEditor (510)
[2018.05.01-07.47.34:438][856]LogModuleManager: Shutting down and abandoning module AndroidMediaFactory (508)
[2018.05.01-07.47.34:438][856]LogModuleManager: Shutting down and abandoning module AndroidMediaEditor (506)
[2018.05.01-07.47.34:438][856]LogModuleManager: Shutting down and abandoning module CharacterAI (504)
[2018.05.01-07.47.34:438][856]LogModuleManager: Shutting down and abandoning module SmartSnapping (502)
[2018.05.01-07.47.34:438][856]LogModuleManager: Shutting down and abandoning module SessionServices (500)
[2018.05.01-07.47.34:438][856]LogModuleManager: Shutting down and abandoning module ViewportSnapping (498)
[2018.05.01-07.47.34:438][856]LogModuleManager: Shutting down and abandoning module ViewportInteraction (496)
[2018.05.01-07.47.34:439][856]LogModuleManager: Shutting down and abandoning module ClothPainter (494)
[2018.05.01-07.47.34:439][856]LogModuleManager: Shutting down and abandoning module SkeletalMeshEditor (493)
[2018.05.01-07.47.34:439][856]LogModuleManager: Shutting down and abandoning module LogVisualizer (490)
[2018.05.01-07.47.34:439][856]LogModuleManager: Shutting down and abandoning module IntroTutorials (488)
[2018.05.01-07.47.34:439][856]LogModuleManager: Shutting down and abandoning module GameProjectGeneration (487)
[2018.05.01-07.47.34:439][856]LogModuleManager: Shutting down and abandoning module IOSPlatformEditor (484)
[2018.05.01-07.47.34:439][856]LogModuleManager: Shutting down and abandoning module HTML5PlatformEditor (482)
[2018.05.01-07.47.34:439][856]LogModuleManager: Shutting down and abandoning module AndroidPlatformEditor (480)
[2018.05.01-07.47.34:439][856]LogModuleManager: Shutting down and abandoning module AndroidDeviceDetection (479)
[2018.05.01-07.47.34:443][856]LogModuleManager: Shutting down and abandoning module WindowsPlatformEditor (476)
[2018.05.01-07.47.34:443][856]LogModuleManager: Shutting down and abandoning module IOSRuntimeSettings (474)
[2018.05.01-07.47.34:443][856]LogModuleManager: Shutting down and abandoning module AndroidRuntimeSettings (472)
[2018.05.01-07.47.34:443][856]LogModuleManager: Shutting down and abandoning module InputBindingEditor (470)
[2018.05.01-07.47.34:443][856]LogModuleManager: Shutting down and abandoning module MergeActors (468)
[2018.05.01-07.47.34:443][856]LogModuleManager: Shutting down and abandoning module LocalizationDashboard (466)
[2018.05.01-07.47.34:443][856]LogModuleManager: Shutting down and abandoning module LocalizationService (465)
[2018.05.01-07.47.34:443][856]LogModuleManager: Shutting down and abandoning module HardwareTargeting (462)
[2018.05.01-07.47.34:443][856]LogModuleManager: Shutting down and abandoning module DeviceProfileEditor (460)
[2018.05.01-07.47.34:443][856]LogModuleManager: Shutting down and abandoning module UndoHistory (458)
[2018.05.01-07.47.34:443][856]LogModuleManager: Shutting down and abandoning module XmlParser (456)
[2018.05.01-07.47.34:443][856]LogModuleManager: Shutting down and abandoning module Blutility (454)
[2018.05.01-07.47.34:443][856]LogModuleManager: Shutting down and abandoning module ProjectSettingsViewer (452)
[2018.05.01-07.47.34:443][856]LogModuleManager: Shutting down and abandoning module ProjectTargetPlatformEditor (451)
[2018.05.01-07.47.34:443][856]LogModuleManager: Shutting down and abandoning module EditorSettingsViewer (448)
[2018.05.01-07.47.34:443][856]LogModuleManager: Shutting down and abandoning module SettingsEditor (446)
[2018.05.01-07.47.34:443][856]LogModuleManager: Shutting down and abandoning module ProjectLauncher (444)
[2018.05.01-07.47.34:444][856]LogModuleManager: Shutting down and abandoning module SessionFrontend (442)
[2018.05.01-07.47.34:444][856]LogModuleManager: Shutting down and abandoning module ProfilerClient (440)
[2018.05.01-07.47.34:444][856]LogModuleManager: Shutting down and abandoning module DeviceManager (438)
[2018.05.01-07.47.34:444][856]LogModuleManager: Shutting down and abandoning module TargetDeviceServices (437)
[2018.05.01-07.47.34:485][856]LogModuleManager: Shutting down and abandoning module AutomationController (434)
[2018.05.01-07.47.34:485][856]LogModuleManager: Shutting down and abandoning module AutomationWindow (432)
[2018.05.01-07.47.34:485][856]LogModuleManager: Shutting down and abandoning module Layers (430)
[2018.05.01-07.47.34:485][856]LogModuleManager: Shutting down and abandoning module ComponentVisualizers (428)
[2018.05.01-07.47.34:485][856]LogModuleManager: Shutting down and abandoning module DetailCustomizations (426)
[2018.05.01-07.47.34:485][856]LogModuleManager: Shutting down and abandoning module PackagesDialog (424)
[2018.05.01-07.47.34:485][856]LogModuleManager: Shutting down and abandoning module Persona (422)
[2018.05.01-07.47.34:485][856]LogModuleManager: Shutting down and abandoning module AdvancedPreviewScene (421)
[2018.05.01-07.47.34:485][856]LogModuleManager: Shutting down and abandoning module AnimGraph (419)
[2018.05.01-07.47.34:485][856]LogModuleManager: Shutting down and abandoning module Kismet (416)
[2018.05.01-07.47.34:489][856]LogModuleManager: Shutting down and abandoning module GraphEditor (414)
[2018.05.01-07.47.34:489][856]LogModuleManager: Shutting down and abandoning module ClassViewer (412)
[2018.05.01-07.47.34:489][856]LogModuleManager: Shutting down and abandoning module Toolbox (410)
[2018.05.01-07.47.34:489][856]LogModuleManager: Shutting down and abandoning module ModuleUI (408)
[2018.05.01-07.47.34:489][856]LogModuleManager: Shutting down and abandoning module MovieSceneTools (406)
[2018.05.01-07.47.34:489][856]LogModuleManager: Shutting down and abandoning module OutputLog (404)
[2018.05.01-07.47.34:489][856]LogModuleManager: Shutting down and abandoning module GammaUI (402)
[2018.05.01-07.47.34:489][856]LogModuleManager: Shutting down and abandoning module Documentation (400)
[2018.05.01-07.47.34:489][856]LogModuleManager: Shutting down and abandoning module MovieSceneTracks (398)
[2018.05.01-07.47.34:489][856]LogModuleManager: Shutting down and abandoning module MovieScene (396)
[2018.05.01-07.47.34:489][856]LogModuleManager: Shutting down and abandoning module StreamingPauseRendering (394)
[2018.05.01-07.47.34:489][856]LogModuleManager: Shutting down and abandoning module LauncherPlatform (392)
[2018.05.01-07.47.34:489][856]LogModuleManager: Shutting down and abandoning module AnalyticsET (390)
[2018.05.01-07.47.34:489][856]LogModuleManager: Shutting down and abandoning module PortalServices (388)
[2018.05.01-07.47.34:489][856]LogModuleManager: Shutting down and abandoning module PortalRpc (386)
[2018.05.01-07.47.34:489][856]LogModuleManager: Shutting down and abandoning module MessagingRpc (384)
[2018.05.01-07.47.34:489][856]LogModuleManager: Shutting down and abandoning module AIModule (382)
[2018.05.01-07.47.34:489][856]LogModuleManager: Shutting down and abandoning module GameplayDebugger (381)
[2018.05.01-07.47.34:489][856]LogModuleManager: Shutting down and abandoning module AITestSuite (379)
[2018.05.01-07.47.34:489][856]LogModuleManager: Shutting down and abandoning module DesktopPlatform (376)
[2018.05.01-07.47.34:489][856]LogModuleManager: Shutting down and abandoning module ProfilerService (374)
[2018.05.01-07.47.34:634][856]LogModuleManager: Shutting down and abandoning module TaskGraph (372)
[2018.05.01-07.47.34:634][856]LogModuleManager: Shutting down and abandoning module SteamVRController (370)
[2018.05.01-07.47.34:635][856]LogModuleManager: Shutting down and abandoning module ProceduralMeshComponentEditor (368)
[2018.05.01-07.47.34:635][856]LogModuleManager: Shutting down and abandoning module ProceduralMeshComponent (366)
[2018.05.01-07.47.34:635][856]LogModuleManager: Shutting down and abandoning module OculusInput (364)
[2018.05.01-07.47.34:635][856]LogModuleManager: Shutting down and abandoning module MobilePatchingUtils (362)
[2018.05.01-07.47.34:635][856]LogModuleManager: Shutting down and abandoning module CustomMeshComponent (360)
[2018.05.01-07.47.34:635][856]LogModuleManager: Shutting down and abandoning module CableComponent (358)
[2018.05.01-07.47.34:635][856]LogModuleManager: Shutting down and abandoning module AudioCapture (356)
[2018.05.01-07.47.34:635][856]LogModuleManager: Shutting down and abandoning module ArchVisCharacter (354)
[2018.05.01-07.47.34:635][856]LogModuleManager: Shutting down and abandoning module AndroidPermission (352)
[2018.05.01-07.47.34:636][856]LogModuleManager: Shutting down and abandoning module NUTUnrealEngine4 (348)
[2018.05.01-07.47.34:636][856]LogModuleManager: Shutting down and abandoning module NetcodeUnitTest (346)
[2018.05.01-07.47.34:636][856]LogModuleManager: Shutting down and abandoning module MediaCompositingEditor (344)
[2018.05.01-07.47.34:636][856]LogModuleManager: Shutting down and abandoning module MediaCompositing (342)
[2018.05.01-07.47.34:636][856]LogModuleManager: Shutting down and abandoning module LinearTimecode (340)
[2018.05.01-07.47.34:636][856]LogModuleManager: Shutting down and abandoning module ImgMedia (338)
[2018.05.01-07.47.34:647][856]LogModuleManager: Shutting down and abandoning module HTML5Networking (336)
[2018.05.01-07.47.34:647][856]LogModuleManager: Shutting down and abandoning module AlembicImporter (334)
[2018.05.01-07.47.34:647][856]LogModuleManager: Shutting down and abandoning module AlembicLibrary (333)
[2018.05.01-07.47.34:647][856]LogModuleManager: Shutting down and abandoning module GeometryCache (332)
[2018.05.01-07.47.34:647][856]LogModuleManager: Shutting down and abandoning module GeometryCacheEd (331)
[2018.05.01-07.47.34:647][856]LogModuleManager: Shutting down and abandoning module DatasmithContent (326)
[2018.05.01-07.47.34:647][856]LogModuleManager: Shutting down and abandoning module SpeedTreeImporter (324)
[2018.05.01-07.47.34:647][856]LogModuleManager: Shutting down and abandoning module PluginBrowser (322)
[2018.05.01-07.47.34:647][856]LogModuleManager: Shutting down and abandoning module MobileLauncherProfileWizard (320)
[2018.05.01-07.47.34:648][856]LogModuleManager: Shutting down and abandoning module CryptoKeysOpenSSL (318)
[2018.05.01-07.47.34:648][856]LogModuleManager: Shutting down and abandoning module CryptoKeys (316)
[2018.05.01-07.47.34:648][856]LogModuleManager: Shutting down and abandoning module VisualStudioSourceCodeAccess (314)
[2018.05.01-07.47.34:648][856]LogModuleManager: Shutting down and abandoning module VisualStudioCodeSourceCodeAccess (312)
[2018.05.01-07.47.34:648][856]LogModuleManager: Shutting down and abandoning module UObjectPlugin (310)
[2018.05.01-07.47.34:648][856]LogModuleManager: Shutting down and abandoning module SubversionSourceControl (308)
[2018.05.01-07.47.34:648][856]LogModuleManager: Shutting down and abandoning module PerforceSourceControl (306)
[2018.05.01-07.47.34:648][856]LogModuleManager: Shutting down and abandoning module GitSourceControl (304)
[2018.05.01-07.47.34:648][856]LogModuleManager: Shutting down and abandoning module SourceControl (303)
[2018.05.01-07.47.34:648][856]LogModuleManager: Shutting down and abandoning module CLionSourceCodeAccess (300)
[2018.05.01-07.47.34:648][856]LogModuleManager: Shutting down and abandoning module LightPropagationVolumeEditor (298)
[2018.05.01-07.47.34:649][856]LogModuleManager: Shutting down and abandoning module PaperTiledImporter (296)
[2018.05.01-07.47.34:649][856]LogModuleManager: Shutting down and abandoning module PaperSpriteSheetImporter (294)
[2018.05.01-07.47.34:649][856]LogModuleManager: Shutting down and abandoning module Paper2DEditor (292)
[2018.05.01-07.47.34:649][856]LogModuleManager: Shutting down and abandoning module MeshPaint (291)
[2018.05.01-07.47.34:649][856]LogModuleManager: Shutting down and abandoning module RuntimePhysXCooking (288)
[2018.05.01-07.47.34:649][856]LogModuleManager: Shutting down and abandoning module PhysXVehiclesEditor (286)
[2018.05.01-07.47.34:649][856]LogModuleManager: Shutting down and abandoning module PhysXVehicles (284)
[2018.05.01-07.47.34:649][856]LogModuleManager: Shutting down and abandoning module OculusEditor (282)
[2018.05.01-07.47.34:649][856]LogModuleManager: Shutting down and abandoning module LocationServicesBPLibrary (280)
[2018.05.01-07.47.34:649][856]LogModuleManager: Shutting down and abandoning module ImmediatePhysicsEditor (278)
[2018.05.01-07.47.34:649][856]LogModuleManager: Shutting down and abandoning module ImmediatePhysics (276)
[2018.05.01-07.47.34:650][856]LogModuleManager: Shutting down and abandoning module ActorSequence (274)
[2018.05.01-07.47.34:650][856]LogModuleManager: Shutting down and abandoning module UdpMessaging (272)
[2018.05.01-07.47.34:751][856]LogModuleManager: Shutting down and abandoning module TcpMessaging (270)
[2018.05.01-07.47.34:928][856]LogModuleManager: Shutting down and abandoning module GameplayTagsEditor (268)
[2018.05.01-07.47.34:928][856]LogModuleManager: Shutting down and abandoning module FacialAnimationEditor (266)
[2018.05.01-07.47.34:928][856]LogModuleManager: Shutting down and abandoning module FacialAnimation (264)
[2018.05.01-07.47.34:928][856]LogModuleManager: Shutting down and abandoning module DataValidation (262)
[2018.05.01-07.47.34:928][856]LogModuleManager: Shutting down and abandoning module AssetManagerEditor (260)
[2018.05.01-07.47.34:929][856]LogModuleManager: Shutting down and abandoning module LevelEditor (259)
[2018.05.01-07.47.34:931][856]LogModuleManager: Shutting down and abandoning module PixelInspectorModule (258)
[2018.05.01-07.47.34:931][856]LogModuleManager: Shutting down and abandoning module CommonMenuExtensions (256)
[2018.05.01-07.47.34:931][856]LogModuleManager: Shutting down and abandoning module MainFrame (254)
[2018.05.01-07.47.34:932][856]LogModuleManager: Shutting down and abandoning module HotReload (253)
[2018.05.01-07.47.34:932][856]LogModuleManager: Shutting down and abandoning module ContentBrowser (249)
[2018.05.01-07.47.34:935][856]LogModuleManager: Shutting down and abandoning module TreeMap (247)
[2018.05.01-07.47.34:935][856]LogModuleManager: Shutting down and abandoning module LightPropagationVolumeRuntime (244)
[2018.05.01-07.47.34:935][856]LogModuleManager: Shutting down and abandoning module LiveLinkEditor (242)
[2018.05.01-07.47.34:935][856]LogModuleManager: Shutting down and abandoning module LiveLink (240)
[2018.05.01-07.47.35:648][856]LogModuleManager: Shutting down and abandoning module Paper2D (238)
[2018.05.01-07.47.35:648][856]LogModuleManager: Shutting down and abandoning module WindowsMoviePlayer (236)
[2018.05.01-07.47.35:648][856]LogModuleManager: Shutting down and abandoning module WmfMedia (234)
[2018.05.01-07.47.35:649][856]LogModuleManager: Shutting down and abandoning module Media (233)
[2018.05.01-07.47.35:655][856]LogModuleManager: Shutting down and abandoning module PacketHandler (230)
[2018.05.01-07.47.35:655][856]LogModuleManager: Shutting down and abandoning module ClothingSystemEditor (228)
[2018.05.01-07.47.35:655][856]LogModuleManager: Shutting down and abandoning module ClothingSystemRuntime (226)
[2018.05.01-07.47.35:655][856]LogModuleManager: Shutting down and abandoning module MediaAssets (224)
[2018.05.01-07.47.35:655][856]LogModuleManager: Shutting down and abandoning module Overlay (222)
[2018.05.01-07.47.35:655][856]LogModuleManager: Shutting down and abandoning module OverlayEditor (221)
[2018.05.01-07.47.35:655][856]LogModuleManager: Shutting down and abandoning module VREditor (218)
[2018.05.01-07.47.35:655][856]LogModuleManager: Shutting down and abandoning module StringTableEditor (216)
[2018.05.01-07.47.35:655][856]LogModuleManager: Shutting down and abandoning module GameplayTasksEditor (214)
[2018.05.01-07.47.35:655][856]LogModuleManager: Shutting down and abandoning module BehaviorTreeEditor (212)
[2018.05.01-07.47.35:655][856]LogModuleManager: Shutting down and abandoning module FunctionalTesting (210)
[2018.05.01-07.47.35:655][856]LogModuleManager: Shutting down and abandoning module CollisionAnalyzer (208)
[2018.05.01-07.47.35:655][856]LogModuleManager: Shutting down and abandoning module WorkspaceMenuStructure (207)
[2018.05.01-07.47.35:655][856]LogModuleManager: Shutting down and abandoning module UMG (204)
[2018.05.01-07.47.35:656][856]LogModuleManager: Shutting down and abandoning module UMGEditor (203)
[2018.05.01-07.47.35:656][856]LogModuleManager: Shutting down and abandoning module Sequencer (202)
[2018.05.01-07.47.35:656][856]LogModuleManager: Shutting down and abandoning module MessageLog (199)
[2018.05.01-07.47.35:656][856]LogModuleManager: Shutting down and abandoning module SlateReflector (194)
[2018.05.01-07.47.35:656][856]LogModuleManager: Shutting down and abandoning module Slate (192)
[2018.05.01-07.47.35:656][856]LogModuleManager: Shutting down and abandoning module EditorStyle (190)
[2018.05.01-07.47.35:661][856]LogModuleManager: Shutting down and abandoning module MRMesh (188)
[2018.05.01-07.47.35:661][856]LogModuleManager: Shutting down and abandoning module SourceCodeAccess (186)
[2018.05.01-07.47.35:661][856]LogModuleManager: Shutting down and abandoning module HeadMountedDisplay (184)
[2018.05.01-07.47.35:661][856]LogModuleManager: Shutting down and abandoning module XAudio2 (182)
[2018.05.01-07.47.35:661][856]LogModuleManager: Shutting down and abandoning module Networking (180)
[2018.05.01-07.47.35:661][856]LogModuleManager: Shutting down and abandoning module Core (178)
[2018.05.01-07.47.35:661][856]LogModuleManager: Shutting down and abandoning module LevelSequence (176)
[2018.05.01-07.47.35:662][856]LogModuleManager: Shutting down and abandoning module KismetCompiler (174)
[2018.05.01-07.47.35:662][856]LogModuleManager: Shutting down and abandoning module MeshUtilities (172)
[2018.05.01-07.47.35:662][856]LogModuleManager: Shutting down and abandoning module MeshMergeUtilities (171)
[2018.05.01-07.47.35:662][856]LogModuleManager: Shutting down and abandoning module MeshReductionInterface (170)
[2018.05.01-07.47.35:662][856]LogModuleManager: Shutting down and abandoning module SimplygonSwarm (169)
[2018.05.01-07.47.35:662][856]LogModuleManager: Shutting down and abandoning module SimplygonMeshReduction (167)
[2018.05.01-07.47.35:662][856]LogModuleManager: Shutting down and abandoning module QuadricMeshReduction (165)
[2018.05.01-07.47.35:662][856]LogModuleManager: Shutting down and abandoning module MaterialBaking (161)
[2018.05.01-07.47.35:662][856]LogModuleManager: Shutting down and abandoning module DirectoryWatcher (157)
[2018.05.01-07.47.35:665][856]LogModuleManager: Shutting down and abandoning module DerivedDataCache (154)
[2018.05.01-07.47.35:700][856]LogDerivedDataCache: Shutdown
[2018.05.01-07.47.35:700][856]LogModuleManager: Shutting down and abandoning module XGEController (152)
[2018.05.01-07.47.35:700][856]LogXGEController: Cleaning working directory: C:/Users/skilltreelab/AppData/Local/Temp/UnrealXGEWorkingDir/
[2018.05.01-07.47.35:701][856]LogModuleManager: Shutting down and abandoning module TargetPlatform (150)
[2018.05.01-07.47.35:701][856]LogModuleManager: Shutting down and abandoning module VulkanShaderFormat (149)
[2018.05.01-07.47.35:701][856]LogModuleManager: Shutting down and abandoning module ShaderFormatVectorVM (147)
[2018.05.01-07.47.35:701][856]LogModuleManager: Shutting down and abandoning module ShaderFormatOpenGL (145)
[2018.05.01-07.47.35:701][856]LogModuleManager: Shutting down and abandoning module ShaderFormatD3D (143)
[2018.05.01-07.47.35:701][856]LogModuleManager: Shutting down and abandoning module MetalShaderFormat (141)
[2018.05.01-07.47.35:701][856]LogModuleManager: Shutting down and abandoning module TextureFormatUncompressed (139)
[2018.05.01-07.47.35:701][856]LogModuleManager: Shutting down and abandoning module TextureFormatPVR (137)
[2018.05.01-07.47.35:701][856]LogModuleManager: Shutting down and abandoning module TextureFormatDXT (135)
[2018.05.01-07.47.35:701][856]LogModuleManager: Shutting down and abandoning module TextureFormatIntelISPCTexComp (133)
[2018.05.01-07.47.35:701][856]LogModuleManager: Shutting down and abandoning module TextureFormatASTC (131)
[2018.05.01-07.47.35:701][856]LogModuleManager: Shutting down and abandoning module ImageWrapper (130)
[2018.05.01-07.47.35:701][856]LogModuleManager: Shutting down and abandoning module TextureFormatAndroid (127)
[2018.05.01-07.47.35:701][856]LogModuleManager: Shutting down and abandoning module AudioFormatOpus (125)
[2018.05.01-07.47.35:701][856]LogModuleManager: Shutting down and abandoning module AudioFormatOgg (123)
[2018.05.01-07.47.35:701][856]LogModuleManager: Shutting down and abandoning module AudioFormatADPCM (121)
[2018.05.01-07.47.35:701][856]LogModuleManager: Shutting down and abandoning module LinuxTargetPlatform (119)
[2018.05.01-07.47.35:701][856]LogModuleManager: Shutting down and abandoning module LinuxServerTargetPlatform (117)
[2018.05.01-07.47.35:701][856]LogModuleManager: Shutting down and abandoning module LinuxNoEditorTargetPlatform (115)
[2018.05.01-07.47.35:701][856]LogModuleManager: Shutting down and abandoning module LinuxClientTargetPlatform (113)
[2018.05.01-07.47.35:701][856]LogModuleManager: Shutting down and abandoning module TVOSTargetPlatform (111)
[2018.05.01-07.47.35:701][856]LogModuleManager: Shutting down and abandoning module Messaging (109)
[2018.05.01-07.47.35:701][856]LogModuleManager: Shutting down and abandoning module IOSTargetPlatform (107)
[2018.05.01-07.47.35:701][856]LogModuleManager: Shutting down and abandoning module HTML5TargetPlatform (105)
[2018.05.01-07.47.35:701][856]LogModuleManager: Shutting down and abandoning module AndroidTargetPlatform (103)
[2018.05.01-07.47.35:701][856]LogModuleManager: Shutting down and abandoning module Android_PVRTCTargetPlatform (101)
[2018.05.01-07.47.35:701][856]LogModuleManager: Shutting down and abandoning module Android_MultiTargetPlatform (99)
[2018.05.01-07.47.35:701][856]LogModuleManager: Shutting down and abandoning module Android_ETC2TargetPlatform (97)
[2018.05.01-07.47.35:701][856]LogModuleManager: Shutting down and abandoning module Android_ETC1TargetPlatform (95)
[2018.05.01-07.47.35:702][856]LogModuleManager: Shutting down and abandoning module Android_ETC1aTargetPlatform (93)
[2018.05.01-07.47.35:702][856]LogModuleManager: Shutting down and abandoning module Android_DXTTargetPlatform (91)
[2018.05.01-07.47.35:702][856]LogModuleManager: Shutting down and abandoning module Android_ATCTargetPlatform (89)
[2018.05.01-07.47.35:702][856]LogModuleManager: Shutting down and abandoning module Android_ASTCTargetPlatform (87)
[2018.05.01-07.47.35:702][856]LogModuleManager: Shutting down and abandoning module WindowsTargetPlatform (85)
[2018.05.01-07.47.35:702][856]LogModuleManager: Shutting down and abandoning module WindowsServerTargetPlatform (83)
[2018.05.01-07.47.35:702][856]LogModuleManager: Shutting down and abandoning module WindowsNoEditorTargetPlatform (81)
[2018.05.01-07.47.35:702][856]LogModuleManager: Shutting down and abandoning module WindowsClientTargetPlatform (79)
[2018.05.01-07.47.35:702][856]LogModuleManager: Shutting down and abandoning module MacTargetPlatform (77)
[2018.05.01-07.47.35:702][856]LogModuleManager: Shutting down and abandoning module MacServerTargetPlatform (75)
[2018.05.01-07.47.35:702][856]LogModuleManager: Shutting down and abandoning module MacNoEditorTargetPlatform (73)
[2018.05.01-07.47.35:702][856]LogModuleManager: Shutting down and abandoning module MacClientTargetPlatform (71)
[2018.05.01-07.47.35:702][856]LogModuleManager: Shutting down and abandoning module AllDesktopTargetPlatform (69)
[2018.05.01-07.47.35:702][856]LogModuleManager: Shutting down and abandoning module InputCore (66)
[2018.05.01-07.47.35:702][856]LogModuleManager: Shutting down and abandoning module Settings (64)
[2018.05.01-07.47.35:702][856]LogModuleManager: Shutting down and abandoning module PhysXCooking (62)
[2018.05.01-07.47.35:702][856]LogModuleManager: Shutting down and abandoning module SteamVR (60)
[2018.05.01-07.47.35:702][856]LogModuleManager: Shutting down and abandoning module OculusHMD (58)
[2018.05.01-07.47.35:702][856]LogModuleManager: Shutting down and abandoning module ExampleDeviceProfileSelector (56)
[2018.05.01-07.47.35:702][856]LogModuleManager: Shutting down and abandoning module AppleARKit (54)
[2018.05.01-07.47.35:702][856]LogModuleManager: Shutting down and abandoning module AugmentedReality (51)
[2018.05.01-07.47.35:702][856]LogModuleManager: Shutting down and abandoning module OnlineBlueprintSupport (48)
[2018.05.01-07.47.35:702][856]LogModuleManager: Shutting down and abandoning module OnlineSubsystem (44)
[2018.05.01-07.47.35:702][856]LogModuleManager: Shutting down and abandoning module XMPP (43)
[2018.05.01-07.47.35:702][856]LogModuleManager: Shutting down and abandoning module HTTP (41)
[2018.05.01-07.47.35:702][856]LogHttp: Display: Http module shutting down, but needs to wait on 1 outstanding Http requests:
[2018.05.01-07.47.35:702][856]LogHttp: Display: 	verb=[POST] url=[https://datarouter.ol.epicgames.com/datarouter/api/v1/public/data?SessionID=%7B02FBE569-4C60-2F09-0C19-ED8330546CB8%7D&AppID=UEEditor.Rocket.Release&AppVersion=4.19.1-3989454%2B%2B%2BUE4%2BRelease-4.19&UserID=47888f2d4fafe4770905c2a13221b4e1%7C8ed80469092f41a0976acecd77e46950%7C8a32a5dc-d81c-4d2f-b80b-b231e35c839a&AppEnvironment=datacollector-binary&UploadType=eteventstream] status=Processing
[2018.05.01-07.47.35:713][856]LogModuleManager: Shutting down and abandoning module SSL (40)
[2018.05.01-07.47.35:714][856]LogModuleManager: Shutting down and abandoning module AnimationModifiers (36)
[2018.05.01-07.47.35:714][856]LogModuleManager: Shutting down and abandoning module PropertyEditor (35)
[2018.05.01-07.47.35:714][856]LogModuleManager: Shutting down and abandoning module AudioEditor (32)
[2018.05.01-07.47.35:714][856]LogModuleManager: Shutting down and abandoning module TextureCompressor (30)
[2018.05.01-07.47.35:714][856]LogModuleManager: Shutting down and abandoning module ShaderCore (28)
[2018.05.01-07.47.35:714][856]LogModuleManager: Shutting down and abandoning module Landscape (26)
[2018.05.01-07.47.35:714][856]LogModuleManager: Shutting down and abandoning module SlateRHIRenderer (24)
[2018.05.01-07.47.35:717][856]LogModuleManager: Shutting down and abandoning module OpenGLDrv (22)
[2018.05.01-07.47.35:717][856]LogModuleManager: Shutting down and abandoning module D3D11RHI (20)
[2018.05.01-07.47.35:717][856]LogModuleManager: Shutting down and abandoning module AnimGraphRuntime (18)
[2018.05.01-07.47.35:717][856]LogModuleManager: Shutting down and abandoning module Renderer (16)
[2018.05.01-07.47.35:717][856]LogModuleManager: Shutting down and abandoning module Engine (14)
[2018.05.01-07.47.35:717][856]LogModuleManager: Shutting down and abandoning module CoreUObject (12)
[2018.05.01-07.47.35:718][856]LogModuleManager: Shutting down and abandoning module NetworkFile (10)
[2018.05.01-07.47.35:718][856]LogModuleManager: Shutting down and abandoning module CookedIterativeFile (8)
[2018.05.01-07.47.35:718][856]LogModuleManager: Shutting down and abandoning module StreamingFile (6)
[2018.05.01-07.47.35:718][856]LogModuleManager: Shutting down and abandoning module SandboxFile (4)
[2018.05.01-07.47.35:718][856]LogModuleManager: Shutting down and abandoning module PakFile (2)
[2018.05.01-07.47.35:721][856]LogExit: Exiting.
[2018.05.01-07.47.35:739][856]Log file closed, 05/01/18 16:47:35
