Log file open, 04/16/18 13:27:42
LogWindows: Failed to load 'aqProf.dll' (GetLastError=126)
LogWindows: File 'aqProf.dll' does not exist
LogWindows: Failed to load 'VSPerf140.dll' (GetLastError=126)
LogWindows: File 'VSPerf140.dll' does not exist
LogWindows: Failed to load 'VtuneApi.dll' (GetLastError=126)
LogWindows: File 'VtuneApi.dll' does not exist
LogWindows: Failed to load 'VtuneApi32e.dll' (GetLastError=126)
LogWindows: File 'VtuneApi32e.dll' does not exist
LogInit: Display: Running engine for game: Weak2_2
LogPlatformFile: Not using cached read wrapper
LogInit: Display: RandInit(-144215439) SRandInit(-144215439).
LogInit: Read version file with build ID '3944462'
LogInit: Overriding engine version to CL 3944462, compatible CL 3944462
LogInit: Registered custom module enumerator with build ID '3944462'
LogTaskGraph: Started task graph with 5 named threads and 14 total threads with 3 sets of task threads.
LogStats: Stats thread started at 68.002481
LogD3D11RHI: Aftermath initialized
LogICUInternationalization: Display: ICU TimeZone Detection - Raw Offset: +9:00, Platform Override: ''
LogModuleManager: Display: Found up-to-date module file ../../../Engine/Plugins/2D/Paper2D/Binaries/Win64/UE4Editor-Paper2D.dll (API version 3944462).
LogModuleManager: Display: Found up-to-date module file ../../../Engine/Plugins/2D/Paper2D/Binaries/Win64/UE4Editor-Paper2DEditor.dll (API version 3944462).
LogModuleManager: Display: Found up-to-date module file ../../../Engine/Plugins/2D/Paper2D/Binaries/Win64/UE4Editor-PaperSpriteSheetImporter.dll (API version 3944462).
LogModuleManager: Display: Found up-to-date module file ../../../Engine/Plugins/2D/Paper2D/Binaries/Win64/UE4Editor-PaperTiledImporter.dll (API version 3944462).
LogModuleManager: Display: Found up-to-date module file ../../../Engine/Plugins/2D/Paper2D/Binaries/Win64/UE4Editor-SmartSnapping.dll (API version 3944462).
LogModuleManager: Display: Found up-to-date module file ../../../Engine/Plugins/Blendables/LightPropagationVolume/Binaries/Win64/UE4Editor-LightPropagationVolumeRuntime.dll (API version 3944462).
LogModuleManager: Display: Found up-to-date module file ../../../Engine/Plugins/Blendables/LightPropagationVolume/Binaries/Win64/UE4Editor-LightPropagationVolumeEditor.dll (API version 3944462).
LogModuleManager: Display: Found up-to-date module file ../../../Engine/Plugins/Developer/CLionSourceCodeAccess/Binaries/Win64/UE4Editor-CLionSourceCodeAccess.dll (API version 3944462).
LogModuleManager: Display: Found up-to-date module file ../../../Engine/Plugins/Developer/GitSourceControl/Binaries/Win64/UE4Editor-GitSourceControl.dll (API version 3944462).
LogModuleManager: Display: Found up-to-date module file ../../../Engine/Plugins/Developer/PerforceSourceControl/Binaries/Win64/UE4Editor-PerforceSourceControl.dll (API version 3944462).
LogModuleManager: Display: Found up-to-date module file ../../../Engine/Plugins/Developer/SubversionSourceControl/Binaries/Win64/UE4Editor-SubversionSourceControl.dll (API version 3944462).
LogModuleManager: Display: Found up-to-date module file ../../../Engine/Plugins/Developer/UObjectPlugin/Binaries/Win64/UE4Editor-UObjectPlugin.dll (API version 3944462).
LogModuleManager: Display: Found up-to-date module file ../../../Engine/Plugins/Developer/VisualStudioCodeSourceCodeAccess/Binaries/Win64/UE4Editor-VisualStudioCodeSourceCodeAccess.dll (API version 3944462).
LogModuleManager: Display: Found up-to-date module file ../../../Engine/Plugins/Developer/VisualStudioSourceCodeAccess/Binaries/Win64/UE4Editor-VisualStudioSourceCodeAccess.dll (API version 3944462).
LogModuleManager: Display: Found up-to-date module file ../../../Engine/Plugins/Editor/AssetManagerEditor/Binaries/Win64/UE4Editor-AssetManagerEditor.dll (API version 3944462).
LogModuleManager: Display: Found up-to-date module file ../../../Engine/Plugins/Editor/CryptoKeys/Binaries/Win64/UE4Editor-CryptoKeys.dll (API version 3944462).
LogModuleManager: Display: Found up-to-date module file ../../../Engine/Plugins/Editor/CryptoKeys/Binaries/Win64/UE4Editor-CryptoKeysOpenSSL.dll (API version 3944462).
LogModuleManager: Display: Found up-to-date module file ../../../Engine/Plugins/Editor/DataValidation/Binaries/Win64/UE4Editor-DataValidation.dll (API version 3944462).
LogModuleManager: Display: Found up-to-date module file ../../../Engine/Plugins/Editor/FacialAnimation/Binaries/Win64/UE4Editor-FacialAnimation.dll (API version 3944462).
LogModuleManager: Display: Found up-to-date module file ../../../Engine/Plugins/Editor/FacialAnimation/Binaries/Win64/UE4Editor-FacialAnimationEditor.dll (API version 3944462).
LogModuleManager: Display: Found up-to-date module file ../../../Engine/Plugins/Editor/GameplayTagsEditor/Binaries/Win64/UE4Editor-GameplayTagsEditor.dll (API version 3944462).
LogModuleManager: Display: Found up-to-date module file ../../../Engine/Plugins/Editor/MobileLauncherProfileWizard/Binaries/Win64/UE4Editor-MobileLauncherProfileWizard.dll (API version 3944462).
LogModuleManager: Display: Found up-to-date module file ../../../Engine/Plugins/Editor/PluginBrowser/Binaries/Win64/UE4Editor-PluginBrowser.dll (API version 3944462).
LogModuleManager: Display: Found up-to-date module file ../../../Engine/Plugins/Editor/SpeedTreeImporter/Binaries/Win64/UE4Editor-SpeedTreeImporter.dll (API version 3944462).
LogModuleManager: Display: Found up-to-date module file ../../../Engine/Plugins/Enterprise/DatasmithContent/Binaries/Win64/UE4Editor-DatasmithContent.dll (API version 3944462).
LogModuleManager: Display: Found up-to-date module file ../../../Engine/Plugins/Experimental/AlembicImporter/Binaries/Win64/UE4Editor-AlembicImporter.dll (API version 3944462).
LogModuleManager: Display: Found up-to-date module file ../../../Engine/Plugins/Experimental/AlembicImporter/Binaries/Win64/UE4Editor-AlembicLibrary.dll (API version 3944462).
LogModuleManager: Display: Found up-to-date module file ../../../Engine/Plugins/Experimental/CharacterAI/Binaries/Win64/UE4Editor-CharacterAI.dll (API version 3944462).
LogModuleManager: Display: Found up-to-date module file ../../../Engine/Plugins/Experimental/HTML5Networking/Binaries/Win64/UE4Editor-HTML5Networking.dll (API version 3944462).
LogModuleManager: Display: Found up-to-date module file ../../../Engine/Plugins/Media/AndroidMedia/Binaries/Win64/UE4Editor-AndroidMediaEditor.dll (API version 3944462).
LogModuleManager: Display: Found up-to-date module file ../../../Engine/Plugins/Media/AndroidMedia/Binaries/Win64/UE4Editor-AndroidMediaFactory.dll (API version 3944462).
LogModuleManager: Display: Found up-to-date module file ../../../Engine/Plugins/Media/AvfMedia/Binaries/Win64/UE4Editor-AvfMediaEditor.dll (API version 3944462).
LogModuleManager: Display: Found up-to-date module file ../../../Engine/Plugins/Media/AvfMedia/Binaries/Win64/UE4Editor-AvfMediaFactory.dll (API version 3944462).
LogModuleManager: Display: Found up-to-date module file ../../../Engine/Plugins/Media/AvfMedia/Binaries/Win64/UE4Editor-AvfMediaFactory.dll (API version 3944462).
LogModuleManager: Display: Found up-to-date module file ../../../Engine/Plugins/Media/ImgMedia/Binaries/Win64/UE4Editor-ImgMedia.dll (API version 3944462).
LogModuleManager: Display: Found up-to-date module file ../../../Engine/Plugins/Media/ImgMedia/Binaries/Win64/UE4Editor-ImgMediaEditor.dll (API version 3944462).
LogModuleManager: Display: Found up-to-date module file ../../../Engine/Plugins/Media/ImgMedia/Binaries/Win64/UE4Editor-ImgMediaFactory.dll (API version 3944462).
LogModuleManager: Display: Found up-to-date module file ../../../Engine/Plugins/Media/ImgMedia/Binaries/Win64/UE4Editor-ImgMediaFactory.dll (API version 3944462).
LogModuleManager: Display: Found up-to-date module file ../../../Engine/Plugins/Media/ImgMedia/Binaries/Win64/UE4Editor-OpenExrWrapper.dll (API version 3944462).
LogModuleManager: Display: Found up-to-date module file ../../../Engine/Plugins/Media/LinearTimecode/Binaries/Win64/UE4Editor-LinearTimecode.dll (API version 3944462).
LogModuleManager: Display: Found up-to-date module file ../../../Engine/Plugins/Media/MediaCompositing/Binaries/Win64/UE4Editor-MediaCompositing.dll (API version 3944462).
LogModuleManager: Display: Found up-to-date module file ../../../Engine/Plugins/Media/MediaCompositing/Binaries/Win64/UE4Editor-MediaCompositingEditor.dll (API version 3944462).
LogModuleManager: Display: Found up-to-date module file ../../../Engine/Plugins/Media/MediaPlayerEditor/Binaries/Win64/UE4Editor-MediaPlayerEditor.dll (API version 3944462).
LogModuleManager: Display: Found up-to-date module file ../../../Engine/Plugins/Media/WmfMedia/Binaries/Win64/UE4Editor-WmfMedia.dll (API version 3944462).
LogModuleManager: Display: Found up-to-date module file ../../../Engine/Plugins/Media/WmfMedia/Binaries/Win64/UE4Editor-WmfMediaEditor.dll (API version 3944462).
LogModuleManager: Display: Found up-to-date module file ../../../Engine/Plugins/Media/WmfMedia/Binaries/Win64/UE4Editor-WmfMediaFactory.dll (API version 3944462).
LogModuleManager: Display: Found up-to-date module file ../../../Engine/Plugins/Media/WmfMedia/Binaries/Win64/UE4Editor-WmfMediaFactory.dll (API version 3944462).
LogModuleManager: Display: Found up-to-date module file ../../../Engine/Plugins/Messaging/TcpMessaging/Binaries/Win64/UE4Editor-TcpMessaging.dll (API version 3944462).
LogModuleManager: Display: Found up-to-date module file ../../../Engine/Plugins/Messaging/UdpMessaging/Binaries/Win64/UE4Editor-UdpMessaging.dll (API version 3944462).
LogModuleManager: Display: Found up-to-date module file ../../../Engine/Plugins/MovieScene/ActorSequence/Binaries/Win64/UE4Editor-ActorSequence.dll (API version 3944462).
LogModuleManager: Display: Found up-to-date module file ../../../Engine/Plugins/MovieScene/LevelSequenceEditor/Binaries/Win64/UE4Editor-LevelSequenceEditor.dll (API version 3944462).
LogModuleManager: Display: Found up-to-date module file ../../../Engine/Plugins/MovieScene/MatineeToLevelSequence/Binaries/Win64/UE4Editor-MatineeToLevelSequence.dll (API version 3944462).
LogModuleManager: Display: Found up-to-date module file ../../../Engine/Plugins/NetcodeUnitTest/NetcodeUnitTest/Binaries/Win64/UE4Editor-NetcodeUnitTest.dll (API version 3944462).
LogModuleManager: Display: Found up-to-date module file ../../../Engine/Plugins/NetcodeUnitTest/NUTUnrealEngine4/Binaries/Win64/UE4Editor-NUTUnrealEngine4.dll (API version 3944462).
LogModuleManager: Display: Found up-to-date module file ../../../Engine/Plugins/Online/OnlineSubsystem/Binaries/Win64/UE4Editor-OnlineSubsystem.dll (API version 3944462).
LogModuleManager: Display: Found up-to-date module file ../../../Engine/Plugins/Runtime/AndroidPermission/Binaries/Win64/UE4Editor-AndroidPermission.dll (API version 3944462).
LogModuleManager: Display: Found up-to-date module file ../../../Engine/Plugins/Online/OnlineSubsystemNull/Binaries/Win64/UE4Editor-OnlineSubsystemNull.dll (API version 3944462).
LogModuleManager: Display: Found up-to-date module file ../../../Engine/Plugins/Online/OnlineSubsystemUtils/Binaries/Win64/UE4Editor-OnlineSubsystemUtils.dll (API version 3944462).
LogModuleManager: Display: Found up-to-date module file ../../../Engine/Plugins/Online/OnlineSubsystemUtils/Binaries/Win64/UE4Editor-OnlineBlueprintSupport.dll (API version 3944462).
LogModuleManager: Display: Found up-to-date module file ../../../Engine/Plugins/Runtime/AndroidDeviceProfileSelector/Binaries/Win64/UE4Editor-AndroidDeviceProfileSelector.dll (API version 3944462).
LogModuleManager: Display: Found up-to-date module file ../../../Engine/Plugins/Runtime/AppleARKit/Binaries/Win64/UE4Editor-AppleARKit.dll (API version 3944462).
LogModuleManager: Display: Found up-to-date module file ../../../Engine/Plugins/Runtime/ProceduralMeshComponent/Binaries/Win64/UE4Editor-ProceduralMeshComponent.dll (API version 3944462).
LogModuleManager: Display: Found up-to-date module file ../../../Engine/Plugins/Runtime/ProceduralMeshComponent/Binaries/Win64/UE4Editor-ProceduralMeshComponentEditor.dll (API version 3944462).
LogModuleManager: Display: Found up-to-date module file ../../../Engine/Plugins/Animation/LiveLink/Binaries/Win64/UE4Editor-LiveLink.dll (API version 3944462).
LogModuleManager: Display: Found up-to-date module file ../../../Engine/Plugins/Animation/LiveLink/Binaries/Win64/UE4Editor-LiveLinkEditor.dll (API version 3944462).
LogModuleManager: Display: Found up-to-date module file ../../../Engine/Plugins/Runtime/ArchVisCharacter/Binaries/Win64/UE4Editor-ArchVisCharacter.dll (API version 3944462).
LogModuleManager: Display: Found up-to-date module file ../../../Engine/Plugins/Runtime/AudioCapture/Binaries/Win64/UE4Editor-AudioCapture.dll (API version 3944462).
LogModuleManager: Display: Found up-to-date module file ../../../Engine/Plugins/Runtime/AudioCapture/Binaries/Win64/UE4Editor-AudioCaptureEditor.dll (API version 3944462).
LogModuleManager: Display: Found up-to-date module file ../../../Engine/Plugins/Runtime/CableComponent/Binaries/Win64/UE4Editor-CableComponent.dll (API version 3944462).
LogModuleManager: Display: Found up-to-date module file ../../../Engine/Plugins/Runtime/CustomMeshComponent/Binaries/Win64/UE4Editor-CustomMeshComponent.dll (API version 3944462).
LogModuleManager: Display: Found up-to-date module file ../../../Engine/Plugins/Runtime/ExampleDeviceProfileSelector/Binaries/Win64/UE4Editor-ExampleDeviceProfileSelector.dll (API version 3944462).
LogModuleManager: Display: Found up-to-date module file ../../../Engine/Plugins/Runtime/ImmediatePhysics/Binaries/Win64/UE4Editor-ImmediatePhysics.dll (API version 3944462).
LogModuleManager: Display: Found up-to-date module file ../../../Engine/Plugins/Runtime/ImmediatePhysics/Binaries/Win64/UE4Editor-ImmediatePhysicsEditor.dll (API version 3944462).
LogModuleManager: Display: Found up-to-date module file ../../../Engine/Plugins/Runtime/LocationServicesBPLibrary/Binaries/Win64/UE4Editor-LocationServicesBPLibrary.dll (API version 3944462).
LogModuleManager: Display: Found up-to-date module file ../../../Engine/Plugins/Runtime/MobilePatchingUtils/Binaries/Win64/UE4Editor-MobilePatchingUtils.dll (API version 3944462).
LogModuleManager: Display: Found up-to-date module file ../../../Engine/Plugins/Runtime/Oculus/OculusVR/Binaries/Win64/UE4Editor-OculusHMD.dll (API version 3944462).
LogModuleManager: Display: Found up-to-date module file ../../../Engine/Plugins/Runtime/Oculus/OculusVR/Binaries/Win64/UE4Editor-OculusInput.dll (API version 3944462).
LogModuleManager: Display: Found up-to-date module file ../../../Engine/Plugins/Runtime/Oculus/OculusVR/Binaries/Win64/UE4Editor-OculusEditor.dll (API version 3944462).
LogModuleManager: Display: Found up-to-date module file ../../../Engine/Plugins/Runtime/PhysXVehicles/Binaries/Win64/UE4Editor-PhysXVehicles.dll (API version 3944462).
LogModuleManager: Display: Found up-to-date module file ../../../Engine/Plugins/Runtime/PhysXVehicles/Binaries/Win64/UE4Editor-PhysXVehiclesEditor.dll (API version 3944462).
LogModuleManager: Display: Found up-to-date module file ../../../Engine/Plugins/Runtime/RuntimePhysXCooking/Binaries/Win64/UE4Editor-RuntimePhysXCooking.dll (API version 3944462).
LogModuleManager: Display: Found up-to-date module file ../../../Engine/Plugins/Runtime/Steam/SteamVR/Binaries/Win64/UE4Editor-SteamVR.dll (API version 3944462).
LogModuleManager: Display: Found up-to-date module file ../../../Engine/Plugins/Runtime/Steam/SteamVR/Binaries/Win64/UE4Editor-SteamVRController.dll (API version 3944462).
LogModuleManager: Display: Found up-to-date module file ../../../Engine/Plugins/Runtime/WindowsMoviePlayer/Binaries/Win64/UE4Editor-WindowsMoviePlayer.dll (API version 3944462).
LogPluginManager: Mounting plugin Paper2D
LogPluginManager: Mounting plugin LiveLink
LogPluginManager: Mounting plugin LightPropagationVolume
LogPluginManager: Mounting plugin CLionSourceCodeAccess
LogPluginManager: Mounting plugin CodeLiteSourceCodeAccess
LogPluginManager: Mounting plugin GitSourceControl
LogPluginManager: Mounting plugin KDevelopSourceCodeAccess
LogPluginManager: Mounting plugin NullSourceCodeAccess
LogPluginManager: Mounting plugin PerforceSourceControl
LogPluginManager: Mounting plugin SubversionSourceControl
LogPluginManager: Mounting plugin UObjectPlugin
LogPluginManager: Mounting plugin VisualStudioCodeSourceCodeAccess
LogPluginManager: Mounting plugin VisualStudioSourceCodeAccess
LogPluginManager: Mounting plugin XCodeSourceCodeAccess
LogPluginManager: Mounting plugin AssetManagerEditor
LogPluginManager: Mounting plugin CryptoKeys
LogPluginManager: Mounting plugin DataValidation
LogPluginManager: Mounting plugin FacialAnimation
LogPluginManager: Mounting plugin GameplayTagsEditor
LogPluginManager: Mounting plugin MobileLauncherProfileWizard
LogPluginManager: Mounting plugin PluginBrowser
LogPluginManager: Mounting plugin SpeedTreeImporter
LogPluginManager: Mounting plugin DatasmithContent
LogPluginManager: Mounting plugin AlembicImporter
LogPluginManager: Mounting plugin CharacterAI
LogPluginManager: Mounting plugin HTML5Networking
LogPluginManager: Mounting plugin AndroidMedia
LogPluginManager: Mounting plugin AvfMedia
LogPluginManager: Mounting plugin ImgMedia
LogPluginManager: Mounting plugin LinearTimecode
LogPluginManager: Mounting plugin MediaCompositing
LogPluginManager: Mounting plugin MediaPlayerEditor
LogPluginManager: Mounting plugin WmfMedia
LogPluginManager: Mounting plugin TcpMessaging
LogPluginManager: Mounting plugin UdpMessaging
LogPluginManager: Mounting plugin ActorSequence
LogPluginManager: Mounting plugin LevelSequenceEditor
LogPluginManager: Mounting plugin MatineeToLevelSequence
LogPluginManager: Mounting plugin NetcodeUnitTest
LogPluginManager: Mounting plugin NUTUnrealEngine4
LogPluginManager: Mounting plugin OnlineSubsystemGooglePlay
LogPluginManager: Mounting plugin OnlineSubsystemIOS
LogPluginManager: Mounting plugin OnlineSubsystem
LogPluginManager: Mounting plugin OnlineSubsystemNull
LogPluginManager: Mounting plugin OnlineSubsystemUtils
LogPluginManager: Mounting plugin AndroidDeviceProfileSelector
LogPluginManager: Mounting plugin AndroidMoviePlayer
LogPluginManager: Mounting plugin AndroidPermission
LogPluginManager: Mounting plugin AppleARKit
LogPluginManager: Mounting plugin AppleMoviePlayer
LogPluginManager: Mounting plugin ArchVisCharacter
LogPluginManager: Mounting plugin AudioCapture
LogPluginManager: Mounting plugin CableComponent
LogPluginManager: Mounting plugin CustomMeshComponent
LogPluginManager: Mounting plugin ExampleDeviceProfileSelector
LogPluginManager: Mounting plugin GoogleCloudMessaging
LogPluginManager: Mounting plugin ImmediatePhysics
LogPluginManager: Mounting plugin IOSDeviceProfileSelector
LogPluginManager: Mounting plugin LinuxDeviceProfileSelector
LogPluginManager: Mounting plugin LocationServicesBPLibrary
LogPluginManager: Mounting plugin MobilePatchingUtils
LogPluginManager: Mounting plugin OculusVR
LogPluginManager: Plugin shader directory ../../../Engine/Plugins/Runtime/Oculus/OculusVR/Shaders found
LogPluginManager: Mapping shader source directory ../../../Engine/Plugins/Runtime/Oculus/OculusVR/Shaders to virtual directory /Plugin/OculusVR
LogPluginManager: Mounting plugin PhysXVehicles
LogPluginManager: Mounting plugin ProceduralMeshComponent
LogPluginManager: Mounting plugin RuntimePhysXCooking
LogPluginManager: Mounting plugin SteamVR
LogPluginManager: Mounting plugin WindowsMoviePlayer
LogStreaming: Display: Took 29.906s to configure plugins.
LogInit: Using libcurl 7.47.1
LogInit:  - built for x86_64-pc-win32
LogInit:  - supports SSL with OpenSSL/1.0.2g
LogInit:  - supports HTTP deflate (compression) using libz 1.2.8
LogInit:  - other features:
LogInit:      CURL_VERSION_SSL
LogInit:      CURL_VERSION_LIBZ
LogInit:      CURL_VERSION_IPV6
LogInit:      CURL_VERSION_ASYNCHDNS
LogInit:      CURL_VERSION_LARGEFILE
LogInit:      CURL_VERSION_IDN
LogInit:  CurlRequestOptions (configurable via config and command line):
LogInit:  - bVerifyPeer = false  - Libcurl will NOT verify peer certificate
LogInit:  - bUseHttpProxy = false  - Libcurl will NOT use HTTP proxy
LogInit:  - bDontReuseConnections = false  - Libcurl will reuse connections
LogInit:  - CertBundlePath = nullptr  - Libcurl will use whatever was configured at build time.
LogInit:  - MaxHostConnections = 16  - Libcurl will limit the number of connections to a host
LogInit:  - LocalHostAddr = Default
LogInit: WinSock: version 1.1 (2.2), MaxSocks=32767, MaxUdp=65467
LogInit: WinSock: I am DESKTOP-UOOBQET (172.28.195.161:0)
LogInit: Build: ++UE4+Release-4.19-CL-3944462
LogInit: Engine Version: 4.19.0-3944462+++UE4+Release-4.19
LogInit: Compatible Engine Version: 4.19.0-3944462+++UE4+Release-4.19
LogInit: Net CL: 3944462
LogDevObjectVersion: Number of dev versions registered: 18
LogDevObjectVersion:   Dev-Blueprints (B0D832E4-1F89-4F0D-ACCF-7EB736FD4AA2): 10
LogDevObjectVersion:   Dev-Build (E1C64328-A22C-4D53-A36C-8E866417BD8C): 0
LogDevObjectVersion:   Dev-Core (375EC13C-06E4-48FB-B500-84F0262A717E): 2
LogDevObjectVersion:   Dev-Editor (E4B068ED-F494-42E9-A231-DA0B2E46BB41): 23
LogDevObjectVersion:   Dev-Framework (CFFC743F-43B0-4480-9391-14DF171D2073): 33
LogDevObjectVersion:   Dev-Mobile (B02B49B5-BB20-44E9-A304-32B752E40360): 2
LogDevObjectVersion:   Dev-Networking (A4E4105C-59A1-49B5-A7C5-40C4547EDFEE): 0
LogDevObjectVersion:   Dev-Online (39C831C9-5AE6-47DC-9A44-9C173E1C8E7C): 0
LogDevObjectVersion:   Dev-Physics (78F01B33-EBEA-4F98-B9B4-84EACCB95AA2): 0
LogDevObjectVersion:   Dev-Platform (6631380F-2D4D-43E0-8009-CF276956A95A): 0
LogDevObjectVersion:   Dev-Rendering (12F88B9F-8875-4AFC-A67C-D90C383ABD29): 25
LogDevObjectVersion:   Dev-Sequencer (7B5AE74C-D270-4C10-A958-57980B212A5A): 6
LogDevObjectVersion:   Dev-VR (D7296918-1DD6-4BDD-9DE2-64A83CC13884): 1
LogDevObjectVersion:   Dev-LoadTimes (C2A15278-BFE7-4AFE-6C17-90FF531DF755): 1
LogDevObjectVersion:   Private-Geometry (6EACA3D4-40EC-4CC1-B786-8BED09428FC5): 2
LogDevObjectVersion:   Dev-AnimPhys (29E575DD-E0A3-4627-9D10-D276232CDCEA): 16
LogDevObjectVersion:   Dev-ReflectionCapture (6B266CEC-1EC7-4B8F-A30B-E4D90942FC07): 1
LogDevObjectVersion:   Dev-Automation (0DF73D61-A23F-47EA-B727-89E90C41499A): 1
LogInit: Compiled (64-bit): Mar 13 2018 23:12:32
LogInit: Compiled with Visual C++: 19.00.24215.01
LogInit: Build Configuration: Development
LogInit: Branch Name: ++UE4+Release-4.19
LogInit: Command Line:  
LogInit: Base Directory: C:/Program Files/Epic Games/UE_4.19/Engine/Binaries/Win64/
LogInit: Installed Engine Build: 1
LogStreaming: Display: Took  0.027s to delete old logs.
LogInit: Presizing for max 8388607 objects, including 0 objects not considered by GC, pre-allocating 0 bytes for permanent pool.
LogInit: Object subsystem initialized
[2018.04.16-04.28.44:112][  0]LogInit: Selected Device Profile: [Windows]
[2018.04.16-04.28.44:154][  0]LogInit: Applying CVar settings loaded from the selected device profile: [Windows]
[2018.04.16-04.28.45:413][  0]LogInit: Computer: DESKTOP-UOOBQET
[2018.04.16-04.28.45:413][  0]LogInit: User: chaka
[2018.04.16-04.28.45:413][  0]LogInit: CPU Page size=4096, Cores=4
[2018.04.16-04.28.45:413][  0]LogInit: High frequency timer resolution =2.249999 MHz
[2018.04.16-04.28.45:445][  0]LogMemory: Memory total: Physical=7.9GB (8GB approx)
[2018.04.16-04.28.45:445][  0]LogMemory: Platform Memory Stats for Windows
[2018.04.16-04.28.45:445][  0]LogMemory: Process Physical Memory: 273.85 MB used, 273.85 MB peak
[2018.04.16-04.28.45:445][  0]LogMemory: Process Virtual Memory: 269.99 MB used, 269.99 MB peak
[2018.04.16-04.28.45:445][  0]LogMemory: Physical Memory: 5188.23 MB used,  2887.02 MB free, 8075.25 MB total
[2018.04.16-04.28.45:445][  0]LogMemory: Virtual Memory: 692.43 MB used,  2887.02 MB free, 134217728.00 MB total
[2018.04.16-04.28.54:144][  0]LogInit: Using OS detected language (ko-KR).
[2018.04.16-04.28.54:144][  0]LogInit: Using OS detected locale (ko-KR).
[2018.04.16-04.28.55:039][  0]LogTextLocalizationManager: No specific localization for 'ko-KR' exists, so the 'ko' localization will be used.
[2018.04.16-04.28.59:167][  0]LogStreaming: Display: Took  5.122s to EndInitTextLocalization.
[2018.04.16-04.28.59:204][  0]LogInit: Setting process to per monitor DPI aware
[2018.04.16-04.29.04:036][  0]LogSlate: New Slate User Created.  User Index 0, Is Virtual User: 0
[2018.04.16-04.29.04:036][  0]LogSlate: Slate User Registered.  User Index 0, Is Virtual User: 0
[2018.04.16-04.29.21:235][  0]LogD3D11RHI: D3D11 adapters:
[2018.04.16-04.29.26:602][  0]LogD3D11RHI:    0. 'NVIDIA GeForce GTX 950M' (Feature Level 11_0)
[2018.04.16-04.29.26:627][  0]LogD3D11RHI:       2010/0/4037 MB DedicatedVideo/DedicatedSystem/SharedSystem, Outputs:2, VendorId:0x10de
[2018.04.16-04.29.26:740][  0]LogD3D11RHI:    1. 'Intel(R) HD Graphics 530' (Feature Level 11_0)
[2018.04.16-04.29.26:740][  0]LogD3D11RHI:       128/0/4037 MB DedicatedVideo/DedicatedSystem/SharedSystem, Outputs:0, VendorId:0x8086
[2018.04.16-04.29.26:748][  0]LogD3D11RHI:    2. 'Microsoft Basic Render Driver' (Feature Level 11_0)
[2018.04.16-04.29.26:748][  0]LogD3D11RHI:       0/0/4037 MB DedicatedVideo/DedicatedSystem/SharedSystem, Outputs:0, VendorId:0x1414
[2018.04.16-04.29.26:748][  0]LogD3D11RHI: Chosen D3D11 Adapter: 0
[2018.04.16-04.29.26:936][  0]LogD3D11RHI: Creating new Direct3DDevice
[2018.04.16-04.29.26:936][  0]LogD3D11RHI:     GPU DeviceId: 0x139a (for the marketing name, search the web for "GPU Device Id")
[2018.04.16-04.29.26:936][  0]LogWindows: EnumDisplayDevices:
[2018.04.16-04.29.26:937][  0]LogWindows:    0. 'Intel(R) HD Graphics 530' (P:1 D:1)
[2018.04.16-04.29.26:937][  0]LogWindows:    1. 'Intel(R) HD Graphics 530' (P:0 D:1)
[2018.04.16-04.29.26:938][  0]LogWindows:    2. 'Intel(R) HD Graphics 530' (P:0 D:0)
[2018.04.16-04.29.26:939][  0]LogWindows: DebugString: GetVideoDriverDetailsInvalid PrimaryIsNotTheChoosenAdapter GetVideoDriverDetailsInvalid PrimaryIsNotTheChoosenAdapter GetVideoDriverDetailsInvalid PrimaryIsNotTheChoosenAdapter FoundDriverCount:0 
[2018.04.16-04.29.26:939][  0]LogD3D11RHI:     Adapter Name: NVIDIA GeForce GTX 950M
[2018.04.16-04.29.26:939][  0]LogD3D11RHI:   Driver Version: Unknown (internal:Unknown, unified:Unknown)
[2018.04.16-04.29.26:939][  0]LogD3D11RHI:      Driver Date: Unknown
[2018.04.16-04.29.26:958][  0]LogRHI: Texture pool is 1407 MB (70% of 2010 MB)
[2018.04.16-04.29.27:844][  0]LogD3D11RHI: [Aftermath] Aftermath enabled and primed
[2018.04.16-04.29.27:845][  0]LogD3D11RHI: Async texture creation enabled
[2018.04.16-04.29.30:977][  0]LogD3D11RHI: GPU Timing Frequency: 1000.000000 (Debug: 2 5)
[2018.04.16-04.29.32:191][  0]LogShaderCompilers: Guid format shader working directory is 7 characters bigger than the processId version (../../../../../../Unreal/Study/Weak2_2/Intermediate/Shaders/WorkingDirectory/21556/).
[2018.04.16-04.29.32:208][  0]LogShaderCompilers: Cleaned the shader compiler working directory 'C:/Users/chaka/AppData/Local/Temp/UnrealShaderWorkingDir/2918C8BD47A151272CAA79B7F1522AF5/'.
[2018.04.16-04.29.50:410][  0]LogTemp: Display: Loaded TP AllDesktopTargetPlatform
[2018.04.16-04.29.50:429][  0]LogTemp: Display: Loaded TP MacClientTargetPlatform
[2018.04.16-04.29.50:448][  0]LogTemp: Display: Loaded TP MacNoEditorTargetPlatform
[2018.04.16-04.29.50:469][  0]LogTemp: Display: Loaded TP MacServerTargetPlatform
[2018.04.16-04.29.50:563][  0]LogTemp: Display: Loaded TP MacTargetPlatform
[2018.04.16-04.29.50:581][  0]LogTemp: Display: Loaded TP WindowsClientTargetPlatform
[2018.04.16-04.29.50:602][  0]LogTemp: Display: Loaded TP WindowsNoEditorTargetPlatform
[2018.04.16-04.29.50:623][  0]LogTemp: Display: Loaded TP WindowsServerTargetPlatform
[2018.04.16-04.29.50:648][  0]LogTemp: Display: Loaded TP WindowsTargetPlatform
[2018.04.16-04.29.50:665][  0]LogTemp: Display: Loaded TP Android_ASTCTargetPlatform
[2018.04.16-04.29.50:683][  0]LogTemp: Display: Loaded TP Android_ATCTargetPlatform
[2018.04.16-04.29.50:702][  0]LogTemp: Display: Loaded TP Android_DXTTargetPlatform
[2018.04.16-04.29.50:720][  0]LogTemp: Display: Loaded TP Android_ETC1aTargetPlatform
[2018.04.16-04.29.50:739][  0]LogTemp: Display: Loaded TP Android_ETC1TargetPlatform
[2018.04.16-04.29.50:757][  0]LogTemp: Display: Loaded TP Android_ETC2TargetPlatform
[2018.04.16-04.29.50:792][  0]LogTemp: Display: Loaded TP Android_MultiTargetPlatform
[2018.04.16-04.29.50:793][  0]LogTemp: Display: Loaded TP Android_PVRTCTargetPlatform
[2018.04.16-04.29.50:843][  0]LogTemp: Display: Loaded TP AndroidTargetPlatform
[2018.04.16-04.29.50:998][  0]LogTemp: Display: Loaded TP HTML5TargetPlatform
[2018.04.16-04.29.51:518][  0]LogTemp: Display: Loaded TP IOSTargetPlatform
[2018.04.16-04.29.51:535][  0]LogTemp: Display: Loaded TP TVOSTargetPlatform
[2018.04.16-04.29.51:553][  0]LogTemp: Display: Loaded TP LinuxClientTargetPlatform
[2018.04.16-04.29.51:571][  0]LogTemp: Display: Loaded TP LinuxNoEditorTargetPlatform
[2018.04.16-04.29.51:588][  0]LogTemp: Display: Loaded TP LinuxServerTargetPlatform
[2018.04.16-04.29.51:663][  0]LogTemp: Display: Loaded TP LinuxTargetPlatform
[2018.04.16-04.29.51:663][  0]LogTargetPlatformManager: Display: Building Assets For Windows
[2018.04.16-04.29.56:761][  0]LogXGEController: Cleaning working directory: C:/Users/chaka/AppData/Local/Temp/UnrealXGEWorkingDir/
[2018.04.16-04.29.56:815][  0]LogShaderCompilers: Display: Using XGE Shader Compiler (Interception Interface).
[2018.04.16-04.30.13:368][  0]LogDerivedDataCache: Display: Max Cache Size: 512 MB
[2018.04.16-04.30.16:732][  0]LogDerivedDataCache: Loaded boot cache 3.28s 74MB C:/Users/chaka/AppData/Local/UnrealEngine/4.19/DerivedDataCache/Boot.ddc.
[2018.04.16-04.30.16:732][  0]LogDerivedDataCache: Display: Loaded Boot cache: C:/Users/chaka/AppData/Local/UnrealEngine/4.19/DerivedDataCache/Boot.ddc
[2018.04.16-04.30.16:732][  0]LogDerivedDataCache: FDerivedDataBackendGraph:  Pak pak cache file ../../../../../../Unreal/Study/Weak2_2/DerivedDataCache/DDC.ddp not found, will not use a pak cache.
[2018.04.16-04.30.16:732][  0]LogDerivedDataCache: Unable to find inner node Pak for hierarchical cache Hierarchy.
[2018.04.16-04.30.16:732][  0]LogDerivedDataCache: FDerivedDataBackendGraph:  CompressedPak pak cache file ../../../../../../Unreal/Study/Weak2_2/DerivedDataCache/Compressed.ddp not found, will not use a pak cache.
[2018.04.16-04.30.16:732][  0]LogDerivedDataCache: Unable to find inner node CompressedPak for hierarchical cache Hierarchy.
[2018.04.16-04.30.17:017][  0]LogDerivedDataCache: Display: Pak cache opened for reading ../../../Engine/DerivedDataCache/Compressed.ddp.
[2018.04.16-04.30.17:091][  0]LogDerivedDataCache: Using Local data cache path C:/Users/chaka/AppData/Local/UnrealEngine/Common/DerivedDataCache: Writable
[2018.04.16-04.30.17:541][  0]LogMaterial: Verifying Global Shaders for PCD3D_SM5
[2018.04.16-04.30.18:107][  0]LogSlate: Using Freetype 2.6.0
[2018.04.16-04.30.18:794][  0]LogSlate: SlateFontCache - WITH_FREETYPE: 1, WITH_HARFBUZZ: 1
[2018.04.16-04.30.18:794][  0]LogSlate: SlateFontCache - WITH_FREETYPE: 1, WITH_HARFBUZZ: 1
[2018.04.16-04.31.09:496][  0]LogAssetRegistry: FAssetRegistry took 0.4260 seconds to start up
[2018.04.16-04.31.39:050][  0]LogInit: Selected Device Profile: [Windows]
[2018.04.16-04.31.50:978][  0]LogSimplygon: Simplygon DLL not present - disabling.
[2018.04.16-04.31.51:169][  0]LogMeshReduction: Using SimplygonSwarm for distributed automatic mesh merging
[2018.04.16-04.31.51:204][  0]LogMeshReduction: Using QuadricMeshReduction for automatic static mesh reduction
[2018.04.16-04.31.51:205][  0]LogMeshReduction: No automatic skeletal mesh reduction module available
[2018.04.16-04.31.51:205][  0]LogMeshReduction: No automatic mesh merging module available
[2018.04.16-04.31.51:205][  0]LogMeshMerging: No automatic mesh merging module available
[2018.04.16-04.31.55:568][  0]LogNetVersion: Weak2_2 , NetCL: 3944462, EngineNetVer: 2, GameNetVer: 0 (Checksum: 1284436430)
[2018.04.16-04.32.29:205][  0]LogPackageLocalizationCache: Processed 9 localized package path(s) for 2 prioritized culture(s) in 0.560303 seconds
[2018.04.16-04.32.29:430][  0]LogUObjectArray: 36728 objects as part of root set at end of initial load.
[2018.04.16-04.32.29:430][  0]LogUObjectAllocator: 7314312 out of 0 bytes used by permanent object pool.
[2018.04.16-04.32.29:430][  0]LogUObjectArray: CloseDisregardForGC: 0/0 objects in disregard for GC pool
[2018.04.16-04.33.53:867][  0]LogTcpMessaging: Initializing TcpMessaging bridge
[2018.04.16-04.33.54:077][  0]LogUdpMessaging: Initializing bridge on interface 0.0.0.0:0 to multicast group 230.0.0.1:6666.
[2018.04.16-04.33.59:074][  0]SourceControl: 소스 콘트롤이 꺼졌습니다.
[2018.04.16-04.33.59:117][  0]SourceControl: 소스 콘트롤이 꺼졌습니다.
[2018.04.16-04.34.00:161][  0]SourceControl: 소스 콘트롤이 꺼졌습니다.
[2018.04.16-04.34.00:451][  0]SourceControl: 소스 콘트롤이 꺼졌습니다.
[2018.04.16-04.34.09:929][  0]LogAndroidPermission: UAndroidPermissionCallbackProxy::GetInstance
[2018.04.16-04.34.12:010][  0]LogOcInput: OculusInput pre-init called
[2018.04.16-04.34.17:305][  0]LogEngine: Initializing Engine...
[2018.04.16-04.34.17:551][  0]LogHMD: Failed to initialize OpenVR with code 110
[2018.04.16-04.34.17:890][  0]LogStats: UGameplayTagsManager::ConstructGameplayTagTree: Construct from data asset -  0.000 s
[2018.04.16-04.34.17:939][  0]LogStats: UGameplayTagsManager::ConstructGameplayTagTree: GameplayTagTreeChangedEvent.Broadcast -  0.000 s
[2018.04.16-04.34.22:524][  0]LogAIModule: Creating AISystem for world Untitled
[2018.04.16-04.34.23:685][  0]LogInit: XAudio2 using '스피커(Realtek High Definition Audio)' : 2 channels at 48 kHz using 32 bits per sample (channel mask 0x3)
[2018.04.16-04.34.23:939][  0]LogInit: FAudioDevice initialized.
[2018.04.16-04.34.24:321][  0]LogDerivedDataCache: Saved boot cache 0.35s 74MB C:/Users/chaka/AppData/Local/UnrealEngine/4.19/DerivedDataCache/Boot.ddc.
[2018.04.16-04.34.24:340][  0]LogInit: Texture streaming: Enabled
[2018.04.16-04.34.24:620][  0]LogEngineSessionManager: EngineSessionManager initialized
[2018.04.16-04.34.25:400][  0]LogInit: Transaction tracking system initialized
[2018.04.16-04.34.27:795][  0]BlueprintLog: New page: 에디터 로드
[2018.04.16-04.34.30:303][  0]LocalizationService: 현지화 서비스가 비활성화되었습니다.
[2018.04.16-04.34.31:644][  0]LogConsoleResponse: Display: 
[2018.04.16-04.34.44:782][  0]LogFileCache: Scanning file cache for directory 'C:/Unreal/Study/Weak2_2/Content/' took 0.40s
[2018.04.16-04.34.44:782][  0]LogCook: Display: Max memory allowance for cook 16384mb min free memory 0mb
[2018.04.16-04.34.44:821][  0]LogCook: Display: Mobile HDR setting 1
[2018.04.16-04.34.44:841][  0]LogGameplayTags: Display: UGameplayTagsManager::DoneAddingNativeTags. DelegateIsBound: 0
[2018.04.16-04.34.44:941][  0]LogStats: UGameplayTagsManager::ConstructGameplayTagTree: Construct from data asset -  0.000 s
[2018.04.16-04.34.44:941][  0]LogStats: UGameplayTagsManager::ConstructGameplayTagTree: GameplayTagTreeChangedEvent.Broadcast -  0.000 s
[2018.04.16-04.34.53:202][  0]SourceControl: 소스 콘트롤이 꺼졌습니다.
[2018.04.16-04.34.53:373][  0]Cmd: MAP LOAD FILE="../../../Engine/Content/Maps/Templates/Template_Default.umap" TEMPLATE=1 SHOWPROGRESS=1 FEATURELEVEL=3
[2018.04.16-04.34.53:925][  0]LightingResults: New page: 라이팅 빌드
[2018.04.16-04.34.55:457][  0]MapCheck: New page: 맵 체크
[2018.04.16-04.34.55:458][  0]LightingResults: New page: 라이팅 빌드
[2018.04.16-04.35.04:346][  0]LogAIModule: Creating AISystem for world Untitled_1
[2018.04.16-04.35.06:828][  0]LogEditorServer: Finished looking for orphan Actors (0.000 secs)
[2018.04.16-04.35.07:517][  0]Cmd: MAP CHECKDEP NOCLEARLOG
[2018.04.16-04.35.07:733][  0]MapCheck: 맵 체크 완료: 오류 0 회, 경고 0 회, 소요 시간 215.136ms.
[2018.04.16-04.35.07:733][  0]LogFileHelpers: Loading map 'Template_Default' took 14.461
[2018.04.16-04.35.12:146][  0]LogCollectionManager: Loaded 0 collections in 0.024083 seconds
[2018.04.16-04.35.12:663][  0]LogFileCache: Scanning file cache for directory 'C:/Unreal/Study/Weak2_2/Saved/Collections/' took 0.01s
[2018.04.16-04.35.12:663][  0]LogFileCache: Scanning file cache for directory 'C:/Unreal/Study/Weak2_2/Content/Developers/chaka/Collections/' took 0.01s
[2018.04.16-04.35.12:663][  0]LogFileCache: Scanning file cache for directory 'C:/Unreal/Study/Weak2_2/Content/Collections/' took 0.01s
[2018.04.16-04.35.12:663][  0]LogCollectionManager: Rebuilt the GUID cache for 0 collections in 0.000001 seconds
[2018.04.16-04.35.12:685][  0]LogContentBrowser: Native class hierarchy populated in 0.0136 seconds. Added 2452 classes and 558 folders.
[2018.04.16-04.35.12:907][  0]LogContentBrowser: Native class hierarchy updated for 'WidgetCarousel' in 0.0004 seconds. Added 0 classes and 0 folders.
[2018.04.16-04.35.16:154][  0]LogContentBrowser: Native class hierarchy updated for 'AddContentDialog' in 0.0004 seconds. Added 0 classes and 0 folders.
[2018.04.16-04.35.16:327][  0]LogContentBrowser: Native class hierarchy updated for 'SceneOutliner' in 0.0004 seconds. Added 1 classes and 2 folders.
[2018.04.16-04.35.21:009][  0]LogSlate: Only BGRA pngs, bmps or icos are supported in by External Image Picker
[2018.04.16-04.35.26:875][  0]LogTemp: Executing iPhonePackager certificates Engine -bundlename com.YourCompany.Weak22
[2018.04.16-04.35.26:875][  0]LogTemp: CWD: C:\Program Files\Epic Games\UE_4.19\Engine\Binaries\DotNET\IOS
[2018.04.16-04.35.26:875][  0]LogTemp: Initial Dir: C:\Program Files\Epic Games\UE_4.19
[2018.04.16-04.35.26:875][  0]LogTemp: Env CWD: C:\Program Files\Epic Games\UE_4.19\Engine\Binaries\DotNET\IOS
[2018.04.16-04.35.26:875][  0]LogTemp: BranchPath = DESKTOP-UOOBQET/C/Program Files/Epic Games/UE_4.19/Engine/Binaries --- GameBranchPath = DESKTOP-UOOBQET/C/Program Files/Epic Games/UE_4.19/Engine/Binaries
[2018.04.16-04.35.26:875][  0]LogSlate: Took 0.738544 seconds to synchronously load lazily loaded font '../../../Engine/Content/Slate/Fonts/Roboto-Regular.ttf' (155K)
[2018.04.16-04.35.28:147][  0]LogSlate: Took 1.046618 seconds to synchronously load lazily loaded font '../../../Engine/Content/Editor/Slate/Fonts/NanumGothic.ttf' (4243K)
[2018.04.16-04.35.28:742][  0]LogTemp: IPP ERROR: Could not find provision directory 'C:\Users\chaka\AppData\Local/Apple Computer/MobileDevice/Provisioning Profiles/'.
[2018.04.16-04.35.28:742][  0]LogSlate: Took 0.438350 seconds to synchronously load lazily loaded font '../../../Engine/Content/Editor/Slate/Fonts/NanumGothicBold.ttf' (4188K)
[2018.04.16-04.35.28:798][  0]LogSlate: Took 0.055714 seconds to synchronously load lazily loaded font '../../../Engine/Content/Slate/Fonts/Roboto-Bold.ttf' (160K)
[2018.04.16-04.35.28:928][  0]LogSlate: Took 0.028003 seconds to synchronously load lazily loaded font '../../../Engine/Content/Editor/Slate/Fonts/FontAwesome.ttf' (139K)
[2018.04.16-04.35.30:358][  0]LogRenderer: Reallocating scene render targets to support 1208x664 Format 10 NumSamples 1 (Frame:1).
[2018.04.16-04.35.34:291][  0]LogContentBrowser: Native class hierarchy updated for 'HierarchicalLODOutliner' in 0.0004 seconds. Added 0 classes and 0 folders.
[2018.04.16-04.35.34:292][  0]LogLoad: (Engine Initialization) Total time: 645.63 seconds
[2018.04.16-04.35.34:292][  0]LogLoad: (Engine Initialization) Total Blueprint compile time: 0.00 seconds
[2018.04.16-04.35.35:998][  0]LogContentStreaming: Texture pool size now 1000 MB
[2018.04.16-04.35.37:760][  1]LogSlate: Took 0.016472 seconds to synchronously load lazily loaded font '../../../Engine/Content/Slate/Fonts/Roboto-Light.ttf' (167K)
[2018.04.16-04.35.38:038][  2]LogSlate: Took 0.000811 seconds to synchronously load lazily loaded font '../../../Engine/Content/Slate/Fonts/Roboto-Light.ttf' (167K)
[2018.04.16-04.35.39:001][  5]LogAssetRegistry: Asset discovery search completed in 269.6114 seconds
[2018.04.16-04.35.39:121][  5]LogCollectionManager: Rebuilt the object cache for 0 collections in 0.000000 seconds (found 0 objects)
[2018.04.16-04.35.39:121][  5]LogCollectionManager: Fixed up redirectors for 0 collections in 0.016467 seconds (updated 0 objects)
[2018.04.16-04.40.47:658][ 81]LogSlate: FSceneViewport::OnFocusLost() reason 0
[2018.04.16-04.40.48:019][ 81]LogSlate: Window 'Weak2_2 - 언리얼 에디터' being destroyed
[2018.04.16-04.40.48:078][ 81]LogWindowsTextInputMethodSystem: Display: IME system now activated using TSF (Microsoft 입력기).
[2018.04.16-04.40.49:102][ 82]Cmd: QUIT_EDITOR
[2018.04.16-04.40.49:494][ 82]LogSlate: Slate User Destroyed.  User Index 0, Is Virtual User: 0
[2018.04.16-04.40.49:523][ 82]LogExit: Preparing to exit.
[2018.04.16-04.40.51:293][ 82]LogDirectoryWatcher: A directory notification for 'C:/Unreal/Study/Weak2_2/Content/' was aborted.
[2018.04.16-04.40.51:621][ 82]LogExit: Editor shut down
[2018.04.16-04.40.51:632][ 82]LogExit: Transaction tracking system shut down
[2018.04.16-04.40.51:804][ 82]LogDirectoryWatcher: A directory notification for '../../../Engine/Content/' was aborted.
[2018.04.16-04.40.51:805][ 82]LogDirectoryWatcher: A directory notification for '../../../../../../Unreal/Study/Weak2_2/Content/' was aborted.
[2018.04.16-04.40.51:805][ 82]LogDirectoryWatcher: A directory notification for '../../Plugins/2D/Paper2D/Content/' was aborted.
[2018.04.16-04.40.51:805][ 82]LogDirectoryWatcher: A directory notification for '../../Plugins/Enterprise/DatasmithContent/Content/' was aborted.
[2018.04.16-04.40.51:805][ 82]LogDirectoryWatcher: A directory notification for '../../Plugins/Media/MediaCompositing/Content/' was aborted.
[2018.04.16-04.40.51:805][ 82]LogDirectoryWatcher: A directory notification for '../../Plugins/Runtime/AppleARKit/Content/' was aborted.
[2018.04.16-04.40.51:805][ 82]LogDirectoryWatcher: A directory notification for '../../Plugins/Runtime/Oculus/OculusVR/Content/' was aborted.
[2018.04.16-04.40.51:805][ 82]LogDirectoryWatcher: A directory notification for '../../Plugins/Runtime/Steam/SteamVR/Content/' was aborted.
[2018.04.16-04.40.53:918][ 82]LogExit: Object subsystem successfully closed.
[2018.04.16-04.40.54:172][ 82]LogShaderCompilers: Display: Shaders left to compile 0
[2018.04.16-04.40.54:216][ 82]LogD3D11RHI: Shutdown
[2018.04.16-04.40.54:216][ 82]LogD3D11RHI: CleanupD3DDevice
[2018.04.16-04.40.54:218][ 82]LogD3D11RHI: ~FD3D11DynamicRHI
[2018.04.16-04.40.55:206][ 82]LogModuleManager: Shutting down and abandoning module HierarchicalLODOutliner (578)
[2018.04.16-04.40.55:206][ 82]LogModuleManager: Shutting down and abandoning module ExternalImagePicker (576)
[2018.04.16-04.40.55:206][ 82]LogModuleManager: Shutting down and abandoning module SceneOutliner (574)
[2018.04.16-04.40.55:211][ 82]LogModuleManager: Shutting down and abandoning module AddContentDialog (572)
[2018.04.16-04.40.55:212][ 82]LogDirectoryWatcher: A directory notification for 'C:/Program Files/Epic Games/UE_4.19/FeaturePacks/' was aborted.
[2018.04.16-04.40.55:213][ 82]LogModuleManager: Shutting down and abandoning module WidgetCarousel (571)
[2018.04.16-04.40.55:214][ 82]LogModuleManager: Shutting down and abandoning module EditorWidgets (568)
[2018.04.16-04.40.55:214][ 82]LogModuleManager: Shutting down and abandoning module CollectionManager (566)
[2018.04.16-04.40.55:240][ 82]LogDirectoryWatcher: A directory notification for 'C:/Unreal/Study/Weak2_2/Content/Collections/' was aborted.
[2018.04.16-04.40.55:241][ 82]LogDirectoryWatcher: A directory notification for 'C:/Unreal/Study/Weak2_2/Content/Developers/chaka/Collections/' was aborted.
[2018.04.16-04.40.55:241][ 82]LogDirectoryWatcher: A directory notification for 'C:/Unreal/Study/Weak2_2/Saved/Collections/' was aborted.
[2018.04.16-04.40.55:241][ 82]LogModuleManager: Shutting down and abandoning module HierarchicalLODUtilities (564)
[2018.04.16-04.40.55:241][ 82]LogModuleManager: Shutting down and abandoning module StatsViewer (562)
[2018.04.16-04.40.55:241][ 82]LogModuleManager: Shutting down and abandoning module FoliageEdit (560)
[2018.04.16-04.40.55:241][ 82]LogModuleManager: Shutting down and abandoning module LandscapeEditor (558)
[2018.04.16-04.40.55:293][ 82]LogModuleManager: Shutting down and abandoning module MeshPaintMode (556)
[2018.04.16-04.40.55:293][ 82]LogModuleManager: Shutting down and abandoning module SceneDepthPickerMode (554)
[2018.04.16-04.40.55:293][ 82]LogModuleManager: Shutting down and abandoning module ActorPickerMode (552)
[2018.04.16-04.40.55:293][ 82]LogModuleManager: Shutting down and abandoning module GeometryMode (550)
[2018.04.16-04.40.55:293][ 82]LogModuleManager: Shutting down and abandoning module TextureAlignMode (548)
[2018.04.16-04.40.55:293][ 82]LogModuleManager: Shutting down and abandoning module BspMode (546)
[2018.04.16-04.40.55:293][ 82]LogModuleManager: Shutting down and abandoning module PIEPreviewDeviceProfileSelector (544)
[2018.04.16-04.40.55:293][ 82]LogModuleManager: Shutting down and abandoning module HardwareSurvey (542)
[2018.04.16-04.40.55:293][ 82]LogModuleManager: Shutting down and abandoning module SequenceRecorderSections (540)
[2018.04.16-04.40.55:294][ 82]LogModuleManager: Shutting down and abandoning module AutomationWorker (538)
[2018.04.16-04.40.55:294][ 82]LogModuleManager: Shutting down and abandoning module AudioCaptureEditor (536)
[2018.04.16-04.40.55:294][ 82]LogModuleManager: Shutting down and abandoning module SequenceRecorder (535)
[2018.04.16-04.40.55:306][ 82]LogModuleManager: Shutting down and abandoning module MatineeToLevelSequence (532)
[2018.04.16-04.40.55:327][ 82]LogModuleManager: Shutting down and abandoning module LevelSequenceEditor (530)
[2018.04.16-04.40.55:385][ 82]LogModuleManager: Shutting down and abandoning module PlacementMode (529)
[2018.04.16-04.40.55:385][ 82]LogModuleManager: Shutting down and abandoning module MaterialEditor (528)
[2018.04.16-04.40.55:482][ 82]LogModuleManager: Shutting down and abandoning module WmfMediaFactory (524)
[2018.04.16-04.40.55:482][ 82]LogModuleManager: Shutting down and abandoning module WmfMediaEditor (522)
[2018.04.16-04.40.55:482][ 82]LogModuleManager: Shutting down and abandoning module MediaPlayerEditor (520)
[2018.04.16-04.40.55:528][ 82]LogModuleManager: Shutting down and abandoning module OpenExrWrapper (518)
[2018.04.16-04.40.55:528][ 82]LogModuleManager: Shutting down and abandoning module ImgMediaFactory (516)
[2018.04.16-04.40.55:528][ 82]LogModuleManager: Shutting down and abandoning module ImgMediaEditor (514)
[2018.04.16-04.40.55:528][ 82]LogModuleManager: Shutting down and abandoning module AvfMediaFactory (512)
[2018.04.16-04.40.55:528][ 82]LogModuleManager: Shutting down and abandoning module AvfMediaEditor (510)
[2018.04.16-04.40.55:528][ 82]LogModuleManager: Shutting down and abandoning module AndroidMediaFactory (508)
[2018.04.16-04.40.55:528][ 82]LogModuleManager: Shutting down and abandoning module AndroidMediaEditor (506)
[2018.04.16-04.40.55:528][ 82]LogModuleManager: Shutting down and abandoning module CharacterAI (504)
[2018.04.16-04.40.55:528][ 82]LogModuleManager: Shutting down and abandoning module SmartSnapping (502)
[2018.04.16-04.40.55:529][ 82]LogModuleManager: Shutting down and abandoning module SessionServices (500)
[2018.04.16-04.40.55:529][ 82]LogModuleManager: Shutting down and abandoning module ViewportSnapping (498)
[2018.04.16-04.40.55:529][ 82]LogModuleManager: Shutting down and abandoning module ViewportInteraction (496)
[2018.04.16-04.40.55:529][ 82]LogModuleManager: Shutting down and abandoning module ClothPainter (494)
[2018.04.16-04.40.55:555][ 82]LogModuleManager: Shutting down and abandoning module SkeletalMeshEditor (493)
[2018.04.16-04.40.55:563][ 82]LogModuleManager: Shutting down and abandoning module LogVisualizer (490)
[2018.04.16-04.40.55:574][ 82]LogModuleManager: Shutting down and abandoning module IntroTutorials (488)
[2018.04.16-04.40.55:592][ 82]LogModuleManager: Shutting down and abandoning module GameProjectGeneration (487)
[2018.04.16-04.40.55:608][ 82]LogModuleManager: Shutting down and abandoning module IOSPlatformEditor (484)
[2018.04.16-04.40.55:608][ 82]LogModuleManager: Shutting down and abandoning module HTML5PlatformEditor (482)
[2018.04.16-04.40.55:608][ 82]LogModuleManager: Shutting down and abandoning module AndroidPlatformEditor (480)
[2018.04.16-04.40.55:608][ 82]LogModuleManager: Shutting down and abandoning module AndroidDeviceDetection (479)
[2018.04.16-04.40.55:962][ 82]LogModuleManager: Shutting down and abandoning module WindowsPlatformEditor (476)
[2018.04.16-04.40.55:962][ 82]LogModuleManager: Shutting down and abandoning module IOSRuntimeSettings (474)
[2018.04.16-04.40.55:963][ 82]LogModuleManager: Shutting down and abandoning module AndroidRuntimeSettings (472)
[2018.04.16-04.40.55:963][ 82]LogModuleManager: Shutting down and abandoning module InputBindingEditor (470)
[2018.04.16-04.40.56:038][ 82]LogModuleManager: Shutting down and abandoning module MergeActors (468)
[2018.04.16-04.40.56:051][ 82]LogModuleManager: Shutting down and abandoning module LocalizationDashboard (466)
[2018.04.16-04.40.56:064][ 82]LogModuleManager: Shutting down and abandoning module LocalizationService (465)
[2018.04.16-04.40.56:074][ 82]LogModuleManager: Shutting down and abandoning module HardwareTargeting (462)
[2018.04.16-04.40.56:074][ 82]LogModuleManager: Shutting down and abandoning module DeviceProfileEditor (460)
[2018.04.16-04.40.56:082][ 82]LogModuleManager: Shutting down and abandoning module UndoHistory (458)
[2018.04.16-04.40.56:082][ 82]LogModuleManager: Shutting down and abandoning module XmlParser (456)
[2018.04.16-04.40.56:082][ 82]LogModuleManager: Shutting down and abandoning module Blutility (454)
[2018.04.16-04.40.56:082][ 82]LogModuleManager: Shutting down and abandoning module ProjectSettingsViewer (452)
[2018.04.16-04.40.56:082][ 82]LogModuleManager: Shutting down and abandoning module ProjectTargetPlatformEditor (451)
[2018.04.16-04.40.56:083][ 82]LogModuleManager: Shutting down and abandoning module EditorSettingsViewer (448)
[2018.04.16-04.40.56:083][ 82]LogModuleManager: Shutting down and abandoning module SettingsEditor (446)
[2018.04.16-04.40.56:101][ 82]LogModuleManager: Shutting down and abandoning module ProjectLauncher (444)
[2018.04.16-04.40.56:110][ 82]LogModuleManager: Shutting down and abandoning module SessionFrontend (442)
[2018.04.16-04.40.56:115][ 82]LogModuleManager: Shutting down and abandoning module ProfilerClient (440)
[2018.04.16-04.40.56:123][ 82]LogModuleManager: Shutting down and abandoning module DeviceManager (438)
[2018.04.16-04.40.56:137][ 82]LogModuleManager: Shutting down and abandoning module TargetDeviceServices (437)
[2018.04.16-04.40.56:201][ 82]LogModuleManager: Shutting down and abandoning module AutomationController (434)
[2018.04.16-04.40.56:217][ 82]LogModuleManager: Shutting down and abandoning module AutomationWindow (432)
[2018.04.16-04.40.56:254][ 82]LogModuleManager: Shutting down and abandoning module Layers (430)
[2018.04.16-04.40.56:294][ 82]LogModuleManager: Shutting down and abandoning module ComponentVisualizers (428)
[2018.04.16-04.40.56:294][ 82]LogModuleManager: Shutting down and abandoning module DetailCustomizations (426)
[2018.04.16-04.40.56:309][ 82]LogModuleManager: Shutting down and abandoning module PackagesDialog (424)
[2018.04.16-04.40.56:322][ 82]LogModuleManager: Shutting down and abandoning module Persona (422)
[2018.04.16-04.40.56:351][ 82]LogModuleManager: Shutting down and abandoning module AdvancedPreviewScene (421)
[2018.04.16-04.40.56:351][ 82]LogModuleManager: Shutting down and abandoning module AnimGraph (419)
[2018.04.16-04.40.56:351][ 82]LogModuleManager: Shutting down and abandoning module Kismet (416)
[2018.04.16-04.40.56:381][ 82]LogModuleManager: Shutting down and abandoning module GraphEditor (414)
[2018.04.16-04.40.56:436][ 82]LogModuleManager: Shutting down and abandoning module ClassViewer (412)
[2018.04.16-04.40.56:436][ 82]LogModuleManager: Shutting down and abandoning module Toolbox (410)
[2018.04.16-04.40.56:436][ 82]LogModuleManager: Shutting down and abandoning module ModuleUI (408)
[2018.04.16-04.40.56:444][ 82]LogModuleManager: Shutting down and abandoning module MovieSceneTools (406)
[2018.04.16-04.40.56:470][ 82]LogModuleManager: Shutting down and abandoning module OutputLog (404)
[2018.04.16-04.40.56:480][ 82]LogModuleManager: Shutting down and abandoning module GammaUI (402)
[2018.04.16-04.40.56:488][ 82]LogModuleManager: Shutting down and abandoning module Documentation (400)
[2018.04.16-04.40.56:488][ 82]LogModuleManager: Shutting down and abandoning module MovieSceneTracks (398)
[2018.04.16-04.40.56:488][ 82]LogModuleManager: Shutting down and abandoning module MovieScene (396)
[2018.04.16-04.40.56:488][ 82]LogModuleManager: Shutting down and abandoning module StreamingPauseRendering (394)
[2018.04.16-04.40.56:488][ 82]LogModuleManager: Shutting down and abandoning module LauncherPlatform (392)
[2018.04.16-04.40.56:488][ 82]LogModuleManager: Shutting down and abandoning module AnalyticsET (390)
[2018.04.16-04.40.56:489][ 82]LogModuleManager: Shutting down and abandoning module PortalServices (388)
[2018.04.16-04.40.56:489][ 82]LogModuleManager: Shutting down and abandoning module PortalRpc (386)
[2018.04.16-04.40.56:489][ 82]LogModuleManager: Shutting down and abandoning module MessagingRpc (384)
[2018.04.16-04.40.56:489][ 82]LogModuleManager: Shutting down and abandoning module AIModule (382)
[2018.04.16-04.40.56:489][ 82]LogModuleManager: Shutting down and abandoning module GameplayDebugger (381)
[2018.04.16-04.40.56:489][ 82]LogModuleManager: Shutting down and abandoning module AITestSuite (379)
[2018.04.16-04.40.56:494][ 82]LogModuleManager: Shutting down and abandoning module DesktopPlatform (376)
[2018.04.16-04.40.56:494][ 82]LogModuleManager: Shutting down and abandoning module ProfilerService (374)
[2018.04.16-04.40.56:614][ 82]LogModuleManager: Shutting down and abandoning module TaskGraph (372)
[2018.04.16-04.40.56:630][ 82]LogModuleManager: Shutting down and abandoning module SteamVRController (370)
[2018.04.16-04.40.56:630][ 82]LogModuleManager: Shutting down and abandoning module ProceduralMeshComponentEditor (368)
[2018.04.16-04.40.56:630][ 82]LogModuleManager: Shutting down and abandoning module ProceduralMeshComponent (366)
[2018.04.16-04.40.56:646][ 82]LogModuleManager: Shutting down and abandoning module OculusInput (364)
[2018.04.16-04.40.56:646][ 82]LogModuleManager: Shutting down and abandoning module MobilePatchingUtils (362)
[2018.04.16-04.40.56:646][ 82]LogModuleManager: Shutting down and abandoning module CustomMeshComponent (360)
[2018.04.16-04.40.56:646][ 82]LogModuleManager: Shutting down and abandoning module CableComponent (358)
[2018.04.16-04.40.56:646][ 82]LogModuleManager: Shutting down and abandoning module AudioCapture (356)
[2018.04.16-04.40.56:646][ 82]LogModuleManager: Shutting down and abandoning module ArchVisCharacter (354)
[2018.04.16-04.40.56:646][ 82]LogModuleManager: Shutting down and abandoning module AndroidPermission (352)
[2018.04.16-04.40.56:646][ 82]LogModuleManager: Shutting down and abandoning module NUTUnrealEngine4 (348)
[2018.04.16-04.40.56:646][ 82]LogModuleManager: Shutting down and abandoning module NetcodeUnitTest (346)
[2018.04.16-04.40.56:670][ 82]LogModuleManager: Shutting down and abandoning module MediaCompositingEditor (344)
[2018.04.16-04.40.56:670][ 82]LogModuleManager: Shutting down and abandoning module MediaCompositing (342)
[2018.04.16-04.40.56:670][ 82]LogModuleManager: Shutting down and abandoning module LinearTimecode (340)
[2018.04.16-04.40.56:670][ 82]LogModuleManager: Shutting down and abandoning module ImgMedia (338)
[2018.04.16-04.40.56:688][ 82]LogModuleManager: Shutting down and abandoning module HTML5Networking (336)
[2018.04.16-04.40.56:688][ 82]LogModuleManager: Shutting down and abandoning module AlembicImporter (334)
[2018.04.16-04.40.56:696][ 82]LogModuleManager: Shutting down and abandoning module AlembicLibrary (333)
[2018.04.16-04.40.56:696][ 82]LogModuleManager: Shutting down and abandoning module GeometryCache (332)
[2018.04.16-04.40.56:696][ 82]LogModuleManager: Shutting down and abandoning module GeometryCacheEd (331)
[2018.04.16-04.40.56:696][ 82]LogModuleManager: Shutting down and abandoning module DatasmithContent (326)
[2018.04.16-04.40.56:696][ 82]LogModuleManager: Shutting down and abandoning module SpeedTreeImporter (324)
[2018.04.16-04.40.56:696][ 82]LogModuleManager: Shutting down and abandoning module PluginBrowser (322)
[2018.04.16-04.40.56:741][ 82]LogModuleManager: Shutting down and abandoning module MobileLauncherProfileWizard (320)
[2018.04.16-04.40.56:745][ 82]LogModuleManager: Shutting down and abandoning module CryptoKeysOpenSSL (318)
[2018.04.16-04.40.56:754][ 82]LogModuleManager: Shutting down and abandoning module CryptoKeys (316)
[2018.04.16-04.40.56:755][ 82]LogModuleManager: Shutting down and abandoning module VisualStudioSourceCodeAccess (314)
[2018.04.16-04.40.56:755][ 82]LogModuleManager: Shutting down and abandoning module VisualStudioCodeSourceCodeAccess (312)
[2018.04.16-04.40.56:755][ 82]LogModuleManager: Shutting down and abandoning module UObjectPlugin (310)
[2018.04.16-04.40.56:755][ 82]LogModuleManager: Shutting down and abandoning module SubversionSourceControl (308)
[2018.04.16-04.40.56:763][ 82]LogModuleManager: Shutting down and abandoning module PerforceSourceControl (306)
[2018.04.16-04.40.56:803][ 82]LogModuleManager: Shutting down and abandoning module GitSourceControl (304)
[2018.04.16-04.40.56:826][ 82]LogModuleManager: Shutting down and abandoning module SourceControl (303)
[2018.04.16-04.40.56:826][ 82]LogModuleManager: Shutting down and abandoning module CLionSourceCodeAccess (300)
[2018.04.16-04.40.56:826][ 82]LogModuleManager: Shutting down and abandoning module LightPropagationVolumeEditor (298)
[2018.04.16-04.40.56:826][ 82]LogModuleManager: Shutting down and abandoning module PaperTiledImporter (296)
[2018.04.16-04.40.56:826][ 82]LogModuleManager: Shutting down and abandoning module PaperSpriteSheetImporter (294)
[2018.04.16-04.40.56:826][ 82]LogModuleManager: Shutting down and abandoning module Paper2DEditor (292)
[2018.04.16-04.40.56:855][ 82]LogModuleManager: Shutting down and abandoning module MeshPaint (291)
[2018.04.16-04.40.56:855][ 82]LogModuleManager: Shutting down and abandoning module RuntimePhysXCooking (288)
[2018.04.16-04.40.56:856][ 82]LogModuleManager: Shutting down and abandoning module PhysXVehiclesEditor (286)
[2018.04.16-04.40.56:856][ 82]LogModuleManager: Shutting down and abandoning module PhysXVehicles (284)
[2018.04.16-04.40.56:856][ 82]LogModuleManager: Shutting down and abandoning module OculusEditor (282)
[2018.04.16-04.40.56:856][ 82]LogModuleManager: Shutting down and abandoning module LocationServicesBPLibrary (280)
[2018.04.16-04.40.56:856][ 82]LogModuleManager: Shutting down and abandoning module ImmediatePhysicsEditor (278)
[2018.04.16-04.40.56:856][ 82]LogModuleManager: Shutting down and abandoning module ImmediatePhysics (276)
[2018.04.16-04.40.56:865][ 82]LogModuleManager: Shutting down and abandoning module ActorSequence (274)
[2018.04.16-04.40.56:865][ 82]LogModuleManager: Shutting down and abandoning module UdpMessaging (272)
[2018.04.16-04.40.56:965][ 82]LogModuleManager: Shutting down and abandoning module TcpMessaging (270)
[2018.04.16-04.40.57:077][ 82]LogModuleManager: Shutting down and abandoning module GameplayTagsEditor (268)
[2018.04.16-04.40.57:086][ 82]LogModuleManager: Shutting down and abandoning module FacialAnimationEditor (266)
[2018.04.16-04.40.57:086][ 82]LogModuleManager: Shutting down and abandoning module FacialAnimation (264)
[2018.04.16-04.40.57:086][ 82]LogModuleManager: Shutting down and abandoning module DataValidation (262)
[2018.04.16-04.40.57:086][ 82]LogModuleManager: Shutting down and abandoning module AssetManagerEditor (260)
[2018.04.16-04.40.57:095][ 82]LogModuleManager: Shutting down and abandoning module LevelEditor (259)
[2018.04.16-04.40.57:101][ 82]LogModuleManager: Shutting down and abandoning module PixelInspectorModule (258)
[2018.04.16-04.40.57:107][ 82]LogModuleManager: Shutting down and abandoning module CommonMenuExtensions (256)
[2018.04.16-04.40.57:107][ 82]LogModuleManager: Shutting down and abandoning module MainFrame (254)
[2018.04.16-04.40.57:107][ 82]LogModuleManager: Shutting down and abandoning module HotReload (253)
[2018.04.16-04.40.57:108][ 82]LogModuleManager: Shutting down and abandoning module ContentBrowser (249)
[2018.04.16-04.40.57:109][ 82]LogModuleManager: Shutting down and abandoning module TreeMap (247)
[2018.04.16-04.40.57:121][ 82]LogModuleManager: Shutting down and abandoning module LightPropagationVolumeRuntime (244)
[2018.04.16-04.40.57:121][ 82]LogModuleManager: Shutting down and abandoning module LiveLinkEditor (242)
[2018.04.16-04.40.57:137][ 82]LogModuleManager: Shutting down and abandoning module LiveLink (240)
[2018.04.16-04.40.58:123][ 82]LogModuleManager: Shutting down and abandoning module Paper2D (238)
[2018.04.16-04.40.58:174][ 82]LogModuleManager: Shutting down and abandoning module WindowsMoviePlayer (236)
[2018.04.16-04.40.58:174][ 82]LogModuleManager: Shutting down and abandoning module WmfMedia (234)
[2018.04.16-04.40.58:191][ 82]LogModuleManager: Shutting down and abandoning module PacketHandler (232)
[2018.04.16-04.40.58:191][ 82]LogModuleManager: Shutting down and abandoning module ClothingSystemEditor (230)
[2018.04.16-04.40.58:191][ 82]LogModuleManager: Shutting down and abandoning module ClothingSystemRuntime (228)
[2018.04.16-04.40.58:201][ 82]LogModuleManager: Shutting down and abandoning module MediaAssets (226)
[2018.04.16-04.40.58:201][ 82]LogModuleManager: Shutting down and abandoning module Media (225)
[2018.04.16-04.40.58:208][ 82]LogModuleManager: Shutting down and abandoning module Overlay (222)
[2018.04.16-04.40.58:208][ 82]LogModuleManager: Shutting down and abandoning module OverlayEditor (221)
[2018.04.16-04.40.58:208][ 82]LogModuleManager: Shutting down and abandoning module VREditor (218)
[2018.04.16-04.40.58:231][ 82]LogModuleManager: Shutting down and abandoning module StringTableEditor (216)
[2018.04.16-04.40.58:231][ 82]LogModuleManager: Shutting down and abandoning module GameplayTasksEditor (214)
[2018.04.16-04.40.58:231][ 82]LogModuleManager: Shutting down and abandoning module BehaviorTreeEditor (212)
[2018.04.16-04.40.58:284][ 82]LogModuleManager: Shutting down and abandoning module FunctionalTesting (210)
[2018.04.16-04.40.58:290][ 82]LogModuleManager: Shutting down and abandoning module CollisionAnalyzer (208)
[2018.04.16-04.40.58:296][ 82]LogModuleManager: Shutting down and abandoning module WorkspaceMenuStructure (207)
[2018.04.16-04.40.58:296][ 82]LogModuleManager: Shutting down and abandoning module UMG (204)
[2018.04.16-04.40.58:321][ 82]LogModuleManager: Shutting down and abandoning module UMGEditor (203)
[2018.04.16-04.40.58:370][ 82]LogModuleManager: Shutting down and abandoning module Sequencer (202)
[2018.04.16-04.40.58:399][ 82]LogModuleManager: Shutting down and abandoning module MessageLog (199)
[2018.04.16-04.40.58:399][ 82]LogModuleManager: Shutting down and abandoning module SlateReflector (194)
[2018.04.16-04.40.58:422][ 82]LogModuleManager: Shutting down and abandoning module Slate (192)
[2018.04.16-04.40.58:422][ 82]LogModuleManager: Shutting down and abandoning module EditorStyle (190)
[2018.04.16-04.40.58:424][ 82]LogModuleManager: Shutting down and abandoning module MRMesh (188)
[2018.04.16-04.40.58:424][ 82]LogModuleManager: Shutting down and abandoning module SourceCodeAccess (186)
[2018.04.16-04.40.58:424][ 82]LogModuleManager: Shutting down and abandoning module HeadMountedDisplay (184)
[2018.04.16-04.40.58:424][ 82]LogModuleManager: Shutting down and abandoning module XAudio2 (182)
[2018.04.16-04.40.58:424][ 82]LogModuleManager: Shutting down and abandoning module Networking (180)
[2018.04.16-04.40.58:424][ 82]LogModuleManager: Shutting down and abandoning module Core (178)
[2018.04.16-04.40.58:424][ 82]LogModuleManager: Shutting down and abandoning module LevelSequence (176)
[2018.04.16-04.40.58:424][ 82]LogModuleManager: Shutting down and abandoning module KismetCompiler (174)
[2018.04.16-04.40.58:424][ 82]LogModuleManager: Shutting down and abandoning module MeshUtilities (172)
[2018.04.16-04.40.58:454][ 82]LogModuleManager: Shutting down and abandoning module MeshMergeUtilities (171)
[2018.04.16-04.40.58:455][ 82]LogModuleManager: Shutting down and abandoning module MeshReductionInterface (170)
[2018.04.16-04.40.58:455][ 82]LogModuleManager: Shutting down and abandoning module SimplygonSwarm (169)
[2018.04.16-04.40.58:460][ 82]LogModuleManager: Shutting down and abandoning module SimplygonMeshReduction (167)
[2018.04.16-04.40.58:460][ 82]LogModuleManager: Shutting down and abandoning module QuadricMeshReduction (165)
[2018.04.16-04.40.58:460][ 82]LogModuleManager: Shutting down and abandoning module MaterialBaking (161)
[2018.04.16-04.40.58:464][ 82]LogModuleManager: Shutting down and abandoning module DirectoryWatcher (157)
[2018.04.16-04.40.58:465][ 82]LogModuleManager: Shutting down and abandoning module DerivedDataCache (154)
[2018.04.16-04.40.58:563][ 82]LogDerivedDataCache: Shutdown
[2018.04.16-04.40.58:563][ 82]LogModuleManager: Shutting down and abandoning module XGEController (152)
[2018.04.16-04.40.58:563][ 82]LogXGEController: Cleaning working directory: C:/Users/chaka/AppData/Local/Temp/UnrealXGEWorkingDir/
[2018.04.16-04.40.58:563][ 82]LogModuleManager: Shutting down and abandoning module TargetPlatform (150)
[2018.04.16-04.40.58:563][ 82]LogModuleManager: Shutting down and abandoning module VulkanShaderFormat (149)
[2018.04.16-04.40.58:567][ 82]LogModuleManager: Shutting down and abandoning module ShaderFormatVectorVM (147)
[2018.04.16-04.40.58:578][ 82]LogModuleManager: Shutting down and abandoning module ShaderFormatOpenGL (145)
[2018.04.16-04.40.58:582][ 82]LogModuleManager: Shutting down and abandoning module ShaderFormatD3D (143)
[2018.04.16-04.40.58:582][ 82]LogModuleManager: Shutting down and abandoning module MetalShaderFormat (141)
[2018.04.16-04.40.58:599][ 82]LogModuleManager: Shutting down and abandoning module TextureFormatUncompressed (139)
[2018.04.16-04.40.58:599][ 82]LogModuleManager: Shutting down and abandoning module TextureFormatPVR (137)
[2018.04.16-04.40.58:599][ 82]LogModuleManager: Shutting down and abandoning module TextureFormatDXT (135)
[2018.04.16-04.40.58:599][ 82]LogModuleManager: Shutting down and abandoning module TextureFormatIntelISPCTexComp (133)
[2018.04.16-04.40.58:599][ 82]LogModuleManager: Shutting down and abandoning module TextureFormatASTC (131)
[2018.04.16-04.40.58:599][ 82]LogModuleManager: Shutting down and abandoning module ImageWrapper (130)
[2018.04.16-04.40.58:599][ 82]LogModuleManager: Shutting down and abandoning module TextureFormatAndroid (127)
[2018.04.16-04.40.58:599][ 82]LogModuleManager: Shutting down and abandoning module AudioFormatOpus (125)
[2018.04.16-04.40.58:599][ 82]LogModuleManager: Shutting down and abandoning module AudioFormatOgg (123)
[2018.04.16-04.40.58:599][ 82]LogModuleManager: Shutting down and abandoning module AudioFormatADPCM (121)
[2018.04.16-04.40.58:599][ 82]LogModuleManager: Shutting down and abandoning module LinuxTargetPlatform (119)
[2018.04.16-04.40.58:599][ 82]LogModuleManager: Shutting down and abandoning module LinuxServerTargetPlatform (117)
[2018.04.16-04.40.58:599][ 82]LogModuleManager: Shutting down and abandoning module LinuxNoEditorTargetPlatform (115)
[2018.04.16-04.40.58:599][ 82]LogModuleManager: Shutting down and abandoning module LinuxClientTargetPlatform (113)
[2018.04.16-04.40.58:600][ 82]LogModuleManager: Shutting down and abandoning module TVOSTargetPlatform (111)
[2018.04.16-04.40.58:600][ 82]LogModuleManager: Shutting down and abandoning module Messaging (109)
[2018.04.16-04.40.58:600][ 82]LogModuleManager: Shutting down and abandoning module IOSTargetPlatform (107)
[2018.04.16-04.40.58:600][ 82]LogModuleManager: Shutting down and abandoning module HTML5TargetPlatform (105)
[2018.04.16-04.40.58:600][ 82]LogModuleManager: Shutting down and abandoning module AndroidTargetPlatform (103)
[2018.04.16-04.40.58:600][ 82]LogModuleManager: Shutting down and abandoning module Android_PVRTCTargetPlatform (101)
[2018.04.16-04.40.58:600][ 82]LogModuleManager: Shutting down and abandoning module Android_MultiTargetPlatform (99)
[2018.04.16-04.40.58:600][ 82]LogModuleManager: Shutting down and abandoning module Android_ETC2TargetPlatform (97)
[2018.04.16-04.40.58:600][ 82]LogModuleManager: Shutting down and abandoning module Android_ETC1TargetPlatform (95)
[2018.04.16-04.40.58:600][ 82]LogModuleManager: Shutting down and abandoning module Android_ETC1aTargetPlatform (93)
[2018.04.16-04.40.58:600][ 82]LogModuleManager: Shutting down and abandoning module Android_DXTTargetPlatform (91)
[2018.04.16-04.40.58:600][ 82]LogModuleManager: Shutting down and abandoning module Android_ATCTargetPlatform (89)
[2018.04.16-04.40.58:600][ 82]LogModuleManager: Shutting down and abandoning module Android_ASTCTargetPlatform (87)
[2018.04.16-04.40.58:600][ 82]LogModuleManager: Shutting down and abandoning module WindowsTargetPlatform (85)
[2018.04.16-04.40.58:600][ 82]LogModuleManager: Shutting down and abandoning module WindowsServerTargetPlatform (83)
[2018.04.16-04.40.58:600][ 82]LogModuleManager: Shutting down and abandoning module WindowsNoEditorTargetPlatform (81)
[2018.04.16-04.40.58:600][ 82]LogModuleManager: Shutting down and abandoning module WindowsClientTargetPlatform (79)
[2018.04.16-04.40.58:600][ 82]LogModuleManager: Shutting down and abandoning module MacTargetPlatform (77)
[2018.04.16-04.40.58:600][ 82]LogModuleManager: Shutting down and abandoning module MacServerTargetPlatform (75)
[2018.04.16-04.40.58:600][ 82]LogModuleManager: Shutting down and abandoning module MacNoEditorTargetPlatform (73)
[2018.04.16-04.40.58:600][ 82]LogModuleManager: Shutting down and abandoning module MacClientTargetPlatform (71)
[2018.04.16-04.40.58:600][ 82]LogModuleManager: Shutting down and abandoning module AllDesktopTargetPlatform (69)
[2018.04.16-04.40.58:600][ 82]LogModuleManager: Shutting down and abandoning module InputCore (66)
[2018.04.16-04.40.58:600][ 82]LogModuleManager: Shutting down and abandoning module Settings (64)
[2018.04.16-04.40.58:600][ 82]LogModuleManager: Shutting down and abandoning module PhysXCooking (62)
[2018.04.16-04.40.58:600][ 82]LogModuleManager: Shutting down and abandoning module SteamVR (60)
[2018.04.16-04.40.58:600][ 82]LogModuleManager: Shutting down and abandoning module OculusHMD (58)
[2018.04.16-04.40.58:626][ 82]LogModuleManager: Shutting down and abandoning module ExampleDeviceProfileSelector (56)
[2018.04.16-04.40.58:626][ 82]LogModuleManager: Shutting down and abandoning module AppleARKit (54)
[2018.04.16-04.40.58:626][ 82]LogModuleManager: Shutting down and abandoning module AugmentedReality (51)
[2018.04.16-04.40.58:626][ 82]LogModuleManager: Shutting down and abandoning module OnlineBlueprintSupport (48)
[2018.04.16-04.40.58:626][ 82]LogModuleManager: Shutting down and abandoning module OnlineSubsystem (44)
[2018.04.16-04.40.58:668][ 82]LogModuleManager: Shutting down and abandoning module XMPP (43)
[2018.04.16-04.40.58:713][ 82]LogModuleManager: Shutting down and abandoning module HTTP (41)
[2018.04.16-04.40.58:713][ 82]LogHttp: Display: Http module shutting down, but needs to wait on 1 outstanding Http requests:
[2018.04.16-04.40.58:713][ 82]LogHttp: Display: 	verb=[POST] url=[https://datarouter.ol.epicgames.com/datarouter/api/v1/public/data?SessionID=%7BA028DB8B-499E-8B5A-E1C9-71A1AF0A95DD%7D&AppID=UEEditor.Rocket.Release&AppVersion=4.19.0-3944462%2B%2B%2BUE4%2BRelease-4.19&UserID=db9befb740e9dd7fde5884943e14d952%7C64a49a5851e94783bd39e2cbb65d425d%7C7e4d7464-4832-4603-a318-ac93bbc77250&AppEnvironment=datacollector-binary&UploadType=eteventstream] status=Processing
[2018.04.16-04.40.58:746][ 82]LogModuleManager: Shutting down and abandoning module SSL (40)
[2018.04.16-04.40.58:768][ 82]LogModuleManager: Shutting down and abandoning module AnimationModifiers (36)
[2018.04.16-04.40.58:784][ 82]LogModuleManager: Shutting down and abandoning module PropertyEditor (35)
[2018.04.16-04.40.58:808][ 82]LogModuleManager: Shutting down and abandoning module AudioEditor (32)
[2018.04.16-04.40.58:830][ 82]LogModuleManager: Shutting down and abandoning module TextureCompressor (30)
[2018.04.16-04.40.58:844][ 82]LogModuleManager: Shutting down and abandoning module ShaderCore (28)
[2018.04.16-04.40.58:844][ 82]LogModuleManager: Shutting down and abandoning module Landscape (26)
[2018.04.16-04.40.58:844][ 82]LogModuleManager: Shutting down and abandoning module SlateRHIRenderer (24)
[2018.04.16-04.40.58:863][ 82]LogModuleManager: Shutting down and abandoning module OpenGLDrv (22)
[2018.04.16-04.40.58:879][ 82]LogModuleManager: Shutting down and abandoning module D3D11RHI (20)
[2018.04.16-04.40.58:879][ 82]LogModuleManager: Shutting down and abandoning module AnimGraphRuntime (18)
[2018.04.16-04.40.58:892][ 82]LogModuleManager: Shutting down and abandoning module Renderer (16)
[2018.04.16-04.40.58:892][ 82]LogModuleManager: Shutting down and abandoning module Engine (14)
[2018.04.16-04.40.58:892][ 82]LogModuleManager: Shutting down and abandoning module CoreUObject (12)
[2018.04.16-04.40.58:892][ 82]LogModuleManager: Shutting down and abandoning module NetworkFile (10)
[2018.04.16-04.40.58:907][ 82]LogModuleManager: Shutting down and abandoning module CookedIterativeFile (8)
[2018.04.16-04.40.58:907][ 82]LogModuleManager: Shutting down and abandoning module StreamingFile (6)
[2018.04.16-04.40.58:914][ 82]LogModuleManager: Shutting down and abandoning module SandboxFile (4)
[2018.04.16-04.40.58:919][ 82]LogModuleManager: Shutting down and abandoning module PakFile (2)
[2018.04.16-04.40.58:932][ 82]LogExit: Exiting.
[2018.04.16-04.40.58:996][ 82]Log file closed, 04/16/18 13:40:58
